ARM GAS  C:\Users\igorn\AppData\Local\Temp\cc9Fto7d.s 			page 1


   1              		.cpu cortex-m4
   2              		.arch armv7e-m
   3              		.fpu fpv4-sp-d16
   4              		.eabi_attribute 27, 1
   5              		.eabi_attribute 28, 1
   6              		.eabi_attribute 20, 1
   7              		.eabi_attribute 21, 1
   8              		.eabi_attribute 23, 3
   9              		.eabi_attribute 24, 1
  10              		.eabi_attribute 25, 1
  11              		.eabi_attribute 26, 1
  12              		.eabi_attribute 30, 1
  13              		.eabi_attribute 34, 1
  14              		.eabi_attribute 18, 4
  15              		.file	"main.c"
  16              		.text
  17              	.Ltext0:
  18              		.cfi_sections	.debug_frame
  19              		.file 1 "Core/Src/main.c"
  20              		.section	.text.MX_GPIO_Init,"ax",%progbits
  21              		.align	1
  22              		.syntax unified
  23              		.thumb
  24              		.thumb_func
  26              	MX_GPIO_Init:
  27              	.LFB137:
   1:Core/Src/main.c **** /* USER CODE BEGIN Header */
   2:Core/Src/main.c **** /**
   3:Core/Src/main.c ****   ******************************************************************************
   4:Core/Src/main.c ****   * @file           : main.c
   5:Core/Src/main.c ****   * @brief          : Main program body
   6:Core/Src/main.c ****   ******************************************************************************
   7:Core/Src/main.c ****   * @attention
   8:Core/Src/main.c ****   *
   9:Core/Src/main.c ****   * Copyright (c) 2024 STMicroelectronics.
  10:Core/Src/main.c ****   * All rights reserved.
  11:Core/Src/main.c ****   *
  12:Core/Src/main.c ****   * This software is licensed under terms that can be found in the LICENSE file
  13:Core/Src/main.c ****   * in the root directory of this software component.
  14:Core/Src/main.c ****   * If no LICENSE file comes with this software, it is provided AS-IS.
  15:Core/Src/main.c ****   *
  16:Core/Src/main.c ****   ******************************************************************************
  17:Core/Src/main.c ****   */
  18:Core/Src/main.c **** /* USER CODE END Header */
  19:Core/Src/main.c **** /* Includes ------------------------------------------------------------------*/
  20:Core/Src/main.c **** #include "main.h"
  21:Core/Src/main.c **** 
  22:Core/Src/main.c **** /* Private includes ----------------------------------------------------------*/
  23:Core/Src/main.c **** /* USER CODE BEGIN Includes */
  24:Core/Src/main.c **** #include <../Src/NOS_LIB_Driver/Inc/NOS_Lib.h>
  25:Core/Src/main.c **** /* USER CODE END Includes */
  26:Core/Src/main.c **** 
  27:Core/Src/main.c **** /* Private typedef -----------------------------------------------------------*/
  28:Core/Src/main.c **** /* USER CODE BEGIN PTD */
  29:Core/Src/main.c **** 
  30:Core/Src/main.c **** /* USER CODE END PTD */
  31:Core/Src/main.c **** 
ARM GAS  C:\Users\igorn\AppData\Local\Temp\cc9Fto7d.s 			page 2


  32:Core/Src/main.c **** /* Private define ------------------------------------------------------------*/
  33:Core/Src/main.c **** /* USER CODE BEGIN PD */
  34:Core/Src/main.c **** 
  35:Core/Src/main.c **** /* USER CODE END PD */
  36:Core/Src/main.c **** 
  37:Core/Src/main.c **** /* Private macro -------------------------------------------------------------*/
  38:Core/Src/main.c **** /* USER CODE BEGIN PM */
  39:Core/Src/main.c **** 
  40:Core/Src/main.c **** /* USER CODE END PM */
  41:Core/Src/main.c **** 
  42:Core/Src/main.c **** /* Private variables ---------------------------------------------------------*/
  43:Core/Src/main.c **** SPI_HandleTypeDef hspi1;
  44:Core/Src/main.c **** 
  45:Core/Src/main.c **** TIM_HandleTypeDef htim6;
  46:Core/Src/main.c **** 
  47:Core/Src/main.c **** UART_HandleTypeDef huart2;
  48:Core/Src/main.c **** 
  49:Core/Src/main.c **** PCD_HandleTypeDef hpcd_USB_OTG_FS;
  50:Core/Src/main.c **** 
  51:Core/Src/main.c **** /* USER CODE BEGIN PV */
  52:Core/Src/main.c **** extern uint8_t frameBuffer1[3 * 256];
  53:Core/Src/main.c **** 
  54:Core/Src/main.c **** NOS_TimeEvent tetrisUpdateEvent = {0};
  55:Core/Src/main.c **** NOS_TimeEvent screenUpdateEvent = {0};
  56:Core/Src/main.c **** NOS_TimeEvent uartTestEvent = {0};
  57:Core/Src/main.c **** 
  58:Core/Src/main.c **** WS2812B_Strip stripA = {0};
  59:Core/Src/main.c **** PixelColor pixelsA[128];
  60:Core/Src/main.c **** 
  61:Core/Src/main.c **** NOS_UART_Struct UART2;
  62:Core/Src/main.c **** 
  63:Core/Src/main.c **** int receiveTime = 0;
  64:Core/Src/main.c **** 
  65:Core/Src/main.c **** SinValue bright = {0};
  66:Core/Src/main.c **** 
  67:Core/Src/main.c **** NOS_Button button = {0};
  68:Core/Src/main.c **** 
  69:Core/Src/main.c **** GPIO_PIN PA6 = {0};
  70:Core/Src/main.c **** GPIO_PIN PA7 = {0};
  71:Core/Src/main.c **** GPIO_PIN PE3 = {0};
  72:Core/Src/main.c **** GPIO_PIN PE4 = {0};
  73:Core/Src/main.c **** 
  74:Core/Src/main.c **** int uartPixelCount = 0;
  75:Core/Src/main.c **** 
  76:Core/Src/main.c **** int currColor = 0;
  77:Core/Src/main.c **** int buttonDelay = 0;
  78:Core/Src/main.c **** 
  79:Core/Src/main.c **** Effect_Struct breatheA = {0};
  80:Core/Src/main.c **** 
  81:Core/Src/main.c **** NOS_Short value;
  82:Core/Src/main.c **** /* USER CODE END PV */
  83:Core/Src/main.c **** 
  84:Core/Src/main.c **** /* Private function prototypes -----------------------------------------------*/
  85:Core/Src/main.c **** void SystemClock_Config(void);
  86:Core/Src/main.c **** static void MX_GPIO_Init(void);
  87:Core/Src/main.c **** static void MX_USART2_UART_Init(void);
  88:Core/Src/main.c **** static void MX_TIM6_Init(void);
ARM GAS  C:\Users\igorn\AppData\Local\Temp\cc9Fto7d.s 			page 3


  89:Core/Src/main.c **** static void MX_SPI1_Init(void);
  90:Core/Src/main.c **** static void MX_USB_OTG_FS_PCD_Init(void);
  91:Core/Src/main.c **** /* USER CODE BEGIN PFP */
  92:Core/Src/main.c **** 
  93:Core/Src/main.c **** /* USER CODE END PFP */
  94:Core/Src/main.c **** 
  95:Core/Src/main.c **** /* Private user code ---------------------------------------------------------*/
  96:Core/Src/main.c **** /* USER CODE BEGIN 0 */
  97:Core/Src/main.c **** void HAL_UART_RxCpltCallback(UART_HandleTypeDef* huart) {
  98:Core/Src/main.c ****     NOS_UART_ReceiveHandler(&UART2,huart);
  99:Core/Src/main.c **** }
 100:Core/Src/main.c **** 
 101:Core/Src/main.c ****   bool tick = false;
 102:Core/Src/main.c **** /* USER CODE END 0 */
 103:Core/Src/main.c ****       PixelColor red = {0xFF,0x00,0x00};
 104:Core/Src/main.c **** /**
 105:Core/Src/main.c ****   * @brief  The application entry point.
 106:Core/Src/main.c ****   * @retval int
 107:Core/Src/main.c ****   */
 108:Core/Src/main.c **** int main(void)
 109:Core/Src/main.c **** {
 110:Core/Src/main.c ****   /* USER CODE BEGIN 1 */
 111:Core/Src/main.c **** 
 112:Core/Src/main.c ****   /* USER CODE END 1 */
 113:Core/Src/main.c **** 
 114:Core/Src/main.c ****   /* MCU Configuration--------------------------------------------------------*/
 115:Core/Src/main.c **** 
 116:Core/Src/main.c ****   /* Reset of all peripherals, Initializes the Flash interface and the Systick. */
 117:Core/Src/main.c ****   HAL_Init();
 118:Core/Src/main.c **** 
 119:Core/Src/main.c ****   /* USER CODE BEGIN Init */
 120:Core/Src/main.c **** 
 121:Core/Src/main.c ****   /* USER CODE END Init */
 122:Core/Src/main.c **** 
 123:Core/Src/main.c ****   /* Configure the system clock */
 124:Core/Src/main.c ****   SystemClock_Config();
 125:Core/Src/main.c **** 
 126:Core/Src/main.c ****   /* USER CODE BEGIN SysInit */
 127:Core/Src/main.c **** 
 128:Core/Src/main.c ****   /* USER CODE END SysInit */
 129:Core/Src/main.c **** 
 130:Core/Src/main.c ****   /* Initialize all configured peripherals */
 131:Core/Src/main.c ****   MX_GPIO_Init();
 132:Core/Src/main.c ****   MX_USART2_UART_Init();
 133:Core/Src/main.c ****   //MX_TIM6_Init();
 134:Core/Src/main.c ****   //MX_SPI1_Init();
 135:Core/Src/main.c ****   //MX_USB_OTG_FS_PCD_Init();
 136:Core/Src/main.c ****   /* USER CODE BEGIN 2 */
 137:Core/Src/main.c ****   HAL_UART_Receive_IT(&huart2,UART2.rx_buff,1);
 138:Core/Src/main.c ****   HAL_UART_Transmit(&huart2,"HELLO",sizeof("HELLO"),1000);
 139:Core/Src/main.c ****   visInit();
 140:Core/Src/main.c **** 
 141:Core/Src/main.c ****   NOS_WS2812B_Strip_FullInit(&stripA,&frameBuffer1,&pixelsA,128);
 142:Core/Src/main.c **** 
 143:Core/Src/main.c ****   NOS_TimeEvent_Init(&tetrisUpdateEvent, 50);
 144:Core/Src/main.c ****   NOS_TimeEvent_Init(&screenUpdateEvent, 20);
 145:Core/Src/main.c ****   NOS_TimeEvent_Init(&uartTestEvent, 1000);
ARM GAS  C:\Users\igorn\AppData\Local\Temp\cc9Fto7d.s 			page 4


 146:Core/Src/main.c ****   //NOS_WS2812B_Strip_TestFill(&stripA);
 147:Core/Src/main.c **** 
 148:Core/Src/main.c ****   NOS_Math_SinValue_Init(&bright,65,75,1);
 149:Core/Src/main.c **** 
 150:Core/Src/main.c ****   NOS_GPIO_PinInit(&PE3,GPIOE,GPIO_PIN_3,Input);
 151:Core/Src/main.c ****   NOS_GPIO_PinInit(&PE4,GPIOE,GPIO_PIN_4,Input);
 152:Core/Src/main.c **** 
 153:Core/Src/main.c ****   NOS_Button_Init(&button,GPIO_PIN_RESET);
 154:Core/Src/main.c **** 
 155:Core/Src/main.c ****   NOS_GPIO_PinInit(&PA6,GPIOA,GPIO_PIN_6,Output);
 156:Core/Src/main.c ****   NOS_GPIO_PinInit(&PA7,GPIOA,GPIO_PIN_7,Output);
 157:Core/Src/main.c **** 
 158:Core/Src/main.c ****   NOS_UART_ReceiveAbort(&UART2);
 159:Core/Src/main.c **** 
 160:Core/Src/main.c ****   //NOS_WS2812B_Strip_ColorFill(&stripA,red);
 161:Core/Src/main.c **** 
 162:Core/Src/main.c ****   //addr count1 count0 0x50 speed1 speed0 step1 step0 min1 min0 max1 max0 
 163:Core/Src/main.c ****   NOS_WS2812B_Strip_Effect_Breathe_Init(&breatheA,20,1,30,100);
 164:Core/Src/main.c ****   NOS_WS2812B_Strip_Effects_AddEffect(&stripA,breatheA);
 165:Core/Src/main.c ****   
 166:Core/Src/main.c ****   NOS_WS2812B_Strip_Update(&stripA);
 167:Core/Src/main.c ****   /* USER CODE END 2 */
 168:Core/Src/main.c **** 
 169:Core/Src/main.c ****   /* Infinite loop */
 170:Core/Src/main.c ****   /* USER CODE BEGIN WHILE */
 171:Core/Src/main.c ****   while (1)
 172:Core/Src/main.c ****   {
 173:Core/Src/main.c ****     if(tick)
 174:Core/Src/main.c ****     {
 175:Core/Src/main.c ****           NOS_UART_Timer_Handler(&UART2);
 176:Core/Src/main.c ****           NOS_TimeEvent_TickHandler(&tetrisUpdateEvent);
 177:Core/Src/main.c ****           NOS_TimeEvent_TickHandler(&screenUpdateEvent);
 178:Core/Src/main.c ****           //NOS_Button_TimerHandler(&button);
 179:Core/Src/main.c ****           NOS_WS2812B_Strip_Effects_Handler(&stripA);
 180:Core/Src/main.c **** 
 181:Core/Src/main.c ****           tick = false;
 182:Core/Src/main.c ****     }
 183:Core/Src/main.c **** 
 184:Core/Src/main.c ****     if(NOS_UART_CheckReceive(&UART2))
 185:Core/Src/main.c ****     {
 186:Core/Src/main.c ****       
 187:Core/Src/main.c ****       if(NOS_Strip_Uart_ParseCommand(&stripA,NOS_UART_GetReceivedData(&UART2)) == "ready!")
 188:Core/Src/main.c ****       {
 189:Core/Src/main.c ****         HAL_UART_Transmit(&huart2,"ready!",7,1000);
 190:Core/Src/main.c ****       }
 191:Core/Src/main.c ****       
 192:Core/Src/main.c ****       NOS_UART_EndReceive(&UART2);
 193:Core/Src/main.c ****       HAL_GPIO_TogglePin(GPIOA,GPIO_PIN_7);
 194:Core/Src/main.c ****       //HAL_UART_Transmit(&huart2,"ready!",7,1000);
 195:Core/Src/main.c ****       NOS_WS2812B_Strip_Update(&stripA);
 196:Core/Src/main.c ****       visHandle();
 197:Core/Src/main.c ****     }
 198:Core/Src/main.c **** 
 199:Core/Src/main.c ****     if (NOS_TimeEvent_Check(&tetrisUpdateEvent))
 200:Core/Src/main.c ****     { 
 201:Core/Src/main.c ****       //NOS_Math_SinValue_Handler(&bright);
 202:Core/Src/main.c **** 
ARM GAS  C:\Users\igorn\AppData\Local\Temp\cc9Fto7d.s 			page 5


 203:Core/Src/main.c ****   
 204:Core/Src/main.c ****       NOS_TimeEvent_FinishEvent(&tetrisUpdateEvent);
 205:Core/Src/main.c ****     }
 206:Core/Src/main.c ****     
 207:Core/Src/main.c ****     if (NOS_TimeEvent_Check(&screenUpdateEvent))
 208:Core/Src/main.c ****     {
 209:Core/Src/main.c ****       //NOS_WS2812B_Strip_ColorFill(&stripA,red);
 210:Core/Src/main.c ****       //stripA.bright = NOS_Math_GetSinValue(&bright);
 211:Core/Src/main.c ****       NOS_WS2812B_Strip_Update(&stripA);
 212:Core/Src/main.c ****       visHandle();
 213:Core/Src/main.c ****       NOS_TimeEvent_FinishEvent(&screenUpdateEvent);
 214:Core/Src/main.c ****     }
 215:Core/Src/main.c **** 
 216:Core/Src/main.c ****     if(NOS_Button_CheckPressDone(&button))
 217:Core/Src/main.c ****     {
 218:Core/Src/main.c ****       if(currColor < 11)
 219:Core/Src/main.c ****       {
 220:Core/Src/main.c ****         currColor++;
 221:Core/Src/main.c ****       }
 222:Core/Src/main.c ****       else
 223:Core/Src/main.c ****       {
 224:Core/Src/main.c ****         currColor = 0;
 225:Core/Src/main.c ****       }
 226:Core/Src/main.c ****       NOS_WS2812B_Strip_ColorFill(&stripA,NOS_GetBaseColor(currColor));
 227:Core/Src/main.c ****       NOS_Button_PressDoneHandler(&button);
 228:Core/Src/main.c ****     }
 229:Core/Src/main.c **** 
 230:Core/Src/main.c **** 
 231:Core/Src/main.c **** 
 232:Core/Src/main.c **** 
 233:Core/Src/main.c **** 
 234:Core/Src/main.c ****     /* USER CODE END WHILE */
 235:Core/Src/main.c **** 
 236:Core/Src/main.c ****     /* USER CODE BEGIN 3 */
 237:Core/Src/main.c ****   }
 238:Core/Src/main.c ****   /* USER CODE END 3 */
 239:Core/Src/main.c **** 
 240:Core/Src/main.c ****   
 241:Core/Src/main.c **** }
 242:Core/Src/main.c **** 
 243:Core/Src/main.c **** /**
 244:Core/Src/main.c ****   * @brief System Clock Configuration
 245:Core/Src/main.c ****   * @retval None
 246:Core/Src/main.c ****   */
 247:Core/Src/main.c **** void SystemClock_Config(void)
 248:Core/Src/main.c **** {
 249:Core/Src/main.c ****   RCC_OscInitTypeDef RCC_OscInitStruct = {0};
 250:Core/Src/main.c ****   RCC_ClkInitTypeDef RCC_ClkInitStruct = {0};
 251:Core/Src/main.c **** 
 252:Core/Src/main.c ****   /** Configure the main internal regulator output voltage
 253:Core/Src/main.c ****   */
 254:Core/Src/main.c ****   __HAL_RCC_PWR_CLK_ENABLE();
 255:Core/Src/main.c ****   __HAL_PWR_VOLTAGESCALING_CONFIG(PWR_REGULATOR_VOLTAGE_SCALE1);
 256:Core/Src/main.c ****   /** Initializes the RCC Oscillators according to the specified parameters
 257:Core/Src/main.c ****   * in the RCC_OscInitTypeDef structure.
 258:Core/Src/main.c ****   */
 259:Core/Src/main.c ****   RCC_OscInitStruct.OscillatorType = RCC_OSCILLATORTYPE_HSI;
ARM GAS  C:\Users\igorn\AppData\Local\Temp\cc9Fto7d.s 			page 6


 260:Core/Src/main.c ****   RCC_OscInitStruct.HSIState = RCC_HSI_ON;
 261:Core/Src/main.c ****   RCC_OscInitStruct.HSICalibrationValue = RCC_HSICALIBRATION_DEFAULT;
 262:Core/Src/main.c ****   RCC_OscInitStruct.PLL.PLLState = RCC_PLL_ON;
 263:Core/Src/main.c ****   RCC_OscInitStruct.PLL.PLLSource = RCC_PLLSOURCE_HSI;
 264:Core/Src/main.c ****   RCC_OscInitStruct.PLL.PLLM = 8;
 265:Core/Src/main.c ****   RCC_OscInitStruct.PLL.PLLN = 168;
 266:Core/Src/main.c ****   RCC_OscInitStruct.PLL.PLLP = RCC_PLLP_DIV2;
 267:Core/Src/main.c ****   RCC_OscInitStruct.PLL.PLLQ = 4;
 268:Core/Src/main.c ****   if (HAL_RCC_OscConfig(&RCC_OscInitStruct) != HAL_OK)
 269:Core/Src/main.c ****   {
 270:Core/Src/main.c ****     Error_Handler();
 271:Core/Src/main.c ****   }
 272:Core/Src/main.c ****   /** Initializes the CPU, AHB and APB buses clocks
 273:Core/Src/main.c ****   */
 274:Core/Src/main.c ****   RCC_ClkInitStruct.ClockType = RCC_CLOCKTYPE_HCLK|RCC_CLOCKTYPE_SYSCLK
 275:Core/Src/main.c ****                               |RCC_CLOCKTYPE_PCLK1|RCC_CLOCKTYPE_PCLK2;
 276:Core/Src/main.c ****   RCC_ClkInitStruct.SYSCLKSource = RCC_SYSCLKSOURCE_PLLCLK;
 277:Core/Src/main.c ****   RCC_ClkInitStruct.AHBCLKDivider = RCC_SYSCLK_DIV1;
 278:Core/Src/main.c ****   RCC_ClkInitStruct.APB1CLKDivider = RCC_HCLK_DIV4;
 279:Core/Src/main.c ****   RCC_ClkInitStruct.APB2CLKDivider = RCC_HCLK_DIV2;
 280:Core/Src/main.c **** 
 281:Core/Src/main.c ****   if (HAL_RCC_ClockConfig(&RCC_ClkInitStruct, FLASH_LATENCY_5) != HAL_OK)
 282:Core/Src/main.c ****   {
 283:Core/Src/main.c ****     Error_Handler();
 284:Core/Src/main.c ****   }
 285:Core/Src/main.c **** }
 286:Core/Src/main.c **** 
 287:Core/Src/main.c **** 
 288:Core/Src/main.c **** /**
 289:Core/Src/main.c ****   * @brief SPI1 Initialization Function
 290:Core/Src/main.c ****   * @param None
 291:Core/Src/main.c ****   * @retval None
 292:Core/Src/main.c ****   */
 293:Core/Src/main.c **** static void MX_SPI1_Init(void)
 294:Core/Src/main.c **** {
 295:Core/Src/main.c **** 
 296:Core/Src/main.c ****   /* USER CODE BEGIN SPI1_Init 0 */
 297:Core/Src/main.c **** 
 298:Core/Src/main.c ****   /* USER CODE END SPI1_Init 0 */
 299:Core/Src/main.c **** 
 300:Core/Src/main.c ****   /* USER CODE BEGIN SPI1_Init 1 */
 301:Core/Src/main.c **** 
 302:Core/Src/main.c ****   /* USER CODE END SPI1_Init 1 */
 303:Core/Src/main.c ****   /* SPI1 parameter configuration*/
 304:Core/Src/main.c ****   hspi1.Instance = SPI1;
 305:Core/Src/main.c ****   hspi1.Init.Mode = SPI_MODE_MASTER;
 306:Core/Src/main.c ****   hspi1.Init.Direction = SPI_DIRECTION_2LINES;
 307:Core/Src/main.c ****   hspi1.Init.DataSize = SPI_DATASIZE_8BIT;
 308:Core/Src/main.c ****   hspi1.Init.CLKPolarity = SPI_POLARITY_LOW;
 309:Core/Src/main.c ****   hspi1.Init.CLKPhase = SPI_PHASE_1EDGE;
 310:Core/Src/main.c ****   hspi1.Init.NSS = SPI_NSS_SOFT;
 311:Core/Src/main.c ****   hspi1.Init.BaudRatePrescaler = SPI_BAUDRATEPRESCALER_2;
 312:Core/Src/main.c ****   hspi1.Init.FirstBit = SPI_FIRSTBIT_MSB;
 313:Core/Src/main.c ****   hspi1.Init.TIMode = SPI_TIMODE_DISABLE;
 314:Core/Src/main.c ****   hspi1.Init.CRCCalculation = SPI_CRCCALCULATION_DISABLE;
 315:Core/Src/main.c ****   hspi1.Init.CRCPolynomial = 10;
 316:Core/Src/main.c ****   if (HAL_SPI_Init(&hspi1) != HAL_OK)
ARM GAS  C:\Users\igorn\AppData\Local\Temp\cc9Fto7d.s 			page 7


 317:Core/Src/main.c ****   {
 318:Core/Src/main.c ****     Error_Handler();
 319:Core/Src/main.c ****   }
 320:Core/Src/main.c ****   /* USER CODE BEGIN SPI1_Init 2 */
 321:Core/Src/main.c **** 
 322:Core/Src/main.c ****   /* USER CODE END SPI1_Init 2 */
 323:Core/Src/main.c **** 
 324:Core/Src/main.c **** }
 325:Core/Src/main.c **** 
 326:Core/Src/main.c **** /**
 327:Core/Src/main.c ****   * @brief TIM6 Initialization Function
 328:Core/Src/main.c ****   * @param None
 329:Core/Src/main.c ****   * @retval None
 330:Core/Src/main.c ****   */
 331:Core/Src/main.c **** static void MX_TIM6_Init(void)
 332:Core/Src/main.c **** {
 333:Core/Src/main.c **** 
 334:Core/Src/main.c ****   /* USER CODE BEGIN TIM6_Init 0 */
 335:Core/Src/main.c **** 
 336:Core/Src/main.c ****   /* USER CODE END TIM6_Init 0 */
 337:Core/Src/main.c **** 
 338:Core/Src/main.c ****   TIM_MasterConfigTypeDef sMasterConfig = {0};
 339:Core/Src/main.c **** 
 340:Core/Src/main.c ****   /* USER CODE BEGIN TIM6_Init 1 */
 341:Core/Src/main.c **** 
 342:Core/Src/main.c ****   /* USER CODE END TIM6_Init 1 */
 343:Core/Src/main.c ****   htim6.Instance = TIM6;
 344:Core/Src/main.c ****   htim6.Init.Prescaler = 0;
 345:Core/Src/main.c ****   htim6.Init.CounterMode = TIM_COUNTERMODE_UP;
 346:Core/Src/main.c ****   htim6.Init.Period = 65535;
 347:Core/Src/main.c ****   htim6.Init.AutoReloadPreload = TIM_AUTORELOAD_PRELOAD_DISABLE;
 348:Core/Src/main.c ****   if (HAL_TIM_Base_Init(&htim6) != HAL_OK)
 349:Core/Src/main.c ****   {
 350:Core/Src/main.c ****     Error_Handler();
 351:Core/Src/main.c ****   }
 352:Core/Src/main.c ****   sMasterConfig.MasterOutputTrigger = TIM_TRGO_RESET;
 353:Core/Src/main.c ****   sMasterConfig.MasterSlaveMode = TIM_MASTERSLAVEMODE_DISABLE;
 354:Core/Src/main.c ****   if (HAL_TIMEx_MasterConfigSynchronization(&htim6, &sMasterConfig) != HAL_OK)
 355:Core/Src/main.c ****   {
 356:Core/Src/main.c ****     Error_Handler();
 357:Core/Src/main.c ****   }
 358:Core/Src/main.c ****   /* USER CODE BEGIN TIM6_Init 2 */
 359:Core/Src/main.c **** 
 360:Core/Src/main.c ****   /* USER CODE END TIM6_Init 2 */
 361:Core/Src/main.c **** 
 362:Core/Src/main.c **** }
 363:Core/Src/main.c **** 
 364:Core/Src/main.c **** /**
 365:Core/Src/main.c ****   * @brief USART2 Initialization Function
 366:Core/Src/main.c ****   * @param None
 367:Core/Src/main.c ****   * @retval None
 368:Core/Src/main.c ****   */
 369:Core/Src/main.c **** static void MX_USART2_UART_Init(void)
 370:Core/Src/main.c **** {
 371:Core/Src/main.c **** 
 372:Core/Src/main.c ****   /* USER CODE BEGIN USART2_Init 0 */
 373:Core/Src/main.c **** 
ARM GAS  C:\Users\igorn\AppData\Local\Temp\cc9Fto7d.s 			page 8


 374:Core/Src/main.c ****   /* USER CODE END USART2_Init 0 */
 375:Core/Src/main.c **** 
 376:Core/Src/main.c ****   /* USER CODE BEGIN USART2_Init 1 */
 377:Core/Src/main.c **** 
 378:Core/Src/main.c ****   /* USER CODE END USART2_Init 1 */
 379:Core/Src/main.c ****   huart2.Instance = USART2;
 380:Core/Src/main.c ****   huart2.Init.BaudRate = 115200;
 381:Core/Src/main.c ****   huart2.Init.WordLength = UART_WORDLENGTH_8B;
 382:Core/Src/main.c ****   huart2.Init.StopBits = UART_STOPBITS_1;
 383:Core/Src/main.c ****   huart2.Init.Parity = UART_PARITY_NONE;
 384:Core/Src/main.c ****   huart2.Init.Mode = UART_MODE_TX_RX;
 385:Core/Src/main.c ****   huart2.Init.HwFlowCtl = UART_HWCONTROL_NONE;
 386:Core/Src/main.c ****   huart2.Init.OverSampling = UART_OVERSAMPLING_16;
 387:Core/Src/main.c ****   if (HAL_UART_Init(&huart2) != HAL_OK)
 388:Core/Src/main.c ****   {
 389:Core/Src/main.c ****     Error_Handler();
 390:Core/Src/main.c ****   }
 391:Core/Src/main.c ****   /* USER CODE BEGIN USART2_Init 2 */
 392:Core/Src/main.c **** 
 393:Core/Src/main.c ****   /* USER CODE END USART2_Init 2 */
 394:Core/Src/main.c **** 
 395:Core/Src/main.c **** }
 396:Core/Src/main.c **** 
 397:Core/Src/main.c **** /**
 398:Core/Src/main.c ****   * @brief USB_OTG_FS Initialization Function
 399:Core/Src/main.c ****   * @param None
 400:Core/Src/main.c ****   * @retval None
 401:Core/Src/main.c ****   */
 402:Core/Src/main.c **** static void MX_USB_OTG_FS_PCD_Init(void)
 403:Core/Src/main.c **** {
 404:Core/Src/main.c **** 
 405:Core/Src/main.c ****   /* USER CODE BEGIN USB_OTG_FS_Init 0 */
 406:Core/Src/main.c **** 
 407:Core/Src/main.c ****   /* USER CODE END USB_OTG_FS_Init 0 */
 408:Core/Src/main.c **** 
 409:Core/Src/main.c ****   /* USER CODE BEGIN USB_OTG_FS_Init 1 */
 410:Core/Src/main.c **** 
 411:Core/Src/main.c ****   /* USER CODE END USB_OTG_FS_Init 1 */
 412:Core/Src/main.c ****   hpcd_USB_OTG_FS.Instance = USB_OTG_FS;
 413:Core/Src/main.c ****   hpcd_USB_OTG_FS.Init.dev_endpoints = 4;
 414:Core/Src/main.c ****   hpcd_USB_OTG_FS.Init.speed = PCD_SPEED_FULL;
 415:Core/Src/main.c ****   hpcd_USB_OTG_FS.Init.dma_enable = DISABLE;
 416:Core/Src/main.c ****   hpcd_USB_OTG_FS.Init.phy_itface = PCD_PHY_EMBEDDED;
 417:Core/Src/main.c ****   hpcd_USB_OTG_FS.Init.Sof_enable = DISABLE;
 418:Core/Src/main.c ****   hpcd_USB_OTG_FS.Init.low_power_enable = DISABLE;
 419:Core/Src/main.c ****   hpcd_USB_OTG_FS.Init.lpm_enable = DISABLE;
 420:Core/Src/main.c ****   hpcd_USB_OTG_FS.Init.vbus_sensing_enable = DISABLE;
 421:Core/Src/main.c ****   hpcd_USB_OTG_FS.Init.use_dedicated_ep1 = DISABLE;
 422:Core/Src/main.c ****   if (HAL_PCD_Init(&hpcd_USB_OTG_FS) != HAL_OK)
 423:Core/Src/main.c ****   {
 424:Core/Src/main.c ****     Error_Handler();
 425:Core/Src/main.c ****   }
 426:Core/Src/main.c ****   /* USER CODE BEGIN USB_OTG_FS_Init 2 */
 427:Core/Src/main.c **** 
 428:Core/Src/main.c ****   /* USER CODE END USB_OTG_FS_Init 2 */
 429:Core/Src/main.c **** 
 430:Core/Src/main.c **** }
ARM GAS  C:\Users\igorn\AppData\Local\Temp\cc9Fto7d.s 			page 9


 431:Core/Src/main.c **** 
 432:Core/Src/main.c **** /**
 433:Core/Src/main.c ****   * @brief GPIO Initialization Function
 434:Core/Src/main.c ****   * @param None
 435:Core/Src/main.c ****   * @retval None
 436:Core/Src/main.c ****   */
 437:Core/Src/main.c **** static void MX_GPIO_Init(void)
 438:Core/Src/main.c **** {
  28              		.loc 1 438 1 view -0
  29              		.cfi_startproc
  30              		@ args = 0, pretend = 0, frame = 40
  31              		@ frame_needed = 0, uses_anonymous_args = 0
  32              		@ link register save eliminated.
  33 0000 8AB0     		sub	sp, sp, #40
  34              		.cfi_def_cfa_offset 40
 439:Core/Src/main.c ****   GPIO_InitTypeDef GPIO_InitStruct = {0};
  35              		.loc 1 439 3 view .LVU1
  36              		.loc 1 439 20 is_stmt 0 view .LVU2
  37 0002 0022     		movs	r2, #0
  38 0004 0592     		str	r2, [sp, #20]
  39 0006 0692     		str	r2, [sp, #24]
  40 0008 0792     		str	r2, [sp, #28]
  41 000a 0892     		str	r2, [sp, #32]
  42 000c 0992     		str	r2, [sp, #36]
 440:Core/Src/main.c **** /* USER CODE BEGIN MX_GPIO_Init_1 */
 441:Core/Src/main.c **** /* USER CODE END MX_GPIO_Init_1 */
 442:Core/Src/main.c **** 
 443:Core/Src/main.c ****   /* GPIO Ports Clock Enable */
 444:Core/Src/main.c ****   __HAL_RCC_GPIOE_CLK_ENABLE();
  43              		.loc 1 444 3 is_stmt 1 view .LVU3
  44              	.LBB4:
  45              		.loc 1 444 3 view .LVU4
  46 000e 0092     		str	r2, [sp]
  47              		.loc 1 444 3 view .LVU5
  48 0010 194B     		ldr	r3, .L3
  49 0012 196B     		ldr	r1, [r3, #48]
  50 0014 41F01001 		orr	r1, r1, #16
  51 0018 1963     		str	r1, [r3, #48]
  52              		.loc 1 444 3 view .LVU6
  53 001a 196B     		ldr	r1, [r3, #48]
  54 001c 01F01001 		and	r1, r1, #16
  55 0020 0091     		str	r1, [sp]
  56              		.loc 1 444 3 view .LVU7
  57 0022 0099     		ldr	r1, [sp]
  58              	.LBE4:
  59              		.loc 1 444 3 view .LVU8
 445:Core/Src/main.c ****   __HAL_RCC_GPIOC_CLK_ENABLE();
  60              		.loc 1 445 3 view .LVU9
  61              	.LBB5:
  62              		.loc 1 445 3 view .LVU10
  63 0024 0192     		str	r2, [sp, #4]
  64              		.loc 1 445 3 view .LVU11
  65 0026 196B     		ldr	r1, [r3, #48]
  66 0028 41F00401 		orr	r1, r1, #4
  67 002c 1963     		str	r1, [r3, #48]
  68              		.loc 1 445 3 view .LVU12
  69 002e 196B     		ldr	r1, [r3, #48]
ARM GAS  C:\Users\igorn\AppData\Local\Temp\cc9Fto7d.s 			page 10


  70 0030 01F00401 		and	r1, r1, #4
  71 0034 0191     		str	r1, [sp, #4]
  72              		.loc 1 445 3 view .LVU13
  73 0036 0199     		ldr	r1, [sp, #4]
  74              	.LBE5:
  75              		.loc 1 445 3 view .LVU14
 446:Core/Src/main.c ****   __HAL_RCC_GPIOH_CLK_ENABLE();
  76              		.loc 1 446 3 view .LVU15
  77              	.LBB6:
  78              		.loc 1 446 3 view .LVU16
  79 0038 0292     		str	r2, [sp, #8]
  80              		.loc 1 446 3 view .LVU17
  81 003a 196B     		ldr	r1, [r3, #48]
  82 003c 41F08001 		orr	r1, r1, #128
  83 0040 1963     		str	r1, [r3, #48]
  84              		.loc 1 446 3 view .LVU18
  85 0042 196B     		ldr	r1, [r3, #48]
  86 0044 01F08001 		and	r1, r1, #128
  87 0048 0291     		str	r1, [sp, #8]
  88              		.loc 1 446 3 view .LVU19
  89 004a 0299     		ldr	r1, [sp, #8]
  90              	.LBE6:
  91              		.loc 1 446 3 view .LVU20
 447:Core/Src/main.c ****   __HAL_RCC_GPIOA_CLK_ENABLE();
  92              		.loc 1 447 3 view .LVU21
  93              	.LBB7:
  94              		.loc 1 447 3 view .LVU22
  95 004c 0392     		str	r2, [sp, #12]
  96              		.loc 1 447 3 view .LVU23
  97 004e 196B     		ldr	r1, [r3, #48]
  98 0050 41F00101 		orr	r1, r1, #1
  99 0054 1963     		str	r1, [r3, #48]
 100              		.loc 1 447 3 view .LVU24
 101 0056 196B     		ldr	r1, [r3, #48]
 102 0058 01F00101 		and	r1, r1, #1
 103 005c 0391     		str	r1, [sp, #12]
 104              		.loc 1 447 3 view .LVU25
 105 005e 0399     		ldr	r1, [sp, #12]
 106              	.LBE7:
 107              		.loc 1 447 3 view .LVU26
 448:Core/Src/main.c ****   __HAL_RCC_GPIOB_CLK_ENABLE();
 108              		.loc 1 448 3 view .LVU27
 109              	.LBB8:
 110              		.loc 1 448 3 view .LVU28
 111 0060 0492     		str	r2, [sp, #16]
 112              		.loc 1 448 3 view .LVU29
 113 0062 1A6B     		ldr	r2, [r3, #48]
 114 0064 42F00202 		orr	r2, r2, #2
 115 0068 1A63     		str	r2, [r3, #48]
 116              		.loc 1 448 3 view .LVU30
 117 006a 1B6B     		ldr	r3, [r3, #48]
 118 006c 03F00203 		and	r3, r3, #2
 119 0070 0493     		str	r3, [sp, #16]
 120              		.loc 1 448 3 view .LVU31
 121 0072 049B     		ldr	r3, [sp, #16]
 122              	.LBE8:
 123              		.loc 1 448 3 view .LVU32
ARM GAS  C:\Users\igorn\AppData\Local\Temp\cc9Fto7d.s 			page 11


 449:Core/Src/main.c **** 
 450:Core/Src/main.c ****   /*Configure GPIO pins : PE3 PE4 */
 451:Core/Src/main.c **** 
 452:Core/Src/main.c **** /* USER CODE BEGIN MX_GPIO_Init_2 */
 453:Core/Src/main.c **** /* USER CODE END MX_GPIO_Init_2 */
 454:Core/Src/main.c **** }
 124              		.loc 1 454 1 is_stmt 0 view .LVU33
 125 0074 0AB0     		add	sp, sp, #40
 126              		.cfi_def_cfa_offset 0
 127              		@ sp needed
 128 0076 7047     		bx	lr
 129              	.L4:
 130              		.align	2
 131              	.L3:
 132 0078 00380240 		.word	1073887232
 133              		.cfi_endproc
 134              	.LFE137:
 136              		.section	.text.HAL_UART_RxCpltCallback,"ax",%progbits
 137              		.align	1
 138              		.global	HAL_UART_RxCpltCallback
 139              		.syntax unified
 140              		.thumb
 141              		.thumb_func
 143              	HAL_UART_RxCpltCallback:
 144              	.LVL0:
 145              	.LFB130:
  97:Core/Src/main.c ****     NOS_UART_ReceiveHandler(&UART2,huart);
 146              		.loc 1 97 57 is_stmt 1 view -0
 147              		.cfi_startproc
 148              		@ args = 0, pretend = 0, frame = 0
 149              		@ frame_needed = 0, uses_anonymous_args = 0
  97:Core/Src/main.c ****     NOS_UART_ReceiveHandler(&UART2,huart);
 150              		.loc 1 97 57 is_stmt 0 view .LVU35
 151 0000 08B5     		push	{r3, lr}
 152              		.cfi_def_cfa_offset 8
 153              		.cfi_offset 3, -8
 154              		.cfi_offset 14, -4
 155 0002 0146     		mov	r1, r0
  98:Core/Src/main.c **** }
 156              		.loc 1 98 5 is_stmt 1 view .LVU36
 157 0004 0148     		ldr	r0, .L7
 158              	.LVL1:
  98:Core/Src/main.c **** }
 159              		.loc 1 98 5 is_stmt 0 view .LVU37
 160 0006 FFF7FEFF 		bl	NOS_UART_ReceiveHandler
 161              	.LVL2:
  99:Core/Src/main.c **** 
 162              		.loc 1 99 1 view .LVU38
 163 000a 08BD     		pop	{r3, pc}
 164              	.L8:
 165              		.align	2
 166              	.L7:
 167 000c 00000000 		.word	UART2
 168              		.cfi_endproc
 169              	.LFE130:
 171              		.section	.text.SysTick_Handler,"ax",%progbits
 172              		.align	1
ARM GAS  C:\Users\igorn\AppData\Local\Temp\cc9Fto7d.s 			page 12


 173              		.global	SysTick_Handler
 174              		.syntax unified
 175              		.thumb
 176              		.thumb_func
 178              	SysTick_Handler:
 179              	.LFB138:
 455:Core/Src/main.c **** 
 456:Core/Src/main.c **** /* USER CODE BEGIN 4 */
 457:Core/Src/main.c **** void SysTick_Handler(void)
 458:Core/Src/main.c **** {
 180              		.loc 1 458 1 is_stmt 1 view -0
 181              		.cfi_startproc
 182              		@ args = 0, pretend = 0, frame = 0
 183              		@ frame_needed = 0, uses_anonymous_args = 0
 184 0000 08B5     		push	{r3, lr}
 185              		.cfi_def_cfa_offset 8
 186              		.cfi_offset 3, -8
 187              		.cfi_offset 14, -4
 459:Core/Src/main.c ****   /* USER CODE BEGIN SysTick_IRQn 0 */
 460:Core/Src/main.c **** 
 461:Core/Src/main.c ****   /* USER CODE END SysTick_IRQn 0 */
 462:Core/Src/main.c ****   HAL_IncTick();
 188              		.loc 1 462 3 view .LVU40
 189 0002 FFF7FEFF 		bl	HAL_IncTick
 190              	.LVL3:
 463:Core/Src/main.c ****   /* USER CODE BEGIN SysTick_IRQn 1 */
 464:Core/Src/main.c **** tick = true;
 191              		.loc 1 464 1 view .LVU41
 192              		.loc 1 464 6 is_stmt 0 view .LVU42
 193 0006 024B     		ldr	r3, .L11
 194 0008 0122     		movs	r2, #1
 195 000a 1A70     		strb	r2, [r3]
 465:Core/Src/main.c ****   /* USER CODE END SysTick_IRQn 1 */
 466:Core/Src/main.c **** }
 196              		.loc 1 466 1 view .LVU43
 197 000c 08BD     		pop	{r3, pc}
 198              	.L12:
 199 000e 00BF     		.align	2
 200              	.L11:
 201 0010 00000000 		.word	tick
 202              		.cfi_endproc
 203              	.LFE138:
 205              		.section	.text.EXTI3_IRQHandler,"ax",%progbits
 206              		.align	1
 207              		.global	EXTI3_IRQHandler
 208              		.syntax unified
 209              		.thumb
 210              		.thumb_func
 212              	EXTI3_IRQHandler:
 213              	.LFB139:
 467:Core/Src/main.c **** 
 468:Core/Src/main.c **** void EXTI3_IRQHandler(void)
 469:Core/Src/main.c **** {
 214              		.loc 1 469 1 is_stmt 1 view -0
 215              		.cfi_startproc
 216              		@ args = 0, pretend = 0, frame = 0
 217              		@ frame_needed = 0, uses_anonymous_args = 0
ARM GAS  C:\Users\igorn\AppData\Local\Temp\cc9Fto7d.s 			page 13


 218 0000 08B5     		push	{r3, lr}
 219              		.cfi_def_cfa_offset 8
 220              		.cfi_offset 3, -8
 221              		.cfi_offset 14, -4
 470:Core/Src/main.c ****   /* USER CODE BEGIN EXTI3_IRQn 0 */
 471:Core/Src/main.c **** 
 472:Core/Src/main.c ****   /* USER CODE END EXTI3_IRQn 0 */
 473:Core/Src/main.c ****   HAL_GPIO_EXTI_IRQHandler(GPIO_PIN_3);
 222              		.loc 1 473 3 view .LVU45
 223 0002 0820     		movs	r0, #8
 224 0004 FFF7FEFF 		bl	HAL_GPIO_EXTI_IRQHandler
 225              	.LVL4:
 474:Core/Src/main.c ****   /* USER CODE BEGIN EXTI3_IRQn 1 */
 475:Core/Src/main.c **** 
 476:Core/Src/main.c **** 
 477:Core/Src/main.c ****   /* USER CODE END EXTI3_IRQn 1 */
 478:Core/Src/main.c **** }
 226              		.loc 1 478 1 is_stmt 0 view .LVU46
 227 0008 08BD     		pop	{r3, pc}
 228              		.cfi_endproc
 229              	.LFE139:
 231              		.section	.text.Error_Handler,"ax",%progbits
 232              		.align	1
 233              		.global	Error_Handler
 234              		.syntax unified
 235              		.thumb
 236              		.thumb_func
 238              	Error_Handler:
 239              	.LFB140:
 479:Core/Src/main.c **** 
 480:Core/Src/main.c **** /* USER CODE END 4 */
 481:Core/Src/main.c **** 
 482:Core/Src/main.c **** /**
 483:Core/Src/main.c ****   * @brief  This function is executed in case of error occurrence.
 484:Core/Src/main.c ****   * @retval None
 485:Core/Src/main.c ****   */
 486:Core/Src/main.c **** void Error_Handler(void)
 487:Core/Src/main.c **** {
 240              		.loc 1 487 1 is_stmt 1 view -0
 241              		.cfi_startproc
 242              		@ Volatile: function does not return.
 243              		@ args = 0, pretend = 0, frame = 0
 244              		@ frame_needed = 0, uses_anonymous_args = 0
 245              		@ link register save eliminated.
 488:Core/Src/main.c ****   /* USER CODE BEGIN Error_Handler_Debug */
 489:Core/Src/main.c ****   /* User can add his own implementation to report the HAL error return state */
 490:Core/Src/main.c ****   __disable_irq();
 246              		.loc 1 490 3 view .LVU48
 247              	.LBB9:
 248              	.LBI9:
 249              		.file 2 "Drivers/CMSIS/Include/cmsis_gcc.h"
   1:Drivers/CMSIS/Include/cmsis_gcc.h **** /**************************************************************************//**
   2:Drivers/CMSIS/Include/cmsis_gcc.h ****  * @file     cmsis_gcc.h
   3:Drivers/CMSIS/Include/cmsis_gcc.h ****  * @brief    CMSIS compiler GCC header file
   4:Drivers/CMSIS/Include/cmsis_gcc.h ****  * @version  V5.0.4
   5:Drivers/CMSIS/Include/cmsis_gcc.h ****  * @date     09. April 2018
   6:Drivers/CMSIS/Include/cmsis_gcc.h ****  ******************************************************************************/
ARM GAS  C:\Users\igorn\AppData\Local\Temp\cc9Fto7d.s 			page 14


   7:Drivers/CMSIS/Include/cmsis_gcc.h **** /*
   8:Drivers/CMSIS/Include/cmsis_gcc.h ****  * Copyright (c) 2009-2018 Arm Limited. All rights reserved.
   9:Drivers/CMSIS/Include/cmsis_gcc.h ****  *
  10:Drivers/CMSIS/Include/cmsis_gcc.h ****  * SPDX-License-Identifier: Apache-2.0
  11:Drivers/CMSIS/Include/cmsis_gcc.h ****  *
  12:Drivers/CMSIS/Include/cmsis_gcc.h ****  * Licensed under the Apache License, Version 2.0 (the License); you may
  13:Drivers/CMSIS/Include/cmsis_gcc.h ****  * not use this file except in compliance with the License.
  14:Drivers/CMSIS/Include/cmsis_gcc.h ****  * You may obtain a copy of the License at
  15:Drivers/CMSIS/Include/cmsis_gcc.h ****  *
  16:Drivers/CMSIS/Include/cmsis_gcc.h ****  * www.apache.org/licenses/LICENSE-2.0
  17:Drivers/CMSIS/Include/cmsis_gcc.h ****  *
  18:Drivers/CMSIS/Include/cmsis_gcc.h ****  * Unless required by applicable law or agreed to in writing, software
  19:Drivers/CMSIS/Include/cmsis_gcc.h ****  * distributed under the License is distributed on an AS IS BASIS, WITHOUT
  20:Drivers/CMSIS/Include/cmsis_gcc.h ****  * WARRANTIES OR CONDITIONS OF ANY KIND, either express or implied.
  21:Drivers/CMSIS/Include/cmsis_gcc.h ****  * See the License for the specific language governing permissions and
  22:Drivers/CMSIS/Include/cmsis_gcc.h ****  * limitations under the License.
  23:Drivers/CMSIS/Include/cmsis_gcc.h ****  */
  24:Drivers/CMSIS/Include/cmsis_gcc.h **** 
  25:Drivers/CMSIS/Include/cmsis_gcc.h **** #ifndef __CMSIS_GCC_H
  26:Drivers/CMSIS/Include/cmsis_gcc.h **** #define __CMSIS_GCC_H
  27:Drivers/CMSIS/Include/cmsis_gcc.h **** 
  28:Drivers/CMSIS/Include/cmsis_gcc.h **** /* ignore some GCC warnings */
  29:Drivers/CMSIS/Include/cmsis_gcc.h **** #pragma GCC diagnostic push
  30:Drivers/CMSIS/Include/cmsis_gcc.h **** #pragma GCC diagnostic ignored "-Wsign-conversion"
  31:Drivers/CMSIS/Include/cmsis_gcc.h **** #pragma GCC diagnostic ignored "-Wconversion"
  32:Drivers/CMSIS/Include/cmsis_gcc.h **** #pragma GCC diagnostic ignored "-Wunused-parameter"
  33:Drivers/CMSIS/Include/cmsis_gcc.h **** 
  34:Drivers/CMSIS/Include/cmsis_gcc.h **** /* Fallback for __has_builtin */
  35:Drivers/CMSIS/Include/cmsis_gcc.h **** #ifndef __has_builtin
  36:Drivers/CMSIS/Include/cmsis_gcc.h ****   #define __has_builtin(x) (0)
  37:Drivers/CMSIS/Include/cmsis_gcc.h **** #endif
  38:Drivers/CMSIS/Include/cmsis_gcc.h **** 
  39:Drivers/CMSIS/Include/cmsis_gcc.h **** /* CMSIS compiler specific defines */
  40:Drivers/CMSIS/Include/cmsis_gcc.h **** #ifndef   __ASM
  41:Drivers/CMSIS/Include/cmsis_gcc.h ****   #define __ASM                                  __asm
  42:Drivers/CMSIS/Include/cmsis_gcc.h **** #endif
  43:Drivers/CMSIS/Include/cmsis_gcc.h **** #ifndef   __INLINE
  44:Drivers/CMSIS/Include/cmsis_gcc.h ****   #define __INLINE                               inline
  45:Drivers/CMSIS/Include/cmsis_gcc.h **** #endif
  46:Drivers/CMSIS/Include/cmsis_gcc.h **** #ifndef   __STATIC_INLINE
  47:Drivers/CMSIS/Include/cmsis_gcc.h ****   #define __STATIC_INLINE                        static inline
  48:Drivers/CMSIS/Include/cmsis_gcc.h **** #endif
  49:Drivers/CMSIS/Include/cmsis_gcc.h **** #ifndef   __STATIC_FORCEINLINE                 
  50:Drivers/CMSIS/Include/cmsis_gcc.h ****   #define __STATIC_FORCEINLINE                   __attribute__((always_inline)) static inline
  51:Drivers/CMSIS/Include/cmsis_gcc.h **** #endif                                           
  52:Drivers/CMSIS/Include/cmsis_gcc.h **** #ifndef   __NO_RETURN
  53:Drivers/CMSIS/Include/cmsis_gcc.h ****   #define __NO_RETURN                            __attribute__((__noreturn__))
  54:Drivers/CMSIS/Include/cmsis_gcc.h **** #endif
  55:Drivers/CMSIS/Include/cmsis_gcc.h **** #ifndef   __USED
  56:Drivers/CMSIS/Include/cmsis_gcc.h ****   #define __USED                                 __attribute__((used))
  57:Drivers/CMSIS/Include/cmsis_gcc.h **** #endif
  58:Drivers/CMSIS/Include/cmsis_gcc.h **** #ifndef   __WEAK
  59:Drivers/CMSIS/Include/cmsis_gcc.h ****   #define __WEAK                                 __attribute__((weak))
  60:Drivers/CMSIS/Include/cmsis_gcc.h **** #endif
  61:Drivers/CMSIS/Include/cmsis_gcc.h **** #ifndef   __PACKED
  62:Drivers/CMSIS/Include/cmsis_gcc.h ****   #define __PACKED                               __attribute__((packed, aligned(1)))
  63:Drivers/CMSIS/Include/cmsis_gcc.h **** #endif
ARM GAS  C:\Users\igorn\AppData\Local\Temp\cc9Fto7d.s 			page 15


  64:Drivers/CMSIS/Include/cmsis_gcc.h **** #ifndef   __PACKED_STRUCT
  65:Drivers/CMSIS/Include/cmsis_gcc.h ****   #define __PACKED_STRUCT                        struct __attribute__((packed, aligned(1)))
  66:Drivers/CMSIS/Include/cmsis_gcc.h **** #endif
  67:Drivers/CMSIS/Include/cmsis_gcc.h **** #ifndef   __PACKED_UNION
  68:Drivers/CMSIS/Include/cmsis_gcc.h ****   #define __PACKED_UNION                         union __attribute__((packed, aligned(1)))
  69:Drivers/CMSIS/Include/cmsis_gcc.h **** #endif
  70:Drivers/CMSIS/Include/cmsis_gcc.h **** #ifndef   __UNALIGNED_UINT32        /* deprecated */
  71:Drivers/CMSIS/Include/cmsis_gcc.h ****   #pragma GCC diagnostic push
  72:Drivers/CMSIS/Include/cmsis_gcc.h ****   #pragma GCC diagnostic ignored "-Wpacked"
  73:Drivers/CMSIS/Include/cmsis_gcc.h ****   #pragma GCC diagnostic ignored "-Wattributes"
  74:Drivers/CMSIS/Include/cmsis_gcc.h ****   struct __attribute__((packed)) T_UINT32 { uint32_t v; };
  75:Drivers/CMSIS/Include/cmsis_gcc.h ****   #pragma GCC diagnostic pop
  76:Drivers/CMSIS/Include/cmsis_gcc.h ****   #define __UNALIGNED_UINT32(x)                  (((struct T_UINT32 *)(x))->v)
  77:Drivers/CMSIS/Include/cmsis_gcc.h **** #endif
  78:Drivers/CMSIS/Include/cmsis_gcc.h **** #ifndef   __UNALIGNED_UINT16_WRITE
  79:Drivers/CMSIS/Include/cmsis_gcc.h ****   #pragma GCC diagnostic push
  80:Drivers/CMSIS/Include/cmsis_gcc.h ****   #pragma GCC diagnostic ignored "-Wpacked"
  81:Drivers/CMSIS/Include/cmsis_gcc.h ****   #pragma GCC diagnostic ignored "-Wattributes"
  82:Drivers/CMSIS/Include/cmsis_gcc.h ****   __PACKED_STRUCT T_UINT16_WRITE { uint16_t v; };
  83:Drivers/CMSIS/Include/cmsis_gcc.h ****   #pragma GCC diagnostic pop
  84:Drivers/CMSIS/Include/cmsis_gcc.h ****   #define __UNALIGNED_UINT16_WRITE(addr, val)    (void)((((struct T_UINT16_WRITE *)(void *)(addr))-
  85:Drivers/CMSIS/Include/cmsis_gcc.h **** #endif
  86:Drivers/CMSIS/Include/cmsis_gcc.h **** #ifndef   __UNALIGNED_UINT16_READ
  87:Drivers/CMSIS/Include/cmsis_gcc.h ****   #pragma GCC diagnostic push
  88:Drivers/CMSIS/Include/cmsis_gcc.h ****   #pragma GCC diagnostic ignored "-Wpacked"
  89:Drivers/CMSIS/Include/cmsis_gcc.h ****   #pragma GCC diagnostic ignored "-Wattributes"
  90:Drivers/CMSIS/Include/cmsis_gcc.h ****   __PACKED_STRUCT T_UINT16_READ { uint16_t v; };
  91:Drivers/CMSIS/Include/cmsis_gcc.h ****   #pragma GCC diagnostic pop
  92:Drivers/CMSIS/Include/cmsis_gcc.h ****   #define __UNALIGNED_UINT16_READ(addr)          (((const struct T_UINT16_READ *)(const void *)(add
  93:Drivers/CMSIS/Include/cmsis_gcc.h **** #endif
  94:Drivers/CMSIS/Include/cmsis_gcc.h **** #ifndef   __UNALIGNED_UINT32_WRITE
  95:Drivers/CMSIS/Include/cmsis_gcc.h ****   #pragma GCC diagnostic push
  96:Drivers/CMSIS/Include/cmsis_gcc.h ****   #pragma GCC diagnostic ignored "-Wpacked"
  97:Drivers/CMSIS/Include/cmsis_gcc.h ****   #pragma GCC diagnostic ignored "-Wattributes"
  98:Drivers/CMSIS/Include/cmsis_gcc.h ****   __PACKED_STRUCT T_UINT32_WRITE { uint32_t v; };
  99:Drivers/CMSIS/Include/cmsis_gcc.h ****   #pragma GCC diagnostic pop
 100:Drivers/CMSIS/Include/cmsis_gcc.h ****   #define __UNALIGNED_UINT32_WRITE(addr, val)    (void)((((struct T_UINT32_WRITE *)(void *)(addr))-
 101:Drivers/CMSIS/Include/cmsis_gcc.h **** #endif
 102:Drivers/CMSIS/Include/cmsis_gcc.h **** #ifndef   __UNALIGNED_UINT32_READ
 103:Drivers/CMSIS/Include/cmsis_gcc.h ****   #pragma GCC diagnostic push
 104:Drivers/CMSIS/Include/cmsis_gcc.h ****   #pragma GCC diagnostic ignored "-Wpacked"
 105:Drivers/CMSIS/Include/cmsis_gcc.h ****   #pragma GCC diagnostic ignored "-Wattributes"
 106:Drivers/CMSIS/Include/cmsis_gcc.h ****   __PACKED_STRUCT T_UINT32_READ { uint32_t v; };
 107:Drivers/CMSIS/Include/cmsis_gcc.h ****   #pragma GCC diagnostic pop
 108:Drivers/CMSIS/Include/cmsis_gcc.h ****   #define __UNALIGNED_UINT32_READ(addr)          (((const struct T_UINT32_READ *)(const void *)(add
 109:Drivers/CMSIS/Include/cmsis_gcc.h **** #endif
 110:Drivers/CMSIS/Include/cmsis_gcc.h **** #ifndef   __ALIGNED
 111:Drivers/CMSIS/Include/cmsis_gcc.h ****   #define __ALIGNED(x)                           __attribute__((aligned(x)))
 112:Drivers/CMSIS/Include/cmsis_gcc.h **** #endif
 113:Drivers/CMSIS/Include/cmsis_gcc.h **** #ifndef   __RESTRICT
 114:Drivers/CMSIS/Include/cmsis_gcc.h ****   #define __RESTRICT                             __restrict
 115:Drivers/CMSIS/Include/cmsis_gcc.h **** #endif
 116:Drivers/CMSIS/Include/cmsis_gcc.h **** 
 117:Drivers/CMSIS/Include/cmsis_gcc.h **** 
 118:Drivers/CMSIS/Include/cmsis_gcc.h **** /* ###########################  Core Function Access  ########################### */
 119:Drivers/CMSIS/Include/cmsis_gcc.h **** /** \ingroup  CMSIS_Core_FunctionInterface
 120:Drivers/CMSIS/Include/cmsis_gcc.h ****     \defgroup CMSIS_Core_RegAccFunctions CMSIS Core Register Access Functions
ARM GAS  C:\Users\igorn\AppData\Local\Temp\cc9Fto7d.s 			page 16


 121:Drivers/CMSIS/Include/cmsis_gcc.h ****   @{
 122:Drivers/CMSIS/Include/cmsis_gcc.h ****  */
 123:Drivers/CMSIS/Include/cmsis_gcc.h **** 
 124:Drivers/CMSIS/Include/cmsis_gcc.h **** /**
 125:Drivers/CMSIS/Include/cmsis_gcc.h ****   \brief   Enable IRQ Interrupts
 126:Drivers/CMSIS/Include/cmsis_gcc.h ****   \details Enables IRQ interrupts by clearing the I-bit in the CPSR.
 127:Drivers/CMSIS/Include/cmsis_gcc.h ****            Can only be executed in Privileged modes.
 128:Drivers/CMSIS/Include/cmsis_gcc.h ****  */
 129:Drivers/CMSIS/Include/cmsis_gcc.h **** __STATIC_FORCEINLINE void __enable_irq(void)
 130:Drivers/CMSIS/Include/cmsis_gcc.h **** {
 131:Drivers/CMSIS/Include/cmsis_gcc.h ****   __ASM volatile ("cpsie i" : : : "memory");
 132:Drivers/CMSIS/Include/cmsis_gcc.h **** }
 133:Drivers/CMSIS/Include/cmsis_gcc.h **** 
 134:Drivers/CMSIS/Include/cmsis_gcc.h **** 
 135:Drivers/CMSIS/Include/cmsis_gcc.h **** /**
 136:Drivers/CMSIS/Include/cmsis_gcc.h ****   \brief   Disable IRQ Interrupts
 137:Drivers/CMSIS/Include/cmsis_gcc.h ****   \details Disables IRQ interrupts by setting the I-bit in the CPSR.
 138:Drivers/CMSIS/Include/cmsis_gcc.h ****            Can only be executed in Privileged modes.
 139:Drivers/CMSIS/Include/cmsis_gcc.h ****  */
 140:Drivers/CMSIS/Include/cmsis_gcc.h **** __STATIC_FORCEINLINE void __disable_irq(void)
 250              		.loc 2 140 27 view .LVU49
 251              	.LBB10:
 141:Drivers/CMSIS/Include/cmsis_gcc.h **** {
 142:Drivers/CMSIS/Include/cmsis_gcc.h ****   __ASM volatile ("cpsid i" : : : "memory");
 252              		.loc 2 142 3 view .LVU50
 253              		.syntax unified
 254              	@ 142 "Drivers/CMSIS/Include/cmsis_gcc.h" 1
 255 0000 72B6     		cpsid i
 256              	@ 0 "" 2
 257              		.thumb
 258              		.syntax unified
 259              	.L16:
 260              	.LBE10:
 261              	.LBE9:
 491:Core/Src/main.c ****   while (1)
 262              		.loc 1 491 3 discriminator 1 view .LVU51
 492:Core/Src/main.c ****   {
 493:Core/Src/main.c ****   }
 263              		.loc 1 493 3 discriminator 1 view .LVU52
 491:Core/Src/main.c ****   while (1)
 264              		.loc 1 491 9 discriminator 1 view .LVU53
 265 0002 FEE7     		b	.L16
 266              		.cfi_endproc
 267              	.LFE140:
 269              		.section	.text.MX_USART2_UART_Init,"ax",%progbits
 270              		.align	1
 271              		.syntax unified
 272              		.thumb
 273              		.thumb_func
 275              	MX_USART2_UART_Init:
 276              	.LFB135:
 370:Core/Src/main.c **** 
 277              		.loc 1 370 1 view -0
 278              		.cfi_startproc
 279              		@ args = 0, pretend = 0, frame = 0
 280              		@ frame_needed = 0, uses_anonymous_args = 0
 281 0000 08B5     		push	{r3, lr}
ARM GAS  C:\Users\igorn\AppData\Local\Temp\cc9Fto7d.s 			page 17


 282              		.cfi_def_cfa_offset 8
 283              		.cfi_offset 3, -8
 284              		.cfi_offset 14, -4
 379:Core/Src/main.c ****   huart2.Init.BaudRate = 115200;
 285              		.loc 1 379 3 view .LVU55
 379:Core/Src/main.c ****   huart2.Init.BaudRate = 115200;
 286              		.loc 1 379 19 is_stmt 0 view .LVU56
 287 0002 0A48     		ldr	r0, .L21
 288 0004 0A4B     		ldr	r3, .L21+4
 289 0006 0360     		str	r3, [r0]
 380:Core/Src/main.c ****   huart2.Init.WordLength = UART_WORDLENGTH_8B;
 290              		.loc 1 380 3 is_stmt 1 view .LVU57
 380:Core/Src/main.c ****   huart2.Init.WordLength = UART_WORDLENGTH_8B;
 291              		.loc 1 380 24 is_stmt 0 view .LVU58
 292 0008 4FF4E133 		mov	r3, #115200
 293 000c 4360     		str	r3, [r0, #4]
 381:Core/Src/main.c ****   huart2.Init.StopBits = UART_STOPBITS_1;
 294              		.loc 1 381 3 is_stmt 1 view .LVU59
 381:Core/Src/main.c ****   huart2.Init.StopBits = UART_STOPBITS_1;
 295              		.loc 1 381 26 is_stmt 0 view .LVU60
 296 000e 0023     		movs	r3, #0
 297 0010 8360     		str	r3, [r0, #8]
 382:Core/Src/main.c ****   huart2.Init.Parity = UART_PARITY_NONE;
 298              		.loc 1 382 3 is_stmt 1 view .LVU61
 382:Core/Src/main.c ****   huart2.Init.Parity = UART_PARITY_NONE;
 299              		.loc 1 382 24 is_stmt 0 view .LVU62
 300 0012 C360     		str	r3, [r0, #12]
 383:Core/Src/main.c ****   huart2.Init.Mode = UART_MODE_TX_RX;
 301              		.loc 1 383 3 is_stmt 1 view .LVU63
 383:Core/Src/main.c ****   huart2.Init.Mode = UART_MODE_TX_RX;
 302              		.loc 1 383 22 is_stmt 0 view .LVU64
 303 0014 0361     		str	r3, [r0, #16]
 384:Core/Src/main.c ****   huart2.Init.HwFlowCtl = UART_HWCONTROL_NONE;
 304              		.loc 1 384 3 is_stmt 1 view .LVU65
 384:Core/Src/main.c ****   huart2.Init.HwFlowCtl = UART_HWCONTROL_NONE;
 305              		.loc 1 384 20 is_stmt 0 view .LVU66
 306 0016 0C22     		movs	r2, #12
 307 0018 4261     		str	r2, [r0, #20]
 385:Core/Src/main.c ****   huart2.Init.OverSampling = UART_OVERSAMPLING_16;
 308              		.loc 1 385 3 is_stmt 1 view .LVU67
 385:Core/Src/main.c ****   huart2.Init.OverSampling = UART_OVERSAMPLING_16;
 309              		.loc 1 385 25 is_stmt 0 view .LVU68
 310 001a 8361     		str	r3, [r0, #24]
 386:Core/Src/main.c ****   if (HAL_UART_Init(&huart2) != HAL_OK)
 311              		.loc 1 386 3 is_stmt 1 view .LVU69
 386:Core/Src/main.c ****   if (HAL_UART_Init(&huart2) != HAL_OK)
 312              		.loc 1 386 28 is_stmt 0 view .LVU70
 313 001c C361     		str	r3, [r0, #28]
 387:Core/Src/main.c ****   {
 314              		.loc 1 387 3 is_stmt 1 view .LVU71
 387:Core/Src/main.c ****   {
 315              		.loc 1 387 7 is_stmt 0 view .LVU72
 316 001e FFF7FEFF 		bl	HAL_UART_Init
 317              	.LVL5:
 387:Core/Src/main.c ****   {
 318              		.loc 1 387 6 view .LVU73
 319 0022 00B9     		cbnz	r0, .L20
ARM GAS  C:\Users\igorn\AppData\Local\Temp\cc9Fto7d.s 			page 18


 395:Core/Src/main.c **** 
 320              		.loc 1 395 1 view .LVU74
 321 0024 08BD     		pop	{r3, pc}
 322              	.L20:
 389:Core/Src/main.c ****   }
 323              		.loc 1 389 5 is_stmt 1 view .LVU75
 324 0026 FFF7FEFF 		bl	Error_Handler
 325              	.LVL6:
 326              	.L22:
 327 002a 00BF     		.align	2
 328              	.L21:
 329 002c 00000000 		.word	huart2
 330 0030 00440040 		.word	1073759232
 331              		.cfi_endproc
 332              	.LFE135:
 334              		.section	.text.SystemClock_Config,"ax",%progbits
 335              		.align	1
 336              		.global	SystemClock_Config
 337              		.syntax unified
 338              		.thumb
 339              		.thumb_func
 341              	SystemClock_Config:
 342              	.LFB132:
 248:Core/Src/main.c ****   RCC_OscInitTypeDef RCC_OscInitStruct = {0};
 343              		.loc 1 248 1 view -0
 344              		.cfi_startproc
 345              		@ args = 0, pretend = 0, frame = 80
 346              		@ frame_needed = 0, uses_anonymous_args = 0
 347 0000 00B5     		push	{lr}
 348              		.cfi_def_cfa_offset 4
 349              		.cfi_offset 14, -4
 350 0002 95B0     		sub	sp, sp, #84
 351              		.cfi_def_cfa_offset 88
 249:Core/Src/main.c ****   RCC_ClkInitTypeDef RCC_ClkInitStruct = {0};
 352              		.loc 1 249 3 view .LVU77
 249:Core/Src/main.c ****   RCC_ClkInitTypeDef RCC_ClkInitStruct = {0};
 353              		.loc 1 249 22 is_stmt 0 view .LVU78
 354 0004 3022     		movs	r2, #48
 355 0006 0021     		movs	r1, #0
 356 0008 08A8     		add	r0, sp, #32
 357 000a FFF7FEFF 		bl	memset
 358              	.LVL7:
 250:Core/Src/main.c **** 
 359              		.loc 1 250 3 is_stmt 1 view .LVU79
 250:Core/Src/main.c **** 
 360              		.loc 1 250 22 is_stmt 0 view .LVU80
 361 000e 0023     		movs	r3, #0
 362 0010 0393     		str	r3, [sp, #12]
 363 0012 0493     		str	r3, [sp, #16]
 364 0014 0593     		str	r3, [sp, #20]
 365 0016 0693     		str	r3, [sp, #24]
 366 0018 0793     		str	r3, [sp, #28]
 254:Core/Src/main.c ****   __HAL_PWR_VOLTAGESCALING_CONFIG(PWR_REGULATOR_VOLTAGE_SCALE1);
 367              		.loc 1 254 3 is_stmt 1 view .LVU81
 368              	.LBB11:
 254:Core/Src/main.c ****   __HAL_PWR_VOLTAGESCALING_CONFIG(PWR_REGULATOR_VOLTAGE_SCALE1);
 369              		.loc 1 254 3 view .LVU82
ARM GAS  C:\Users\igorn\AppData\Local\Temp\cc9Fto7d.s 			page 19


 370 001a 0193     		str	r3, [sp, #4]
 254:Core/Src/main.c ****   __HAL_PWR_VOLTAGESCALING_CONFIG(PWR_REGULATOR_VOLTAGE_SCALE1);
 371              		.loc 1 254 3 view .LVU83
 372 001c 1F4A     		ldr	r2, .L29
 373 001e 116C     		ldr	r1, [r2, #64]
 374 0020 41F08051 		orr	r1, r1, #268435456
 375 0024 1164     		str	r1, [r2, #64]
 254:Core/Src/main.c ****   __HAL_PWR_VOLTAGESCALING_CONFIG(PWR_REGULATOR_VOLTAGE_SCALE1);
 376              		.loc 1 254 3 view .LVU84
 377 0026 126C     		ldr	r2, [r2, #64]
 378 0028 02F08052 		and	r2, r2, #268435456
 379 002c 0192     		str	r2, [sp, #4]
 254:Core/Src/main.c ****   __HAL_PWR_VOLTAGESCALING_CONFIG(PWR_REGULATOR_VOLTAGE_SCALE1);
 380              		.loc 1 254 3 view .LVU85
 381 002e 019A     		ldr	r2, [sp, #4]
 382              	.LBE11:
 254:Core/Src/main.c ****   __HAL_PWR_VOLTAGESCALING_CONFIG(PWR_REGULATOR_VOLTAGE_SCALE1);
 383              		.loc 1 254 3 view .LVU86
 255:Core/Src/main.c ****   /** Initializes the RCC Oscillators according to the specified parameters
 384              		.loc 1 255 3 view .LVU87
 385              	.LBB12:
 255:Core/Src/main.c ****   /** Initializes the RCC Oscillators according to the specified parameters
 386              		.loc 1 255 3 view .LVU88
 387 0030 0293     		str	r3, [sp, #8]
 255:Core/Src/main.c ****   /** Initializes the RCC Oscillators according to the specified parameters
 388              		.loc 1 255 3 view .LVU89
 389 0032 1B4A     		ldr	r2, .L29+4
 390 0034 1168     		ldr	r1, [r2]
 391 0036 41F48041 		orr	r1, r1, #16384
 392 003a 1160     		str	r1, [r2]
 255:Core/Src/main.c ****   /** Initializes the RCC Oscillators according to the specified parameters
 393              		.loc 1 255 3 view .LVU90
 394 003c 1268     		ldr	r2, [r2]
 395 003e 02F48042 		and	r2, r2, #16384
 396 0042 0292     		str	r2, [sp, #8]
 255:Core/Src/main.c ****   /** Initializes the RCC Oscillators according to the specified parameters
 397              		.loc 1 255 3 view .LVU91
 398 0044 029A     		ldr	r2, [sp, #8]
 399              	.LBE12:
 255:Core/Src/main.c ****   /** Initializes the RCC Oscillators according to the specified parameters
 400              		.loc 1 255 3 view .LVU92
 259:Core/Src/main.c ****   RCC_OscInitStruct.HSIState = RCC_HSI_ON;
 401              		.loc 1 259 3 view .LVU93
 259:Core/Src/main.c ****   RCC_OscInitStruct.HSIState = RCC_HSI_ON;
 402              		.loc 1 259 36 is_stmt 0 view .LVU94
 403 0046 0222     		movs	r2, #2
 404 0048 0892     		str	r2, [sp, #32]
 260:Core/Src/main.c ****   RCC_OscInitStruct.HSICalibrationValue = RCC_HSICALIBRATION_DEFAULT;
 405              		.loc 1 260 3 is_stmt 1 view .LVU95
 260:Core/Src/main.c ****   RCC_OscInitStruct.HSICalibrationValue = RCC_HSICALIBRATION_DEFAULT;
 406              		.loc 1 260 30 is_stmt 0 view .LVU96
 407 004a 0121     		movs	r1, #1
 408 004c 0B91     		str	r1, [sp, #44]
 261:Core/Src/main.c ****   RCC_OscInitStruct.PLL.PLLState = RCC_PLL_ON;
 409              		.loc 1 261 3 is_stmt 1 view .LVU97
 261:Core/Src/main.c ****   RCC_OscInitStruct.PLL.PLLState = RCC_PLL_ON;
 410              		.loc 1 261 41 is_stmt 0 view .LVU98
ARM GAS  C:\Users\igorn\AppData\Local\Temp\cc9Fto7d.s 			page 20


 411 004e 1021     		movs	r1, #16
 412 0050 0C91     		str	r1, [sp, #48]
 262:Core/Src/main.c ****   RCC_OscInitStruct.PLL.PLLSource = RCC_PLLSOURCE_HSI;
 413              		.loc 1 262 3 is_stmt 1 view .LVU99
 262:Core/Src/main.c ****   RCC_OscInitStruct.PLL.PLLSource = RCC_PLLSOURCE_HSI;
 414              		.loc 1 262 34 is_stmt 0 view .LVU100
 415 0052 0E92     		str	r2, [sp, #56]
 263:Core/Src/main.c ****   RCC_OscInitStruct.PLL.PLLM = 8;
 416              		.loc 1 263 3 is_stmt 1 view .LVU101
 263:Core/Src/main.c ****   RCC_OscInitStruct.PLL.PLLM = 8;
 417              		.loc 1 263 35 is_stmt 0 view .LVU102
 418 0054 0F93     		str	r3, [sp, #60]
 264:Core/Src/main.c ****   RCC_OscInitStruct.PLL.PLLN = 168;
 419              		.loc 1 264 3 is_stmt 1 view .LVU103
 264:Core/Src/main.c ****   RCC_OscInitStruct.PLL.PLLN = 168;
 420              		.loc 1 264 30 is_stmt 0 view .LVU104
 421 0056 0823     		movs	r3, #8
 422 0058 1093     		str	r3, [sp, #64]
 265:Core/Src/main.c ****   RCC_OscInitStruct.PLL.PLLP = RCC_PLLP_DIV2;
 423              		.loc 1 265 3 is_stmt 1 view .LVU105
 265:Core/Src/main.c ****   RCC_OscInitStruct.PLL.PLLP = RCC_PLLP_DIV2;
 424              		.loc 1 265 30 is_stmt 0 view .LVU106
 425 005a A823     		movs	r3, #168
 426 005c 1193     		str	r3, [sp, #68]
 266:Core/Src/main.c ****   RCC_OscInitStruct.PLL.PLLQ = 4;
 427              		.loc 1 266 3 is_stmt 1 view .LVU107
 266:Core/Src/main.c ****   RCC_OscInitStruct.PLL.PLLQ = 4;
 428              		.loc 1 266 30 is_stmt 0 view .LVU108
 429 005e 1292     		str	r2, [sp, #72]
 267:Core/Src/main.c ****   if (HAL_RCC_OscConfig(&RCC_OscInitStruct) != HAL_OK)
 430              		.loc 1 267 3 is_stmt 1 view .LVU109
 267:Core/Src/main.c ****   if (HAL_RCC_OscConfig(&RCC_OscInitStruct) != HAL_OK)
 431              		.loc 1 267 30 is_stmt 0 view .LVU110
 432 0060 0423     		movs	r3, #4
 433 0062 1393     		str	r3, [sp, #76]
 268:Core/Src/main.c ****   {
 434              		.loc 1 268 3 is_stmt 1 view .LVU111
 268:Core/Src/main.c ****   {
 435              		.loc 1 268 7 is_stmt 0 view .LVU112
 436 0064 08A8     		add	r0, sp, #32
 437 0066 FFF7FEFF 		bl	HAL_RCC_OscConfig
 438              	.LVL8:
 268:Core/Src/main.c ****   {
 439              		.loc 1 268 6 view .LVU113
 440 006a 98B9     		cbnz	r0, .L27
 274:Core/Src/main.c ****                               |RCC_CLOCKTYPE_PCLK1|RCC_CLOCKTYPE_PCLK2;
 441              		.loc 1 274 3 is_stmt 1 view .LVU114
 274:Core/Src/main.c ****                               |RCC_CLOCKTYPE_PCLK1|RCC_CLOCKTYPE_PCLK2;
 442              		.loc 1 274 31 is_stmt 0 view .LVU115
 443 006c 0F23     		movs	r3, #15
 444 006e 0393     		str	r3, [sp, #12]
 276:Core/Src/main.c ****   RCC_ClkInitStruct.AHBCLKDivider = RCC_SYSCLK_DIV1;
 445              		.loc 1 276 3 is_stmt 1 view .LVU116
 276:Core/Src/main.c ****   RCC_ClkInitStruct.AHBCLKDivider = RCC_SYSCLK_DIV1;
 446              		.loc 1 276 34 is_stmt 0 view .LVU117
 447 0070 0223     		movs	r3, #2
 448 0072 0493     		str	r3, [sp, #16]
ARM GAS  C:\Users\igorn\AppData\Local\Temp\cc9Fto7d.s 			page 21


 277:Core/Src/main.c ****   RCC_ClkInitStruct.APB1CLKDivider = RCC_HCLK_DIV4;
 449              		.loc 1 277 3 is_stmt 1 view .LVU118
 277:Core/Src/main.c ****   RCC_ClkInitStruct.APB1CLKDivider = RCC_HCLK_DIV4;
 450              		.loc 1 277 35 is_stmt 0 view .LVU119
 451 0074 0023     		movs	r3, #0
 452 0076 0593     		str	r3, [sp, #20]
 278:Core/Src/main.c ****   RCC_ClkInitStruct.APB2CLKDivider = RCC_HCLK_DIV2;
 453              		.loc 1 278 3 is_stmt 1 view .LVU120
 278:Core/Src/main.c ****   RCC_ClkInitStruct.APB2CLKDivider = RCC_HCLK_DIV2;
 454              		.loc 1 278 36 is_stmt 0 view .LVU121
 455 0078 4FF4A053 		mov	r3, #5120
 456 007c 0693     		str	r3, [sp, #24]
 279:Core/Src/main.c **** 
 457              		.loc 1 279 3 is_stmt 1 view .LVU122
 279:Core/Src/main.c **** 
 458              		.loc 1 279 36 is_stmt 0 view .LVU123
 459 007e 4FF48053 		mov	r3, #4096
 460 0082 0793     		str	r3, [sp, #28]
 281:Core/Src/main.c ****   {
 461              		.loc 1 281 3 is_stmt 1 view .LVU124
 281:Core/Src/main.c ****   {
 462              		.loc 1 281 7 is_stmt 0 view .LVU125
 463 0084 0521     		movs	r1, #5
 464 0086 03A8     		add	r0, sp, #12
 465 0088 FFF7FEFF 		bl	HAL_RCC_ClockConfig
 466              	.LVL9:
 281:Core/Src/main.c ****   {
 467              		.loc 1 281 6 view .LVU126
 468 008c 20B9     		cbnz	r0, .L28
 285:Core/Src/main.c **** 
 469              		.loc 1 285 1 view .LVU127
 470 008e 15B0     		add	sp, sp, #84
 471              		.cfi_remember_state
 472              		.cfi_def_cfa_offset 4
 473              		@ sp needed
 474 0090 5DF804FB 		ldr	pc, [sp], #4
 475              	.L27:
 476              		.cfi_restore_state
 270:Core/Src/main.c ****   }
 477              		.loc 1 270 5 is_stmt 1 view .LVU128
 478 0094 FFF7FEFF 		bl	Error_Handler
 479              	.LVL10:
 480              	.L28:
 283:Core/Src/main.c ****   }
 481              		.loc 1 283 5 view .LVU129
 482 0098 FFF7FEFF 		bl	Error_Handler
 483              	.LVL11:
 484              	.L30:
 485              		.align	2
 486              	.L29:
 487 009c 00380240 		.word	1073887232
 488 00a0 00700040 		.word	1073770496
 489              		.cfi_endproc
 490              	.LFE132:
 492              		.section	.rodata.main.str1.4,"aMS",%progbits,1
 493              		.align	2
 494              	.LC0:
ARM GAS  C:\Users\igorn\AppData\Local\Temp\cc9Fto7d.s 			page 22


 495 0000 48454C4C 		.ascii	"HELLO\000"
 495      4F00
 496 0006 0000     		.align	2
 497              	.LC1:
 498 0008 72656164 		.ascii	"ready!\000"
 498      792100
 499              		.section	.text.main,"ax",%progbits
 500              		.align	1
 501              		.global	main
 502              		.syntax unified
 503              		.thumb
 504              		.thumb_func
 506              	main:
 507              	.LFB131:
 109:Core/Src/main.c ****   /* USER CODE BEGIN 1 */
 508              		.loc 1 109 1 view -0
 509              		.cfi_startproc
 510              		@ Volatile: function does not return.
 511              		@ args = 0, pretend = 0, frame = 8
 512              		@ frame_needed = 0, uses_anonymous_args = 0
 513 0000 00B5     		push	{lr}
 514              		.cfi_def_cfa_offset 4
 515              		.cfi_offset 14, -4
 516 0002 89B0     		sub	sp, sp, #36
 517              		.cfi_def_cfa_offset 40
 117:Core/Src/main.c **** 
 518              		.loc 1 117 3 view .LVU131
 519 0004 FFF7FEFF 		bl	HAL_Init
 520              	.LVL12:
 124:Core/Src/main.c **** 
 521              		.loc 1 124 3 view .LVU132
 522 0008 FFF7FEFF 		bl	SystemClock_Config
 523              	.LVL13:
 131:Core/Src/main.c ****   MX_USART2_UART_Init();
 524              		.loc 1 131 3 view .LVU133
 525 000c FFF7FEFF 		bl	MX_GPIO_Init
 526              	.LVL14:
 132:Core/Src/main.c ****   //MX_TIM6_Init();
 527              		.loc 1 132 3 view .LVU134
 528 0010 FFF7FEFF 		bl	MX_USART2_UART_Init
 529              	.LVL15:
 137:Core/Src/main.c ****   HAL_UART_Transmit(&huart2,"HELLO",sizeof("HELLO"),1000);
 530              		.loc 1 137 3 view .LVU135
 531 0014 6C4C     		ldr	r4, .L47
 532 0016 6D4D     		ldr	r5, .L47+4
 533 0018 0122     		movs	r2, #1
 534 001a 2146     		mov	r1, r4
 535 001c 2846     		mov	r0, r5
 536 001e FFF7FEFF 		bl	HAL_UART_Receive_IT
 537              	.LVL16:
 138:Core/Src/main.c ****   visInit();
 538              		.loc 1 138 3 view .LVU136
 539 0022 4FF47A73 		mov	r3, #1000
 540 0026 0622     		movs	r2, #6
 541 0028 6949     		ldr	r1, .L47+8
 542 002a 2846     		mov	r0, r5
 543 002c FFF7FEFF 		bl	HAL_UART_Transmit
ARM GAS  C:\Users\igorn\AppData\Local\Temp\cc9Fto7d.s 			page 23


 544              	.LVL17:
 139:Core/Src/main.c **** 
 545              		.loc 1 139 3 view .LVU137
 546 0030 FFF7FEFF 		bl	visInit
 547              	.LVL18:
 141:Core/Src/main.c **** 
 548              		.loc 1 141 3 view .LVU138
 549 0034 674D     		ldr	r5, .L47+12
 550 0036 8023     		movs	r3, #128
 551 0038 674A     		ldr	r2, .L47+16
 552 003a 6849     		ldr	r1, .L47+20
 553 003c 2846     		mov	r0, r5
 554 003e FFF7FEFF 		bl	NOS_WS2812B_Strip_FullInit
 555              	.LVL19:
 143:Core/Src/main.c ****   NOS_TimeEvent_Init(&screenUpdateEvent, 20);
 556              		.loc 1 143 3 view .LVU139
 557 0042 3221     		movs	r1, #50
 558 0044 6648     		ldr	r0, .L47+24
 559 0046 FFF7FEFF 		bl	NOS_TimeEvent_Init
 560              	.LVL20:
 144:Core/Src/main.c ****   NOS_TimeEvent_Init(&uartTestEvent, 1000);
 561              		.loc 1 144 3 view .LVU140
 562 004a 1421     		movs	r1, #20
 563 004c 6548     		ldr	r0, .L47+28
 564 004e FFF7FEFF 		bl	NOS_TimeEvent_Init
 565              	.LVL21:
 145:Core/Src/main.c ****   //NOS_WS2812B_Strip_TestFill(&stripA);
 566              		.loc 1 145 3 view .LVU141
 567 0052 4FF47A71 		mov	r1, #1000
 568 0056 6448     		ldr	r0, .L47+32
 569 0058 FFF7FEFF 		bl	NOS_TimeEvent_Init
 570              	.LVL22:
 148:Core/Src/main.c **** 
 571              		.loc 1 148 3 view .LVU142
 572 005c 0123     		movs	r3, #1
 573 005e 4B22     		movs	r2, #75
 574 0060 4121     		movs	r1, #65
 575 0062 6248     		ldr	r0, .L47+36
 576 0064 FFF7FEFF 		bl	NOS_Math_SinValue_Init
 577              	.LVL23:
 150:Core/Src/main.c ****   NOS_GPIO_PinInit(&PE4,GPIOE,GPIO_PIN_4,Input);
 578              		.loc 1 150 3 view .LVU143
 579 0068 614E     		ldr	r6, .L47+40
 580 006a 0123     		movs	r3, #1
 581 006c 0822     		movs	r2, #8
 582 006e 3146     		mov	r1, r6
 583 0070 6048     		ldr	r0, .L47+44
 584 0072 FFF7FEFF 		bl	NOS_GPIO_PinInit
 585              	.LVL24:
 151:Core/Src/main.c **** 
 586              		.loc 1 151 3 view .LVU144
 587 0076 0123     		movs	r3, #1
 588 0078 1022     		movs	r2, #16
 589 007a 3146     		mov	r1, r6
 590 007c 5E48     		ldr	r0, .L47+48
 591 007e FFF7FEFF 		bl	NOS_GPIO_PinInit
 592              	.LVL25:
ARM GAS  C:\Users\igorn\AppData\Local\Temp\cc9Fto7d.s 			page 24


 153:Core/Src/main.c **** 
 593              		.loc 1 153 3 view .LVU145
 594 0082 0021     		movs	r1, #0
 595 0084 5D48     		ldr	r0, .L47+52
 596 0086 FFF7FEFF 		bl	NOS_Button_Init
 597              	.LVL26:
 155:Core/Src/main.c ****   NOS_GPIO_PinInit(&PA7,GPIOA,GPIO_PIN_7,Output);
 598              		.loc 1 155 3 view .LVU146
 599 008a A6F58056 		sub	r6, r6, #4096
 600 008e 0223     		movs	r3, #2
 601 0090 4022     		movs	r2, #64
 602 0092 3146     		mov	r1, r6
 603 0094 5A48     		ldr	r0, .L47+56
 604 0096 FFF7FEFF 		bl	NOS_GPIO_PinInit
 605              	.LVL27:
 156:Core/Src/main.c **** 
 606              		.loc 1 156 3 view .LVU147
 607 009a 0223     		movs	r3, #2
 608 009c 8022     		movs	r2, #128
 609 009e 3146     		mov	r1, r6
 610 00a0 5848     		ldr	r0, .L47+60
 611 00a2 FFF7FEFF 		bl	NOS_GPIO_PinInit
 612              	.LVL28:
 158:Core/Src/main.c **** 
 613              		.loc 1 158 3 view .LVU148
 614 00a6 2046     		mov	r0, r4
 615 00a8 FFF7FEFF 		bl	NOS_UART_ReceiveAbort
 616              	.LVL29:
 163:Core/Src/main.c ****   NOS_WS2812B_Strip_Effects_AddEffect(&stripA,breatheA);
 617              		.loc 1 163 3 view .LVU149
 618 00ac 564C     		ldr	r4, .L47+64
 619 00ae 6423     		movs	r3, #100
 620 00b0 0093     		str	r3, [sp]
 621 00b2 1E23     		movs	r3, #30
 622 00b4 0122     		movs	r2, #1
 623 00b6 1421     		movs	r1, #20
 624 00b8 2046     		mov	r0, r4
 625 00ba FFF7FEFF 		bl	NOS_WS2812B_Strip_Effect_Breathe_Init
 626              	.LVL30:
 164:Core/Src/main.c ****   
 627              		.loc 1 164 3 view .LVU150
 628 00be EC46     		mov	ip, sp
 629 00c0 04F10C0E 		add	lr, r4, #12
 630 00c4 BEE80F00 		ldmia	lr!, {r0, r1, r2, r3}
 631 00c8 ACE80F00 		stmia	ip!, {r0, r1, r2, r3}
 632 00cc DEF80030 		ldr	r3, [lr]
 633 00d0 CCF80030 		str	r3, [ip]
 634 00d4 94E80E00 		ldm	r4, {r1, r2, r3}
 635 00d8 2846     		mov	r0, r5
 636 00da FFF7FEFF 		bl	NOS_WS2812B_Strip_Effects_AddEffect
 637              	.LVL31:
 166:Core/Src/main.c ****   /* USER CODE END 2 */
 638              		.loc 1 166 3 view .LVU151
 639 00de 2846     		mov	r0, r5
 640 00e0 FFF7FEFF 		bl	NOS_WS2812B_Strip_Update
 641              	.LVL32:
 642 00e4 2EE0     		b	.L37
ARM GAS  C:\Users\igorn\AppData\Local\Temp\cc9Fto7d.s 			page 25


 643              	.L45:
 175:Core/Src/main.c ****           NOS_TimeEvent_TickHandler(&tetrisUpdateEvent);
 644              		.loc 1 175 11 view .LVU152
 645 00e6 3848     		ldr	r0, .L47
 646 00e8 FFF7FEFF 		bl	NOS_UART_Timer_Handler
 647              	.LVL33:
 176:Core/Src/main.c ****           NOS_TimeEvent_TickHandler(&screenUpdateEvent);
 648              		.loc 1 176 11 view .LVU153
 649 00ec 3C48     		ldr	r0, .L47+24
 650 00ee FFF7FEFF 		bl	NOS_TimeEvent_TickHandler
 651              	.LVL34:
 177:Core/Src/main.c ****           //NOS_Button_TimerHandler(&button);
 652              		.loc 1 177 11 view .LVU154
 653 00f2 3C48     		ldr	r0, .L47+28
 654 00f4 FFF7FEFF 		bl	NOS_TimeEvent_TickHandler
 655              	.LVL35:
 179:Core/Src/main.c **** 
 656              		.loc 1 179 11 view .LVU155
 657 00f8 3648     		ldr	r0, .L47+12
 658 00fa FFF7FEFF 		bl	NOS_WS2812B_Strip_Effects_Handler
 659              	.LVL36:
 181:Core/Src/main.c ****     }
 660              		.loc 1 181 11 view .LVU156
 181:Core/Src/main.c ****     }
 661              		.loc 1 181 16 is_stmt 0 view .LVU157
 662 00fe 434B     		ldr	r3, .L47+68
 663 0100 0022     		movs	r2, #0
 664 0102 1A70     		strb	r2, [r3]
 665 0104 22E0     		b	.L32
 666              	.L46:
 189:Core/Src/main.c ****       }
 667              		.loc 1 189 9 is_stmt 1 view .LVU158
 668 0106 4FF47A73 		mov	r3, #1000
 669 010a 0722     		movs	r2, #7
 670 010c 4049     		ldr	r1, .L47+72
 671 010e 2F48     		ldr	r0, .L47+4
 672 0110 FFF7FEFF 		bl	HAL_UART_Transmit
 673              	.LVL37:
 674              	.L34:
 192:Core/Src/main.c ****       HAL_GPIO_TogglePin(GPIOA,GPIO_PIN_7);
 675              		.loc 1 192 7 view .LVU159
 676 0114 2C48     		ldr	r0, .L47
 677 0116 FFF7FEFF 		bl	NOS_UART_EndReceive
 678              	.LVL38:
 193:Core/Src/main.c ****       //HAL_UART_Transmit(&huart2,"ready!",7,1000);
 679              		.loc 1 193 7 view .LVU160
 680 011a 8021     		movs	r1, #128
 681 011c 3D48     		ldr	r0, .L47+76
 682 011e FFF7FEFF 		bl	HAL_GPIO_TogglePin
 683              	.LVL39:
 195:Core/Src/main.c ****       visHandle();
 684              		.loc 1 195 7 view .LVU161
 685 0122 2C48     		ldr	r0, .L47+12
 686 0124 FFF7FEFF 		bl	NOS_WS2812B_Strip_Update
 687              	.LVL40:
 196:Core/Src/main.c ****     }
 688              		.loc 1 196 7 view .LVU162
ARM GAS  C:\Users\igorn\AppData\Local\Temp\cc9Fto7d.s 			page 26


 689 0128 FFF7FEFF 		bl	visHandle
 690              	.LVL41:
 691              	.L33:
 199:Core/Src/main.c ****     { 
 692              		.loc 1 199 5 view .LVU163
 199:Core/Src/main.c ****     { 
 693              		.loc 1 199 9 is_stmt 0 view .LVU164
 694 012c 2C48     		ldr	r0, .L47+24
 695 012e FFF7FEFF 		bl	NOS_TimeEvent_Check
 696              	.LVL42:
 199:Core/Src/main.c ****     { 
 697              		.loc 1 199 8 view .LVU165
 698 0132 D8B9     		cbnz	r0, .L42
 699              	.L35:
 207:Core/Src/main.c ****     {
 700              		.loc 1 207 5 is_stmt 1 view .LVU166
 207:Core/Src/main.c ****     {
 701              		.loc 1 207 9 is_stmt 0 view .LVU167
 702 0134 2B48     		ldr	r0, .L47+28
 703 0136 FFF7FEFF 		bl	NOS_TimeEvent_Check
 704              	.LVL43:
 207:Core/Src/main.c ****     {
 705              		.loc 1 207 8 view .LVU168
 706 013a D8B9     		cbnz	r0, .L43
 707              	.L36:
 216:Core/Src/main.c ****     {
 708              		.loc 1 216 5 is_stmt 1 view .LVU169
 216:Core/Src/main.c ****     {
 709              		.loc 1 216 8 is_stmt 0 view .LVU170
 710 013c 2F48     		ldr	r0, .L47+52
 711 013e FFF7FEFF 		bl	NOS_Button_CheckPressDone
 712              	.LVL44:
 216:Core/Src/main.c ****     {
 713              		.loc 1 216 7 view .LVU171
 714 0142 00BB     		cbnz	r0, .L44
 715              	.L37:
 171:Core/Src/main.c ****   {
 716              		.loc 1 171 3 is_stmt 1 view .LVU172
 173:Core/Src/main.c ****     {
 717              		.loc 1 173 5 view .LVU173
 173:Core/Src/main.c ****     {
 718              		.loc 1 173 8 is_stmt 0 view .LVU174
 719 0144 314B     		ldr	r3, .L47+68
 720 0146 1B78     		ldrb	r3, [r3]	@ zero_extendqisi2
 173:Core/Src/main.c ****     {
 721              		.loc 1 173 7 view .LVU175
 722 0148 002B     		cmp	r3, #0
 723 014a CCD1     		bne	.L45
 724              	.L32:
 184:Core/Src/main.c ****     {
 725              		.loc 1 184 5 is_stmt 1 view .LVU176
 184:Core/Src/main.c ****     {
 726              		.loc 1 184 8 is_stmt 0 view .LVU177
 727 014c 1E48     		ldr	r0, .L47
 728 014e FFF7FEFF 		bl	NOS_UART_CheckReceive
 729              	.LVL45:
 184:Core/Src/main.c ****     {
ARM GAS  C:\Users\igorn\AppData\Local\Temp\cc9Fto7d.s 			page 27


 730              		.loc 1 184 7 view .LVU178
 731 0152 0028     		cmp	r0, #0
 732 0154 EAD0     		beq	.L33
 187:Core/Src/main.c ****       {
 733              		.loc 1 187 7 is_stmt 1 view .LVU179
 187:Core/Src/main.c ****       {
 734              		.loc 1 187 10 is_stmt 0 view .LVU180
 735 0156 1C48     		ldr	r0, .L47
 736 0158 FFF7FEFF 		bl	NOS_UART_GetReceivedData
 737              	.LVL46:
 738 015c 0146     		mov	r1, r0
 739 015e 1D48     		ldr	r0, .L47+12
 740 0160 FFF7FEFF 		bl	NOS_Strip_Uart_ParseCommand
 741              	.LVL47:
 187:Core/Src/main.c ****       {
 742              		.loc 1 187 9 view .LVU181
 743 0164 2A4B     		ldr	r3, .L47+72
 744 0166 8342     		cmp	r3, r0
 745 0168 D4D1     		bne	.L34
 746 016a CCE7     		b	.L46
 747              	.L42:
 204:Core/Src/main.c ****     }
 748              		.loc 1 204 7 is_stmt 1 view .LVU182
 749 016c 1C48     		ldr	r0, .L47+24
 750 016e FFF7FEFF 		bl	NOS_TimeEvent_FinishEvent
 751              	.LVL48:
 752 0172 DFE7     		b	.L35
 753              	.L43:
 211:Core/Src/main.c ****       visHandle();
 754              		.loc 1 211 7 view .LVU183
 755 0174 1748     		ldr	r0, .L47+12
 756 0176 FFF7FEFF 		bl	NOS_WS2812B_Strip_Update
 757              	.LVL49:
 212:Core/Src/main.c ****       NOS_TimeEvent_FinishEvent(&screenUpdateEvent);
 758              		.loc 1 212 7 view .LVU184
 759 017a FFF7FEFF 		bl	visHandle
 760              	.LVL50:
 213:Core/Src/main.c ****     }
 761              		.loc 1 213 7 view .LVU185
 762 017e 1948     		ldr	r0, .L47+28
 763 0180 FFF7FEFF 		bl	NOS_TimeEvent_FinishEvent
 764              	.LVL51:
 765 0184 DAE7     		b	.L36
 766              	.L44:
 218:Core/Src/main.c ****       {
 767              		.loc 1 218 7 view .LVU186
 218:Core/Src/main.c ****       {
 768              		.loc 1 218 20 is_stmt 0 view .LVU187
 769 0186 244B     		ldr	r3, .L47+80
 770 0188 1B68     		ldr	r3, [r3]
 218:Core/Src/main.c ****       {
 771              		.loc 1 218 9 view .LVU188
 772 018a 0A2B     		cmp	r3, #10
 773 018c 18DC     		bgt	.L38
 220:Core/Src/main.c ****       }
 774              		.loc 1 220 9 is_stmt 1 view .LVU189
 220:Core/Src/main.c ****       }
ARM GAS  C:\Users\igorn\AppData\Local\Temp\cc9Fto7d.s 			page 28


 775              		.loc 1 220 18 is_stmt 0 view .LVU190
 776 018e 0133     		adds	r3, r3, #1
 777 0190 214A     		ldr	r2, .L47+80
 778 0192 1360     		str	r3, [r2]
 779              	.L39:
 226:Core/Src/main.c ****       NOS_Button_PressDoneHandler(&button);
 780              		.loc 1 226 7 is_stmt 1 view .LVU191
 781 0194 204B     		ldr	r3, .L47+80
 782 0196 1878     		ldrb	r0, [r3]	@ zero_extendqisi2
 783 0198 FFF7FEFF 		bl	NOS_GetBaseColor
 784              	.LVL52:
 785 019c 8DF81C00 		strb	r0, [sp, #28]
 786 01a0 C0F30723 		ubfx	r3, r0, #8, #8
 787 01a4 8DF81D30 		strb	r3, [sp, #29]
 788 01a8 C0F30740 		ubfx	r0, r0, #16, #8
 789 01ac 8DF81E00 		strb	r0, [sp, #30]
 790 01b0 0799     		ldr	r1, [sp, #28]
 791 01b2 0848     		ldr	r0, .L47+12
 792 01b4 FFF7FEFF 		bl	NOS_WS2812B_Strip_ColorFill
 793              	.LVL53:
 227:Core/Src/main.c ****     }
 794              		.loc 1 227 7 view .LVU192
 795 01b8 1048     		ldr	r0, .L47+52
 796 01ba FFF7FEFF 		bl	NOS_Button_PressDoneHandler
 797              	.LVL54:
 798 01be C1E7     		b	.L37
 799              	.L38:
 224:Core/Src/main.c ****       }
 800              		.loc 1 224 9 view .LVU193
 224:Core/Src/main.c ****       }
 801              		.loc 1 224 19 is_stmt 0 view .LVU194
 802 01c0 154B     		ldr	r3, .L47+80
 803 01c2 0022     		movs	r2, #0
 804 01c4 1A60     		str	r2, [r3]
 805 01c6 E5E7     		b	.L39
 806              	.L48:
 807              		.align	2
 808              	.L47:
 809 01c8 00000000 		.word	UART2
 810 01cc 00000000 		.word	huart2
 811 01d0 00000000 		.word	.LC0
 812 01d4 00000000 		.word	stripA
 813 01d8 00000000 		.word	pixelsA
 814 01dc 00000000 		.word	frameBuffer1
 815 01e0 00000000 		.word	tetrisUpdateEvent
 816 01e4 00000000 		.word	screenUpdateEvent
 817 01e8 00000000 		.word	uartTestEvent
 818 01ec 00000000 		.word	bright
 819 01f0 00100240 		.word	1073876992
 820 01f4 00000000 		.word	PE3
 821 01f8 00000000 		.word	PE4
 822 01fc 00000000 		.word	button
 823 0200 00000000 		.word	PA6
 824 0204 00000000 		.word	PA7
 825 0208 00000000 		.word	breatheA
 826 020c 00000000 		.word	tick
 827 0210 08000000 		.word	.LC1
ARM GAS  C:\Users\igorn\AppData\Local\Temp\cc9Fto7d.s 			page 29


 828 0214 00000240 		.word	1073872896
 829 0218 00000000 		.word	currColor
 830              		.cfi_endproc
 831              	.LFE131:
 833              		.global	red
 834              		.section	.data.red,"aw"
 835              		.align	2
 838              	red:
 839 0000 FF       		.byte	-1
 840 0001 00       		.byte	0
 841 0002 00       		.byte	0
 842              		.global	tick
 843              		.section	.bss.tick,"aw",%nobits
 846              	tick:
 847 0000 00       		.space	1
 848              		.global	value
 849              		.section	.bss.value,"aw",%nobits
 850              		.align	2
 853              	value:
 854 0000 0000     		.space	2
 855              		.global	breatheA
 856              		.section	.bss.breatheA,"aw",%nobits
 857              		.align	2
 860              	breatheA:
 861 0000 00000000 		.space	32
 861      00000000 
 861      00000000 
 861      00000000 
 861      00000000 
 862              		.global	buttonDelay
 863              		.section	.bss.buttonDelay,"aw",%nobits
 864              		.align	2
 867              	buttonDelay:
 868 0000 00000000 		.space	4
 869              		.global	currColor
 870              		.section	.bss.currColor,"aw",%nobits
 871              		.align	2
 874              	currColor:
 875 0000 00000000 		.space	4
 876              		.global	uartPixelCount
 877              		.section	.bss.uartPixelCount,"aw",%nobits
 878              		.align	2
 881              	uartPixelCount:
 882 0000 00000000 		.space	4
 883              		.global	PE4
 884              		.section	.bss.PE4,"aw",%nobits
 885              		.align	2
 888              	PE4:
 889 0000 00000000 		.space	8
 889      00000000 
 890              		.global	PE3
 891              		.section	.bss.PE3,"aw",%nobits
 892              		.align	2
 895              	PE3:
 896 0000 00000000 		.space	8
 896      00000000 
 897              		.global	PA7
ARM GAS  C:\Users\igorn\AppData\Local\Temp\cc9Fto7d.s 			page 30


 898              		.section	.bss.PA7,"aw",%nobits
 899              		.align	2
 902              	PA7:
 903 0000 00000000 		.space	8
 903      00000000 
 904              		.global	PA6
 905              		.section	.bss.PA6,"aw",%nobits
 906              		.align	2
 909              	PA6:
 910 0000 00000000 		.space	8
 910      00000000 
 911              		.global	button
 912              		.section	.bss.button,"aw",%nobits
 913              		.align	2
 916              	button:
 917 0000 00000000 		.space	32
 917      00000000 
 917      00000000 
 917      00000000 
 917      00000000 
 918              		.global	bright
 919              		.section	.bss.bright,"aw",%nobits
 920              		.align	2
 923              	bright:
 924 0000 00000000 		.space	20
 924      00000000 
 924      00000000 
 924      00000000 
 924      00000000 
 925              		.global	receiveTime
 926              		.section	.bss.receiveTime,"aw",%nobits
 927              		.align	2
 930              	receiveTime:
 931 0000 00000000 		.space	4
 932              		.global	UART2
 933              		.section	.bss.UART2,"aw",%nobits
 934              		.align	2
 937              	UART2:
 938 0000 00000000 		.space	4136
 938      00000000 
 938      00000000 
 938      00000000 
 938      00000000 
 939              		.global	pixelsA
 940              		.section	.bss.pixelsA,"aw",%nobits
 941              		.align	2
 944              	pixelsA:
 945 0000 00000000 		.space	384
 945      00000000 
 945      00000000 
 945      00000000 
 945      00000000 
 946              		.global	stripA
 947              		.section	.bss.stripA,"aw",%nobits
 948              		.align	2
 951              	stripA:
 952 0000 00000000 		.space	340
ARM GAS  C:\Users\igorn\AppData\Local\Temp\cc9Fto7d.s 			page 31


 952      00000000 
 952      00000000 
 952      00000000 
 952      00000000 
 953              		.global	uartTestEvent
 954              		.section	.bss.uartTestEvent,"aw",%nobits
 955              		.align	2
 958              	uartTestEvent:
 959 0000 00000000 		.space	12
 959      00000000 
 959      00000000 
 960              		.global	screenUpdateEvent
 961              		.section	.bss.screenUpdateEvent,"aw",%nobits
 962              		.align	2
 965              	screenUpdateEvent:
 966 0000 00000000 		.space	12
 966      00000000 
 966      00000000 
 967              		.global	tetrisUpdateEvent
 968              		.section	.bss.tetrisUpdateEvent,"aw",%nobits
 969              		.align	2
 972              	tetrisUpdateEvent:
 973 0000 00000000 		.space	12
 973      00000000 
 973      00000000 
 974              		.global	hpcd_USB_OTG_FS
 975              		.section	.bss.hpcd_USB_OTG_FS,"aw",%nobits
 976              		.align	2
 979              	hpcd_USB_OTG_FS:
 980 0000 00000000 		.space	1292
 980      00000000 
 980      00000000 
 980      00000000 
 980      00000000 
 981              		.global	huart2
 982              		.section	.bss.huart2,"aw",%nobits
 983              		.align	2
 986              	huart2:
 987 0000 00000000 		.space	68
 987      00000000 
 987      00000000 
 987      00000000 
 987      00000000 
 988              		.global	htim6
 989              		.section	.bss.htim6,"aw",%nobits
 990              		.align	2
 993              	htim6:
 994 0000 00000000 		.space	72
 994      00000000 
 994      00000000 
 994      00000000 
 994      00000000 
 995              		.global	hspi1
 996              		.section	.bss.hspi1,"aw",%nobits
 997              		.align	2
 1000              	hspi1:
 1001 0000 00000000 		.space	88
ARM GAS  C:\Users\igorn\AppData\Local\Temp\cc9Fto7d.s 			page 32


 1001      00000000 
 1001      00000000 
 1001      00000000 
 1001      00000000 
 1002              		.text
 1003              	.Letext0:
 1004              		.file 3 "c:\\users\\igorn\\appdata\\roaming\\code\\user\\globalstorage\\bmd.stm32-for-vscode\\@xpa
 1005              		.file 4 "c:\\users\\igorn\\appdata\\roaming\\code\\user\\globalstorage\\bmd.stm32-for-vscode\\@xpa
 1006              		.file 5 "Drivers/CMSIS/Device/ST/STM32F4xx/Include/stm32f407xx.h"
 1007              		.file 6 "Drivers/STM32F4xx_HAL_Driver/Inc/stm32f4xx_hal_def.h"
 1008              		.file 7 "Drivers/STM32F4xx_HAL_Driver/Inc/stm32f4xx_hal_rcc_ex.h"
 1009              		.file 8 "Drivers/STM32F4xx_HAL_Driver/Inc/stm32f4xx_hal_rcc.h"
 1010              		.file 9 "Drivers/STM32F4xx_HAL_Driver/Inc/stm32f4xx_hal_gpio.h"
 1011              		.file 10 "Drivers/STM32F4xx_HAL_Driver/Inc/stm32f4xx_hal_dma.h"
 1012              		.file 11 "Drivers/STM32F4xx_HAL_Driver/Inc/stm32f4xx_hal_spi.h"
 1013              		.file 12 "Drivers/STM32F4xx_HAL_Driver/Inc/stm32f4xx_hal_tim.h"
 1014              		.file 13 "Drivers/STM32F4xx_HAL_Driver/Inc/stm32f4xx_hal_uart.h"
 1015              		.file 14 "Drivers/STM32F4xx_HAL_Driver/Inc/stm32f4xx_ll_usb.h"
 1016              		.file 15 "Drivers/STM32F4xx_HAL_Driver/Inc/stm32f4xx_hal_pcd.h"
 1017              		.file 16 "Core/Inc/../Src/NOS_LIB_Driver/Inc/NOS_Typedefs.h"
 1018              		.file 17 "Core/Inc/../Src/NOS_LIB_Driver/Inc/NOS_GPIO.h"
 1019              		.file 18 "Core/Inc/../Src/NOS_LIB_Driver/Inc/NOS_BaseColors.h"
 1020              		.file 19 "Core/Inc/../Src/NOS_LIB_Driver/Inc/NOS_UART.h"
 1021              		.file 20 "Core/Inc/../Src/NOS_LIB_Driver/Inc/NOS_Button.h"
 1022              		.file 21 "Core/Inc/../Src/NOS_LIB_Driver/Inc/NOS_WS2812B_Strip.h"
 1023              		.file 22 "Core/Inc/../Src/NOS_LIB_Driver/Inc/NOS_Time.h"
 1024              		.file 23 "Core/Inc/../Src/NOS_LIB_Driver/Inc/NOS_Strip_UART.h"
 1025              		.file 24 "Core/Inc/../Src/NOS_LIB_Driver/Inc/NOS_Math.h"
 1026              		.file 25 "Core/Inc/../Src/NOS_LIB_Driver/Inc/WS2812B_Effects.h"
 1027              		.file 26 "Drivers/STM32F4xx_HAL_Driver/Inc/stm32f4xx_hal.h"
 1028              		.file 27 "<built-in>"
ARM GAS  C:\Users\igorn\AppData\Local\Temp\cc9Fto7d.s 			page 33


DEFINED SYMBOLS
                            *ABS*:00000000 main.c
C:\Users\igorn\AppData\Local\Temp\cc9Fto7d.s:21     .text.MX_GPIO_Init:00000000 $t
C:\Users\igorn\AppData\Local\Temp\cc9Fto7d.s:26     .text.MX_GPIO_Init:00000000 MX_GPIO_Init
C:\Users\igorn\AppData\Local\Temp\cc9Fto7d.s:132    .text.MX_GPIO_Init:00000078 $d
C:\Users\igorn\AppData\Local\Temp\cc9Fto7d.s:137    .text.HAL_UART_RxCpltCallback:00000000 $t
C:\Users\igorn\AppData\Local\Temp\cc9Fto7d.s:143    .text.HAL_UART_RxCpltCallback:00000000 HAL_UART_RxCpltCallback
C:\Users\igorn\AppData\Local\Temp\cc9Fto7d.s:167    .text.HAL_UART_RxCpltCallback:0000000c $d
C:\Users\igorn\AppData\Local\Temp\cc9Fto7d.s:937    .bss.UART2:00000000 UART2
C:\Users\igorn\AppData\Local\Temp\cc9Fto7d.s:172    .text.SysTick_Handler:00000000 $t
C:\Users\igorn\AppData\Local\Temp\cc9Fto7d.s:178    .text.SysTick_Handler:00000000 SysTick_Handler
C:\Users\igorn\AppData\Local\Temp\cc9Fto7d.s:201    .text.SysTick_Handler:00000010 $d
C:\Users\igorn\AppData\Local\Temp\cc9Fto7d.s:846    .bss.tick:00000000 tick
C:\Users\igorn\AppData\Local\Temp\cc9Fto7d.s:206    .text.EXTI3_IRQHandler:00000000 $t
C:\Users\igorn\AppData\Local\Temp\cc9Fto7d.s:212    .text.EXTI3_IRQHandler:00000000 EXTI3_IRQHandler
C:\Users\igorn\AppData\Local\Temp\cc9Fto7d.s:232    .text.Error_Handler:00000000 $t
C:\Users\igorn\AppData\Local\Temp\cc9Fto7d.s:238    .text.Error_Handler:00000000 Error_Handler
C:\Users\igorn\AppData\Local\Temp\cc9Fto7d.s:270    .text.MX_USART2_UART_Init:00000000 $t
C:\Users\igorn\AppData\Local\Temp\cc9Fto7d.s:275    .text.MX_USART2_UART_Init:00000000 MX_USART2_UART_Init
C:\Users\igorn\AppData\Local\Temp\cc9Fto7d.s:329    .text.MX_USART2_UART_Init:0000002c $d
C:\Users\igorn\AppData\Local\Temp\cc9Fto7d.s:986    .bss.huart2:00000000 huart2
C:\Users\igorn\AppData\Local\Temp\cc9Fto7d.s:335    .text.SystemClock_Config:00000000 $t
C:\Users\igorn\AppData\Local\Temp\cc9Fto7d.s:341    .text.SystemClock_Config:00000000 SystemClock_Config
C:\Users\igorn\AppData\Local\Temp\cc9Fto7d.s:487    .text.SystemClock_Config:0000009c $d
C:\Users\igorn\AppData\Local\Temp\cc9Fto7d.s:493    .rodata.main.str1.4:00000000 $d
C:\Users\igorn\AppData\Local\Temp\cc9Fto7d.s:500    .text.main:00000000 $t
C:\Users\igorn\AppData\Local\Temp\cc9Fto7d.s:506    .text.main:00000000 main
C:\Users\igorn\AppData\Local\Temp\cc9Fto7d.s:809    .text.main:000001c8 $d
C:\Users\igorn\AppData\Local\Temp\cc9Fto7d.s:951    .bss.stripA:00000000 stripA
C:\Users\igorn\AppData\Local\Temp\cc9Fto7d.s:944    .bss.pixelsA:00000000 pixelsA
C:\Users\igorn\AppData\Local\Temp\cc9Fto7d.s:972    .bss.tetrisUpdateEvent:00000000 tetrisUpdateEvent
C:\Users\igorn\AppData\Local\Temp\cc9Fto7d.s:965    .bss.screenUpdateEvent:00000000 screenUpdateEvent
C:\Users\igorn\AppData\Local\Temp\cc9Fto7d.s:958    .bss.uartTestEvent:00000000 uartTestEvent
C:\Users\igorn\AppData\Local\Temp\cc9Fto7d.s:923    .bss.bright:00000000 bright
C:\Users\igorn\AppData\Local\Temp\cc9Fto7d.s:895    .bss.PE3:00000000 PE3
C:\Users\igorn\AppData\Local\Temp\cc9Fto7d.s:888    .bss.PE4:00000000 PE4
C:\Users\igorn\AppData\Local\Temp\cc9Fto7d.s:916    .bss.button:00000000 button
C:\Users\igorn\AppData\Local\Temp\cc9Fto7d.s:909    .bss.PA6:00000000 PA6
C:\Users\igorn\AppData\Local\Temp\cc9Fto7d.s:902    .bss.PA7:00000000 PA7
C:\Users\igorn\AppData\Local\Temp\cc9Fto7d.s:860    .bss.breatheA:00000000 breatheA
C:\Users\igorn\AppData\Local\Temp\cc9Fto7d.s:874    .bss.currColor:00000000 currColor
C:\Users\igorn\AppData\Local\Temp\cc9Fto7d.s:838    .data.red:00000000 red
C:\Users\igorn\AppData\Local\Temp\cc9Fto7d.s:835    .data.red:00000000 $d
C:\Users\igorn\AppData\Local\Temp\cc9Fto7d.s:847    .bss.tick:00000000 $d
C:\Users\igorn\AppData\Local\Temp\cc9Fto7d.s:853    .bss.value:00000000 value
C:\Users\igorn\AppData\Local\Temp\cc9Fto7d.s:850    .bss.value:00000000 $d
C:\Users\igorn\AppData\Local\Temp\cc9Fto7d.s:857    .bss.breatheA:00000000 $d
C:\Users\igorn\AppData\Local\Temp\cc9Fto7d.s:867    .bss.buttonDelay:00000000 buttonDelay
C:\Users\igorn\AppData\Local\Temp\cc9Fto7d.s:864    .bss.buttonDelay:00000000 $d
C:\Users\igorn\AppData\Local\Temp\cc9Fto7d.s:871    .bss.currColor:00000000 $d
C:\Users\igorn\AppData\Local\Temp\cc9Fto7d.s:881    .bss.uartPixelCount:00000000 uartPixelCount
C:\Users\igorn\AppData\Local\Temp\cc9Fto7d.s:878    .bss.uartPixelCount:00000000 $d
C:\Users\igorn\AppData\Local\Temp\cc9Fto7d.s:885    .bss.PE4:00000000 $d
C:\Users\igorn\AppData\Local\Temp\cc9Fto7d.s:892    .bss.PE3:00000000 $d
C:\Users\igorn\AppData\Local\Temp\cc9Fto7d.s:899    .bss.PA7:00000000 $d
C:\Users\igorn\AppData\Local\Temp\cc9Fto7d.s:906    .bss.PA6:00000000 $d
C:\Users\igorn\AppData\Local\Temp\cc9Fto7d.s:913    .bss.button:00000000 $d
ARM GAS  C:\Users\igorn\AppData\Local\Temp\cc9Fto7d.s 			page 34


C:\Users\igorn\AppData\Local\Temp\cc9Fto7d.s:920    .bss.bright:00000000 $d
C:\Users\igorn\AppData\Local\Temp\cc9Fto7d.s:930    .bss.receiveTime:00000000 receiveTime
C:\Users\igorn\AppData\Local\Temp\cc9Fto7d.s:927    .bss.receiveTime:00000000 $d
C:\Users\igorn\AppData\Local\Temp\cc9Fto7d.s:934    .bss.UART2:00000000 $d
C:\Users\igorn\AppData\Local\Temp\cc9Fto7d.s:941    .bss.pixelsA:00000000 $d
C:\Users\igorn\AppData\Local\Temp\cc9Fto7d.s:948    .bss.stripA:00000000 $d
C:\Users\igorn\AppData\Local\Temp\cc9Fto7d.s:955    .bss.uartTestEvent:00000000 $d
C:\Users\igorn\AppData\Local\Temp\cc9Fto7d.s:962    .bss.screenUpdateEvent:00000000 $d
C:\Users\igorn\AppData\Local\Temp\cc9Fto7d.s:969    .bss.tetrisUpdateEvent:00000000 $d
C:\Users\igorn\AppData\Local\Temp\cc9Fto7d.s:979    .bss.hpcd_USB_OTG_FS:00000000 hpcd_USB_OTG_FS
C:\Users\igorn\AppData\Local\Temp\cc9Fto7d.s:976    .bss.hpcd_USB_OTG_FS:00000000 $d
C:\Users\igorn\AppData\Local\Temp\cc9Fto7d.s:983    .bss.huart2:00000000 $d
C:\Users\igorn\AppData\Local\Temp\cc9Fto7d.s:993    .bss.htim6:00000000 htim6
C:\Users\igorn\AppData\Local\Temp\cc9Fto7d.s:990    .bss.htim6:00000000 $d
C:\Users\igorn\AppData\Local\Temp\cc9Fto7d.s:1000   .bss.hspi1:00000000 hspi1
C:\Users\igorn\AppData\Local\Temp\cc9Fto7d.s:997    .bss.hspi1:00000000 $d

UNDEFINED SYMBOLS
NOS_UART_ReceiveHandler
HAL_IncTick
HAL_GPIO_EXTI_IRQHandler
HAL_UART_Init
memset
HAL_RCC_OscConfig
HAL_RCC_ClockConfig
HAL_Init
HAL_UART_Receive_IT
HAL_UART_Transmit
visInit
NOS_WS2812B_Strip_FullInit
NOS_TimeEvent_Init
NOS_Math_SinValue_Init
NOS_GPIO_PinInit
NOS_Button_Init
NOS_UART_ReceiveAbort
NOS_WS2812B_Strip_Effect_Breathe_Init
NOS_WS2812B_Strip_Effects_AddEffect
NOS_WS2812B_Strip_Update
NOS_UART_Timer_Handler
NOS_TimeEvent_TickHandler
NOS_WS2812B_Strip_Effects_Handler
NOS_UART_EndReceive
HAL_GPIO_TogglePin
visHandle
NOS_TimeEvent_Check
NOS_Button_CheckPressDone
NOS_UART_CheckReceive
NOS_UART_GetReceivedData
NOS_Strip_Uart_ParseCommand
NOS_TimeEvent_FinishEvent
NOS_GetBaseColor
NOS_WS2812B_Strip_ColorFill
NOS_Button_PressDoneHandler
frameBuffer1
