ARM GAS  C:\Users\igorn\AppData\Local\Temp\cc5sfNDr.s 			page 1


   1              		.cpu cortex-m4
   2              		.arch armv7e-m
   3              		.fpu fpv4-sp-d16
   4              		.eabi_attribute 27, 1
   5              		.eabi_attribute 28, 1
   6              		.eabi_attribute 20, 1
   7              		.eabi_attribute 21, 1
   8              		.eabi_attribute 23, 3
   9              		.eabi_attribute 24, 1
  10              		.eabi_attribute 25, 1
  11              		.eabi_attribute 26, 1
  12              		.eabi_attribute 30, 1
  13              		.eabi_attribute 34, 1
  14              		.eabi_attribute 18, 4
  15              		.file	"NOS_Strip_UART.c"
  16              		.text
  17              	.Ltext0:
  18              		.cfi_sections	.debug_frame
  19              		.file 1 "Core/Src/NOS_LIB_Driver/Src/NOS_Strip_UART.c"
  20              		.section	.rodata.NOS_Strip_Uart_ParseCommand.str1.4,"aMS",%progbits,1
  21              		.align	2
  22              	.LC0:
  23 0000 72656164 		.ascii	"ready!\000"
  23      792100
  24              		.section	.text.NOS_Strip_Uart_ParseCommand,"ax",%progbits
  25              		.align	1
  26              		.global	NOS_Strip_Uart_ParseCommand
  27              		.syntax unified
  28              		.thumb
  29              		.thumb_func
  31              	NOS_Strip_Uart_ParseCommand:
  32              	.LVL0:
  33              	.LFB130:
   1:Core/Src/NOS_LIB_Driver/Src/NOS_Strip_UART.c **** #include "NOS_Strip_UART.h"
   2:Core/Src/NOS_LIB_Driver/Src/NOS_Strip_UART.c **** #include "NOS_WS2812B_Strip.h"
   3:Core/Src/NOS_LIB_Driver/Src/NOS_Strip_UART.c **** 
   4:Core/Src/NOS_LIB_Driver/Src/NOS_Strip_UART.c **** 
   5:Core/Src/NOS_LIB_Driver/Src/NOS_Strip_UART.c **** const char* NOS_Strip_Uart_ParseCommand(WS2812B_Strip* strip,uint8_t* command)
   6:Core/Src/NOS_LIB_Driver/Src/NOS_Strip_UART.c **** {
  34              		.loc 1 6 1 view -0
  35              		.cfi_startproc
  36              		@ args = 0, pretend = 0, frame = 32
  37              		@ frame_needed = 0, uses_anonymous_args = 0
   7:Core/Src/NOS_LIB_Driver/Src/NOS_Strip_UART.c ****     NOS_Short tempShort;
  38              		.loc 1 7 5 view .LVU1
   8:Core/Src/NOS_LIB_Driver/Src/NOS_Strip_UART.c ****     int currPos = 4;
  39              		.loc 1 8 5 view .LVU2
   9:Core/Src/NOS_LIB_Driver/Src/NOS_Strip_UART.c ****     int tempInt1,tempInt2;
  40              		.loc 1 9 5 view .LVU3
  10:Core/Src/NOS_LIB_Driver/Src/NOS_Strip_UART.c ****     uint8_t r,g,b;
  41              		.loc 1 10 5 view .LVU4
  11:Core/Src/NOS_LIB_Driver/Src/NOS_Strip_UART.c **** 
  12:Core/Src/NOS_LIB_Driver/Src/NOS_Strip_UART.c ****     if(command != NULL)
  42              		.loc 1 12 5 view .LVU5
  43              		.loc 1 12 7 is_stmt 0 view .LVU6
  44 0000 0029     		cmp	r1, #0
  45 0002 00F02C81 		beq	.L24
ARM GAS  C:\Users\igorn\AppData\Local\Temp\cc5sfNDr.s 			page 2


   6:Core/Src/NOS_LIB_Driver/Src/NOS_Strip_UART.c ****     NOS_Short tempShort;
  46              		.loc 1 6 1 view .LVU7
  47 0006 2DE9F04F 		push	{r4, r5, r6, r7, r8, r9, r10, fp, lr}
  48              		.cfi_def_cfa_offset 36
  49              		.cfi_offset 4, -36
  50              		.cfi_offset 5, -32
  51              		.cfi_offset 6, -28
  52              		.cfi_offset 7, -24
  53              		.cfi_offset 8, -20
  54              		.cfi_offset 9, -16
  55              		.cfi_offset 10, -12
  56              		.cfi_offset 11, -8
  57              		.cfi_offset 14, -4
  58 000a 8FB0     		sub	sp, sp, #60
  59              		.cfi_def_cfa_offset 96
  60 000c 0546     		mov	r5, r0
  61 000e 0C46     		mov	r4, r1
  13:Core/Src/NOS_LIB_Driver/Src/NOS_Strip_UART.c ****     {
  14:Core/Src/NOS_LIB_Driver/Src/NOS_Strip_UART.c ****             switch (command[3])
  62              		.loc 1 14 13 is_stmt 1 view .LVU8
  63              		.loc 1 14 28 is_stmt 0 view .LVU9
  64 0010 CB78     		ldrb	r3, [r1, #3]	@ zero_extendqisi2
  65              		.loc 1 14 13 view .LVU10
  66 0012 203B     		subs	r3, r3, #32
  67 0014 312B     		cmp	r3, #49
  68 0016 00F21E81 		bhi	.L20
  69 001a DFE813F0 		tbh	[pc, r3, lsl #1]
  70              	.L5:
  71 001e 3200     		.2byte	(.L12-.L5)/2
  72 0020 1C01     		.2byte	(.L20-.L5)/2
  73 0022 1C01     		.2byte	(.L20-.L5)/2
  74 0024 1C01     		.2byte	(.L20-.L5)/2
  75 0026 1C01     		.2byte	(.L20-.L5)/2
  76 0028 1C01     		.2byte	(.L20-.L5)/2
  77 002a 1C01     		.2byte	(.L20-.L5)/2
  78 002c 1C01     		.2byte	(.L20-.L5)/2
  79 002e 1C01     		.2byte	(.L20-.L5)/2
  80 0030 1C01     		.2byte	(.L20-.L5)/2
  81 0032 1C01     		.2byte	(.L20-.L5)/2
  82 0034 1C01     		.2byte	(.L20-.L5)/2
  83 0036 1C01     		.2byte	(.L20-.L5)/2
  84 0038 1C01     		.2byte	(.L20-.L5)/2
  85 003a 1C01     		.2byte	(.L20-.L5)/2
  86 003c 1C01     		.2byte	(.L20-.L5)/2
  87 003e 3400     		.2byte	(.L11-.L5)/2
  88 0040 4400     		.2byte	(.L10-.L5)/2
  89 0042 6500     		.2byte	(.L9-.L5)/2
  90 0044 7700     		.2byte	(.L8-.L5)/2
  91 0046 1C01     		.2byte	(.L20-.L5)/2
  92 0048 7B00     		.2byte	(.L7-.L5)/2
  93 004a 1C01     		.2byte	(.L20-.L5)/2
  94 004c 1C01     		.2byte	(.L20-.L5)/2
  95 004e 1C01     		.2byte	(.L20-.L5)/2
  96 0050 1C01     		.2byte	(.L20-.L5)/2
  97 0052 1C01     		.2byte	(.L20-.L5)/2
  98 0054 1C01     		.2byte	(.L20-.L5)/2
  99 0056 1C01     		.2byte	(.L20-.L5)/2
ARM GAS  C:\Users\igorn\AppData\Local\Temp\cc5sfNDr.s 			page 3


 100 0058 1C01     		.2byte	(.L20-.L5)/2
 101 005a 1C01     		.2byte	(.L20-.L5)/2
 102 005c 1C01     		.2byte	(.L20-.L5)/2
 103 005e 1C01     		.2byte	(.L20-.L5)/2
 104 0060 1C01     		.2byte	(.L20-.L5)/2
 105 0062 1C01     		.2byte	(.L20-.L5)/2
 106 0064 1C01     		.2byte	(.L20-.L5)/2
 107 0066 1C01     		.2byte	(.L20-.L5)/2
 108 0068 1C01     		.2byte	(.L20-.L5)/2
 109 006a 1C01     		.2byte	(.L20-.L5)/2
 110 006c 1C01     		.2byte	(.L20-.L5)/2
 111 006e 1C01     		.2byte	(.L20-.L5)/2
 112 0070 1C01     		.2byte	(.L20-.L5)/2
 113 0072 1C01     		.2byte	(.L20-.L5)/2
 114 0074 1C01     		.2byte	(.L20-.L5)/2
 115 0076 1C01     		.2byte	(.L20-.L5)/2
 116 0078 1C01     		.2byte	(.L20-.L5)/2
 117 007a 1C01     		.2byte	(.L20-.L5)/2
 118 007c 1C01     		.2byte	(.L20-.L5)/2
 119 007e E400     		.2byte	(.L21-.L5)/2
 120 0080 E600     		.2byte	(.L4-.L5)/2
 121              		.p2align 1
 122              	.L12:
 123 0082 7748     		ldr	r0, .L28
 124              	.LVL1:
 125              		.loc 1 14 13 view .LVU11
 126 0084 E8E0     		b	.L1
 127              	.LVL2:
 128              	.L11:
 129              	.LBB2:
  15:Core/Src/NOS_LIB_Driver/Src/NOS_Strip_UART.c ****             {
  16:Core/Src/NOS_LIB_Driver/Src/NOS_Strip_UART.c ****             case CHECK_CONNECTION:
  17:Core/Src/NOS_LIB_Driver/Src/NOS_Strip_UART.c ****                 return "ready!";
  18:Core/Src/NOS_LIB_Driver/Src/NOS_Strip_UART.c ****             
  19:Core/Src/NOS_LIB_Driver/Src/NOS_Strip_UART.c ****             case SET_ONE_PIXEL_COLOR_COMMAND:
  20:Core/Src/NOS_LIB_Driver/Src/NOS_Strip_UART.c **** 
  21:Core/Src/NOS_LIB_Driver/Src/NOS_Strip_UART.c ****                 //pixelPos 
  22:Core/Src/NOS_LIB_Driver/Src/NOS_Strip_UART.c ****                 tempShort.bytes[1] = command[4];
 130              		.loc 1 22 17 is_stmt 1 view .LVU12
 131              		.loc 1 22 36 is_stmt 0 view .LVU13
 132 0086 0B79     		ldrb	r3, [r1, #4]	@ zero_extendqisi2
 133 0088 4FF00006 		mov	r6, #0	@ movhi
 134              	.LVL3:
 135              		.loc 1 22 36 view .LVU14
 136 008c 63F30F26 		bfi	r6, r3, #8, #8
 137              	.LVL4:
  23:Core/Src/NOS_LIB_Driver/Src/NOS_Strip_UART.c ****                 tempShort.bytes[0] = command[5];
 138              		.loc 1 23 17 is_stmt 1 view .LVU15
 139              		.loc 1 23 36 is_stmt 0 view .LVU16
 140 0090 4B79     		ldrb	r3, [r1, #5]	@ zero_extendqisi2
 141 0092 63F30706 		bfi	r6, r3, #0, #8
  24:Core/Src/NOS_LIB_Driver/Src/NOS_Strip_UART.c ****                 tempInt1 = tempShort.data;
 142              		.loc 1 24 17 is_stmt 1 view .LVU17
 143              	.LVL5:
  25:Core/Src/NOS_LIB_Driver/Src/NOS_Strip_UART.c **** 
  26:Core/Src/NOS_LIB_Driver/Src/NOS_Strip_UART.c ****                 //color
  27:Core/Src/NOS_LIB_Driver/Src/NOS_Strip_UART.c ****                 r = command[6];
ARM GAS  C:\Users\igorn\AppData\Local\Temp\cc5sfNDr.s 			page 4


 144              		.loc 1 27 17 view .LVU18
  28:Core/Src/NOS_LIB_Driver/Src/NOS_Strip_UART.c ****                 g = command[7];
 145              		.loc 1 28 17 view .LVU19
  29:Core/Src/NOS_LIB_Driver/Src/NOS_Strip_UART.c ****                 b = command[8];
 146              		.loc 1 29 17 view .LVU20
 147              		.loc 1 29 19 is_stmt 0 view .LVU21
 148 0096 0B7A     		ldrb	r3, [r1, #8]	@ zero_extendqisi2
 149              	.LVL6:
  30:Core/Src/NOS_LIB_Driver/Src/NOS_Strip_UART.c **** 
  31:Core/Src/NOS_LIB_Driver/Src/NOS_Strip_UART.c ****                 NOS_WS2812B_Strip_SetPixel(strip,tempInt1,r,g,b);
 150              		.loc 1 31 17 is_stmt 1 view .LVU22
 151 0098 0093     		str	r3, [sp]
 152              	.LVL7:
 153              		.loc 1 31 17 is_stmt 0 view .LVU23
 154 009a CB79     		ldrb	r3, [r1, #7]	@ zero_extendqisi2
 155              	.LVL8:
 156              		.loc 1 31 17 view .LVU24
 157 009c 8A79     		ldrb	r2, [r1, #6]	@ zero_extendqisi2
 158 009e B1B2     		uxth	r1, r6
 159              	.LVL9:
 160              		.loc 1 31 17 view .LVU25
 161 00a0 FFF7FEFF 		bl	NOS_WS2812B_Strip_SetPixel
 162              	.LVL10:
  32:Core/Src/NOS_LIB_Driver/Src/NOS_Strip_UART.c ****                 break;
 163              		.loc 1 32 17 is_stmt 1 view .LVU26
 164 00a4 D8E0     		b	.L1
 165              	.LVL11:
 166              	.L10:
  33:Core/Src/NOS_LIB_Driver/Src/NOS_Strip_UART.c **** 
  34:Core/Src/NOS_LIB_Driver/Src/NOS_Strip_UART.c ****             case SET_ROW_PIXEL_COLOR_COMMAND:
  35:Core/Src/NOS_LIB_Driver/Src/NOS_Strip_UART.c **** 
  36:Core/Src/NOS_LIB_Driver/Src/NOS_Strip_UART.c ****                 //pixelPos
  37:Core/Src/NOS_LIB_Driver/Src/NOS_Strip_UART.c ****                 tempShort.bytes[1] = command[currPos++];
 167              		.loc 1 37 17 view .LVU27
 168              		.loc 1 37 45 is_stmt 0 view .LVU28
 169 00a6 0B79     		ldrb	r3, [r1, #4]	@ zero_extendqisi2
 170              		.loc 1 37 36 view .LVU29
 171 00a8 4FF00006 		mov	r6, #0	@ movhi
 172              		.loc 1 37 36 view .LVU30
 173 00ac 63F30F26 		bfi	r6, r3, #8, #8
 174              	.LVL12:
  38:Core/Src/NOS_LIB_Driver/Src/NOS_Strip_UART.c ****                 tempShort.bytes[0] = command[currPos++];
 175              		.loc 1 38 17 is_stmt 1 view .LVU31
 176              		.loc 1 38 45 is_stmt 0 view .LVU32
 177 00b0 4B79     		ldrb	r3, [r1, #5]	@ zero_extendqisi2
 178              		.loc 1 38 36 view .LVU33
 179 00b2 63F30706 		bfi	r6, r3, #0, #8
  39:Core/Src/NOS_LIB_Driver/Src/NOS_Strip_UART.c ****                 tempInt1 = tempShort.data;
 180              		.loc 1 39 17 is_stmt 1 view .LVU34
 181              		.loc 1 39 37 is_stmt 0 view .LVU35
 182 00b6 B7B2     		uxth	r7, r6
 183              	.LVL13:
  40:Core/Src/NOS_LIB_Driver/Src/NOS_Strip_UART.c **** 
  41:Core/Src/NOS_LIB_Driver/Src/NOS_Strip_UART.c ****                 //pixelCount
  42:Core/Src/NOS_LIB_Driver/Src/NOS_Strip_UART.c ****                 tempShort.bytes[1] = command[currPos++];
 184              		.loc 1 42 17 is_stmt 1 view .LVU36
 185              		.loc 1 42 45 is_stmt 0 view .LVU37
ARM GAS  C:\Users\igorn\AppData\Local\Temp\cc5sfNDr.s 			page 5


 186 00b8 8B79     		ldrb	r3, [r1, #6]	@ zero_extendqisi2
 187              		.loc 1 42 36 view .LVU38
 188 00ba 63F30F26 		bfi	r6, r3, #8, #8
  43:Core/Src/NOS_LIB_Driver/Src/NOS_Strip_UART.c ****                 tempShort.bytes[0] = command[currPos++];
 189              		.loc 1 43 17 is_stmt 1 view .LVU39
 190              	.LVL14:
 191              		.loc 1 43 45 is_stmt 0 view .LVU40
 192 00be CB79     		ldrb	r3, [r1, #7]	@ zero_extendqisi2
 193              		.loc 1 43 36 view .LVU41
 194 00c0 63F30706 		bfi	r6, r3, #0, #8
  44:Core/Src/NOS_LIB_Driver/Src/NOS_Strip_UART.c ****                 tempInt2 = tempShort.data;
 195              		.loc 1 44 17 is_stmt 1 view .LVU42
 196              		.loc 1 44 37 is_stmt 0 view .LVU43
 197 00c4 B6B2     		uxth	r6, r6
 198              	.LVL15:
  45:Core/Src/NOS_LIB_Driver/Src/NOS_Strip_UART.c **** 
  46:Core/Src/NOS_LIB_Driver/Src/NOS_Strip_UART.c ****                 //color
  47:Core/Src/NOS_LIB_Driver/Src/NOS_Strip_UART.c ****                 r = command[currPos++];
 199              		.loc 1 47 17 is_stmt 1 view .LVU44
 200              		.loc 1 47 19 is_stmt 0 view .LVU45
 201 00c6 91F80890 		ldrb	r9, [r1, #8]	@ zero_extendqisi2
 202              	.LVL16:
  48:Core/Src/NOS_LIB_Driver/Src/NOS_Strip_UART.c ****                 g = command[currPos++];
 203              		.loc 1 48 17 is_stmt 1 view .LVU46
 204              		.loc 1 48 19 is_stmt 0 view .LVU47
 205 00ca 91F80980 		ldrb	r8, [r1, #9]	@ zero_extendqisi2
 206              	.LVL17:
  49:Core/Src/NOS_LIB_Driver/Src/NOS_Strip_UART.c ****                 b = command[currPos++];
 207              		.loc 1 49 17 is_stmt 1 view .LVU48
 208              		.loc 1 49 19 is_stmt 0 view .LVU49
 209 00ce 8C7A     		ldrb	r4, [r1, #10]	@ zero_extendqisi2
 210              	.LVL18:
  50:Core/Src/NOS_LIB_Driver/Src/NOS_Strip_UART.c **** 
  51:Core/Src/NOS_LIB_Driver/Src/NOS_Strip_UART.c ****                 //fill in row
  52:Core/Src/NOS_LIB_Driver/Src/NOS_Strip_UART.c ****                 for(int i = tempInt1; i < tempInt2; i++)
 211              		.loc 1 52 17 is_stmt 1 view .LVU50
 212              	.LBB3:
 213              		.loc 1 52 21 view .LVU51
 214              		.loc 1 52 17 is_stmt 0 view .LVU52
 215 00d0 07E0     		b	.L14
 216              	.LVL19:
 217              	.L15:
  53:Core/Src/NOS_LIB_Driver/Src/NOS_Strip_UART.c ****                 {
  54:Core/Src/NOS_LIB_Driver/Src/NOS_Strip_UART.c ****                     NOS_WS2812B_Strip_SetPixel(strip,i,r,g,b);
 218              		.loc 1 54 21 is_stmt 1 discriminator 3 view .LVU53
 219 00d2 0094     		str	r4, [sp]
 220 00d4 4346     		mov	r3, r8
 221 00d6 4A46     		mov	r2, r9
 222 00d8 3946     		mov	r1, r7
 223 00da 2846     		mov	r0, r5
 224 00dc FFF7FEFF 		bl	NOS_WS2812B_Strip_SetPixel
 225              	.LVL20:
  52:Core/Src/NOS_LIB_Driver/Src/NOS_Strip_UART.c ****                 {
 226              		.loc 1 52 54 discriminator 3 view .LVU54
 227 00e0 0137     		adds	r7, r7, #1
 228              	.LVL21:
 229              	.L14:
ARM GAS  C:\Users\igorn\AppData\Local\Temp\cc5sfNDr.s 			page 6


  52:Core/Src/NOS_LIB_Driver/Src/NOS_Strip_UART.c ****                 {
 230              		.loc 1 52 41 discriminator 1 view .LVU55
 231 00e2 B742     		cmp	r7, r6
 232 00e4 F5DB     		blt	.L15
  52:Core/Src/NOS_LIB_Driver/Src/NOS_Strip_UART.c ****                 {
 233              		.loc 1 52 41 is_stmt 0 discriminator 1 view .LVU56
 234 00e6 B7E0     		b	.L1
 235              	.LVL22:
 236              	.L9:
  52:Core/Src/NOS_LIB_Driver/Src/NOS_Strip_UART.c ****                 {
 237              		.loc 1 52 41 discriminator 1 view .LVU57
 238              	.LBE3:
  55:Core/Src/NOS_LIB_Driver/Src/NOS_Strip_UART.c ****                 }
  56:Core/Src/NOS_LIB_Driver/Src/NOS_Strip_UART.c **** 
  57:Core/Src/NOS_LIB_Driver/Src/NOS_Strip_UART.c ****                 break;
  58:Core/Src/NOS_LIB_Driver/Src/NOS_Strip_UART.c **** 
  59:Core/Src/NOS_LIB_Driver/Src/NOS_Strip_UART.c ****             case SET_ALL_PIXEL_ONE_COLOR_COMMAND:
  60:Core/Src/NOS_LIB_Driver/Src/NOS_Strip_UART.c **** 
  61:Core/Src/NOS_LIB_Driver/Src/NOS_Strip_UART.c ****                 //color
  62:Core/Src/NOS_LIB_Driver/Src/NOS_Strip_UART.c ****                 r = command[currPos++];
 239              		.loc 1 62 17 is_stmt 1 view .LVU58
 240              		.loc 1 62 19 is_stmt 0 view .LVU59
 241 00e8 91F80480 		ldrb	r8, [r1, #4]	@ zero_extendqisi2
 242              	.LVL23:
  63:Core/Src/NOS_LIB_Driver/Src/NOS_Strip_UART.c ****                 g = command[currPos++];
 243              		.loc 1 63 17 is_stmt 1 view .LVU60
 244              		.loc 1 63 19 is_stmt 0 view .LVU61
 245 00ec 4F79     		ldrb	r7, [r1, #5]	@ zero_extendqisi2
 246              	.LVL24:
  64:Core/Src/NOS_LIB_Driver/Src/NOS_Strip_UART.c ****                 b = command[currPos++];
 247              		.loc 1 64 17 is_stmt 1 view .LVU62
 248              		.loc 1 64 19 is_stmt 0 view .LVU63
 249 00ee 8E79     		ldrb	r6, [r1, #6]	@ zero_extendqisi2
 250              	.LVL25:
  65:Core/Src/NOS_LIB_Driver/Src/NOS_Strip_UART.c **** 
  66:Core/Src/NOS_LIB_Driver/Src/NOS_Strip_UART.c ****                 //fill all pixels
  67:Core/Src/NOS_LIB_Driver/Src/NOS_Strip_UART.c ****                 for(int i = 0; i < strip->pixelCount; i++)
 251              		.loc 1 67 17 is_stmt 1 view .LVU64
 252              	.LBB4:
 253              		.loc 1 67 21 view .LVU65
 254              		.loc 1 67 25 is_stmt 0 view .LVU66
 255 00f0 0024     		movs	r4, #0
 256              		.loc 1 67 17 view .LVU67
 257 00f2 07E0     		b	.L16
 258              	.LVL26:
 259              	.L17:
  68:Core/Src/NOS_LIB_Driver/Src/NOS_Strip_UART.c ****                 {
  69:Core/Src/NOS_LIB_Driver/Src/NOS_Strip_UART.c ****                     NOS_WS2812B_Strip_SetPixel(strip,i,r,g,b);
 260              		.loc 1 69 21 is_stmt 1 discriminator 3 view .LVU68
 261 00f4 0096     		str	r6, [sp]
 262 00f6 3B46     		mov	r3, r7
 263 00f8 4246     		mov	r2, r8
 264 00fa 2146     		mov	r1, r4
 265 00fc 2846     		mov	r0, r5
 266 00fe FFF7FEFF 		bl	NOS_WS2812B_Strip_SetPixel
 267              	.LVL27:
  67:Core/Src/NOS_LIB_Driver/Src/NOS_Strip_UART.c ****                 {
ARM GAS  C:\Users\igorn\AppData\Local\Temp\cc5sfNDr.s 			page 7


 268              		.loc 1 67 56 discriminator 3 view .LVU69
 269 0102 0134     		adds	r4, r4, #1
 270              	.LVL28:
 271              	.L16:
  67:Core/Src/NOS_LIB_Driver/Src/NOS_Strip_UART.c ****                 {
 272              		.loc 1 67 34 discriminator 1 view .LVU70
  67:Core/Src/NOS_LIB_Driver/Src/NOS_Strip_UART.c ****                 {
 273              		.loc 1 67 41 is_stmt 0 discriminator 1 view .LVU71
 274 0104 AB68     		ldr	r3, [r5, #8]
  67:Core/Src/NOS_LIB_Driver/Src/NOS_Strip_UART.c ****                 {
 275              		.loc 1 67 34 discriminator 1 view .LVU72
 276 0106 A342     		cmp	r3, r4
 277 0108 F4DC     		bgt	.L17
 278 010a A5E0     		b	.L1
 279              	.LVL29:
 280              	.L8:
  67:Core/Src/NOS_LIB_Driver/Src/NOS_Strip_UART.c ****                 {
 281              		.loc 1 67 34 discriminator 1 view .LVU73
 282              	.LBE4:
  70:Core/Src/NOS_LIB_Driver/Src/NOS_Strip_UART.c ****                 }
  71:Core/Src/NOS_LIB_Driver/Src/NOS_Strip_UART.c **** 
  72:Core/Src/NOS_LIB_Driver/Src/NOS_Strip_UART.c ****                 break;
  73:Core/Src/NOS_LIB_Driver/Src/NOS_Strip_UART.c **** 
  74:Core/Src/NOS_LIB_Driver/Src/NOS_Strip_UART.c ****             case SET_BRIGHT_COMMAND:
  75:Core/Src/NOS_LIB_Driver/Src/NOS_Strip_UART.c **** 
  76:Core/Src/NOS_LIB_Driver/Src/NOS_Strip_UART.c ****                 NOS_WS2812B_Strip_SetBright(strip,command[currPos++]);
 283              		.loc 1 76 17 is_stmt 1 view .LVU74
 284              		.loc 1 76 17 is_stmt 0 view .LVU75
 285 010c 0979     		ldrb	r1, [r1, #4]	@ zero_extendqisi2
 286              	.LVL30:
 287              		.loc 1 76 17 view .LVU76
 288 010e FFF7FEFF 		bl	NOS_WS2812B_Strip_SetBright
 289              	.LVL31:
  77:Core/Src/NOS_LIB_Driver/Src/NOS_Strip_UART.c **** 
  78:Core/Src/NOS_LIB_Driver/Src/NOS_Strip_UART.c ****                 break;
 290              		.loc 1 78 17 is_stmt 1 view .LVU77
 291 0112 A1E0     		b	.L1
 292              	.LVL32:
 293              	.L7:
  79:Core/Src/NOS_LIB_Driver/Src/NOS_Strip_UART.c **** 
  80:Core/Src/NOS_LIB_Driver/Src/NOS_Strip_UART.c ****             case SET_ALL_PIXEL_COMMAND:
  81:Core/Src/NOS_LIB_Driver/Src/NOS_Strip_UART.c **** 
  82:Core/Src/NOS_LIB_Driver/Src/NOS_Strip_UART.c ****                 //Pixel count
  83:Core/Src/NOS_LIB_Driver/Src/NOS_Strip_UART.c ****                 tempShort.bytes[1] = command[currPos++];
 294              		.loc 1 83 17 view .LVU78
 295              		.loc 1 83 45 is_stmt 0 view .LVU79
 296 0114 0B79     		ldrb	r3, [r1, #4]	@ zero_extendqisi2
 297              		.loc 1 83 36 view .LVU80
 298 0116 4FF00006 		mov	r6, #0	@ movhi
 299              		.loc 1 83 36 view .LVU81
 300 011a 63F30F26 		bfi	r6, r3, #8, #8
 301              	.LVL33:
  84:Core/Src/NOS_LIB_Driver/Src/NOS_Strip_UART.c ****                 tempShort.bytes[0] = command[currPos++];
 302              		.loc 1 84 17 is_stmt 1 view .LVU82
 303              		.loc 1 84 45 is_stmt 0 view .LVU83
 304 011e 4B79     		ldrb	r3, [r1, #5]	@ zero_extendqisi2
 305              		.loc 1 84 36 view .LVU84
ARM GAS  C:\Users\igorn\AppData\Local\Temp\cc5sfNDr.s 			page 8


 306 0120 63F30706 		bfi	r6, r3, #0, #8
  85:Core/Src/NOS_LIB_Driver/Src/NOS_Strip_UART.c ****                 tempInt1 = tempShort.data;
 307              		.loc 1 85 17 is_stmt 1 view .LVU85
 308              		.loc 1 85 37 is_stmt 0 view .LVU86
 309 0124 1FFA86F9 		uxth	r9, r6
 310              	.LVL34:
  86:Core/Src/NOS_LIB_Driver/Src/NOS_Strip_UART.c **** 
  87:Core/Src/NOS_LIB_Driver/Src/NOS_Strip_UART.c ****                 if(tempInt1 <= strip->pixelCount)
 311              		.loc 1 87 17 is_stmt 1 view .LVU87
 312              		.loc 1 87 37 is_stmt 0 view .LVU88
 313 0128 8368     		ldr	r3, [r0, #8]
 314              		.loc 1 87 19 view .LVU89
 315 012a 4B45     		cmp	r3, r9
 316 012c 57DA     		bge	.L22
  84:Core/Src/NOS_LIB_Driver/Src/NOS_Strip_UART.c ****                 tempInt1 = tempShort.data;
 317              		.loc 1 84 53 view .LVU90
 318 012e 0627     		movs	r7, #6
 319              	.LVL35:
 320              	.L6:
  88:Core/Src/NOS_LIB_Driver/Src/NOS_Strip_UART.c ****                 {
  89:Core/Src/NOS_LIB_Driver/Src/NOS_Strip_UART.c ****                     for(int i = 0; i < tempInt1; i++)
  90:Core/Src/NOS_LIB_Driver/Src/NOS_Strip_UART.c ****                     {
  91:Core/Src/NOS_LIB_Driver/Src/NOS_Strip_UART.c ****                         r = command[currPos++];
  92:Core/Src/NOS_LIB_Driver/Src/NOS_Strip_UART.c ****                         g = command[currPos++];
  93:Core/Src/NOS_LIB_Driver/Src/NOS_Strip_UART.c ****                         b = command[currPos++];
  94:Core/Src/NOS_LIB_Driver/Src/NOS_Strip_UART.c **** 
  95:Core/Src/NOS_LIB_Driver/Src/NOS_Strip_UART.c ****                         NOS_WS2812B_Strip_SetPixel(strip,i,r,g,b);
  96:Core/Src/NOS_LIB_Driver/Src/NOS_Strip_UART.c ****                     }
  97:Core/Src/NOS_LIB_Driver/Src/NOS_Strip_UART.c ****                 }
  98:Core/Src/NOS_LIB_Driver/Src/NOS_Strip_UART.c **** 
  99:Core/Src/NOS_LIB_Driver/Src/NOS_Strip_UART.c ****             case SET_BREATHE_EFFECT_COMMAND:
 100:Core/Src/NOS_LIB_Driver/Src/NOS_Strip_UART.c **** 
 101:Core/Src/NOS_LIB_Driver/Src/NOS_Strip_UART.c ****                 uint8_t pos = command[currPos++];
 321              		.loc 1 101 17 is_stmt 1 view .LVU91
 322              		.loc 1 101 46 is_stmt 0 view .LVU92
 323 0130 7B1C     		adds	r3, r7, #1
 324              	.LVL36:
 325              		.loc 1 101 25 view .LVU93
 326 0132 14F80780 		ldrb	r8, [r4, r7]	@ zero_extendqisi2
 327              	.LVL37:
 102:Core/Src/NOS_LIB_Driver/Src/NOS_Strip_UART.c **** 
 103:Core/Src/NOS_LIB_Driver/Src/NOS_Strip_UART.c ****                 tempShort.bytes[1] = command[currPos++];
 328              		.loc 1 103 17 is_stmt 1 view .LVU94
 329              		.loc 1 103 53 is_stmt 0 view .LVU95
 330 0136 BA1C     		adds	r2, r7, #2
 331              	.LVL38:
 332              		.loc 1 103 45 view .LVU96
 333 0138 E35C     		ldrb	r3, [r4, r3]	@ zero_extendqisi2
 334              		.loc 1 103 36 view .LVU97
 335 013a 63F30F26 		bfi	r6, r3, #8, #8
 104:Core/Src/NOS_LIB_Driver/Src/NOS_Strip_UART.c ****                 tempShort.bytes[0] = command[currPos++];
 336              		.loc 1 104 17 is_stmt 1 view .LVU98
 337              		.loc 1 104 53 is_stmt 0 view .LVU99
 338 013e FB1C     		adds	r3, r7, #3
 339              	.LVL39:
 340              		.loc 1 104 45 view .LVU100
 341 0140 A25C     		ldrb	r2, [r4, r2]	@ zero_extendqisi2
ARM GAS  C:\Users\igorn\AppData\Local\Temp\cc5sfNDr.s 			page 9


 342              		.loc 1 104 36 view .LVU101
 343 0142 62F30706 		bfi	r6, r2, #0, #8
 105:Core/Src/NOS_LIB_Driver/Src/NOS_Strip_UART.c ****                 uint16_t speed = tempShort.data;
 344              		.loc 1 105 17 is_stmt 1 view .LVU102
 345              		.loc 1 105 26 is_stmt 0 view .LVU103
 346 0146 1FFA86F9 		uxth	r9, r6
 347              	.LVL40:
 106:Core/Src/NOS_LIB_Driver/Src/NOS_Strip_UART.c **** 
 107:Core/Src/NOS_LIB_Driver/Src/NOS_Strip_UART.c ****                 tempShort.bytes[1] = command[currPos++];
 348              		.loc 1 107 17 is_stmt 1 view .LVU104
 349              		.loc 1 107 53 is_stmt 0 view .LVU105
 350 014a 3A1D     		adds	r2, r7, #4
 351              	.LVL41:
 352              		.loc 1 107 45 view .LVU106
 353 014c E35C     		ldrb	r3, [r4, r3]	@ zero_extendqisi2
 354              		.loc 1 107 36 view .LVU107
 355 014e 63F30F26 		bfi	r6, r3, #8, #8
 356              	.LVL42:
 108:Core/Src/NOS_LIB_Driver/Src/NOS_Strip_UART.c ****                 tempShort.bytes[0] = command[currPos++];
 357              		.loc 1 108 17 is_stmt 1 view .LVU108
 358              		.loc 1 108 53 is_stmt 0 view .LVU109
 359 0152 7B1D     		adds	r3, r7, #5
 360              	.LVL43:
 361              		.loc 1 108 45 view .LVU110
 362 0154 A25C     		ldrb	r2, [r4, r2]	@ zero_extendqisi2
 363              		.loc 1 108 36 view .LVU111
 364 0156 62F30706 		bfi	r6, r2, #0, #8
 109:Core/Src/NOS_LIB_Driver/Src/NOS_Strip_UART.c ****                 uint16_t step = tempShort.data;
 365              		.loc 1 109 17 is_stmt 1 view .LVU112
 366              		.loc 1 109 26 is_stmt 0 view .LVU113
 367 015a 1FFA86FA 		uxth	r10, r6
 368              	.LVL44:
 110:Core/Src/NOS_LIB_Driver/Src/NOS_Strip_UART.c **** 
 111:Core/Src/NOS_LIB_Driver/Src/NOS_Strip_UART.c ****                 tempShort.bytes[1] = command[currPos++];
 369              		.loc 1 111 17 is_stmt 1 view .LVU114
 370              		.loc 1 111 53 is_stmt 0 view .LVU115
 371 015e BA1D     		adds	r2, r7, #6
 372              	.LVL45:
 373              		.loc 1 111 45 view .LVU116
 374 0160 E35C     		ldrb	r3, [r4, r3]	@ zero_extendqisi2
 375              		.loc 1 111 36 view .LVU117
 376 0162 63F30F26 		bfi	r6, r3, #8, #8
 377              	.LVL46:
 112:Core/Src/NOS_LIB_Driver/Src/NOS_Strip_UART.c ****                 tempShort.bytes[0] = command[currPos++];
 378              		.loc 1 112 17 is_stmt 1 view .LVU118
 379              		.loc 1 112 53 is_stmt 0 view .LVU119
 380 0166 FB1D     		adds	r3, r7, #7
 381              	.LVL47:
 382              		.loc 1 112 45 view .LVU120
 383 0168 A25C     		ldrb	r2, [r4, r2]	@ zero_extendqisi2
 384              		.loc 1 112 36 view .LVU121
 385 016a 62F30706 		bfi	r6, r2, #0, #8
 113:Core/Src/NOS_LIB_Driver/Src/NOS_Strip_UART.c ****                 uint16_t min = tempShort.data;
 386              		.loc 1 113 17 is_stmt 1 view .LVU122
 387              		.loc 1 113 26 is_stmt 0 view .LVU123
 388 016e 1FFA86FB 		uxth	fp, r6
 389              	.LVL48:
ARM GAS  C:\Users\igorn\AppData\Local\Temp\cc5sfNDr.s 			page 10


 114:Core/Src/NOS_LIB_Driver/Src/NOS_Strip_UART.c **** 
 115:Core/Src/NOS_LIB_Driver/Src/NOS_Strip_UART.c ****                 tempShort.bytes[1] = command[currPos++];
 390              		.loc 1 115 17 is_stmt 1 view .LVU124
 391              		.loc 1 115 53 is_stmt 0 view .LVU125
 392 0172 0837     		adds	r7, r7, #8
 393              	.LVL49:
 394              		.loc 1 115 45 view .LVU126
 395 0174 E35C     		ldrb	r3, [r4, r3]	@ zero_extendqisi2
 396              		.loc 1 115 36 view .LVU127
 397 0176 63F30F26 		bfi	r6, r3, #8, #8
 398              	.LVL50:
 116:Core/Src/NOS_LIB_Driver/Src/NOS_Strip_UART.c ****                 tempShort.bytes[0] = command[currPos++];
 399              		.loc 1 116 17 is_stmt 1 view .LVU128
 400              		.loc 1 116 45 is_stmt 0 view .LVU129
 401 017a E35D     		ldrb	r3, [r4, r7]	@ zero_extendqisi2
 402              		.loc 1 116 36 view .LVU130
 403 017c 63F30706 		bfi	r6, r3, #0, #8
 117:Core/Src/NOS_LIB_Driver/Src/NOS_Strip_UART.c ****                 uint16_t max = tempShort.data;
 404              		.loc 1 117 17 is_stmt 1 view .LVU131
 405              		.loc 1 117 26 is_stmt 0 view .LVU132
 406 0180 B6B2     		uxth	r6, r6
 407              	.LVL51:
 118:Core/Src/NOS_LIB_Driver/Src/NOS_Strip_UART.c **** 
 119:Core/Src/NOS_LIB_Driver/Src/NOS_Strip_UART.c ****                 Effect_Struct tempEffect = {0};
 408              		.loc 1 119 17 is_stmt 1 view .LVU133
 409              		.loc 1 119 31 is_stmt 0 view .LVU134
 410 0182 06AF     		add	r7, sp, #24
 411              	.LVL52:
 412              		.loc 1 119 31 view .LVU135
 413 0184 2024     		movs	r4, #32
 414              	.LVL53:
 415              		.loc 1 119 31 view .LVU136
 416 0186 2246     		mov	r2, r4
 417 0188 0021     		movs	r1, #0
 418 018a 3846     		mov	r0, r7
 419 018c FFF7FEFF 		bl	memset
 420              	.LVL54:
 120:Core/Src/NOS_LIB_Driver/Src/NOS_Strip_UART.c ****                 tempEffect.effectId = EFFECT_BREATHE_ID;
 421              		.loc 1 120 17 is_stmt 1 view .LVU137
 422              		.loc 1 120 37 is_stmt 0 view .LVU138
 423 0190 8DF83740 		strb	r4, [sp, #55]
 121:Core/Src/NOS_LIB_Driver/Src/NOS_Strip_UART.c ****                 NOS_WS2812B_Strip_Effect_Breathe_Init(&tempEffect,speed,step,min,max);
 424              		.loc 1 121 17 is_stmt 1 view .LVU139
 425 0194 0096     		str	r6, [sp]
 426 0196 5B46     		mov	r3, fp
 427 0198 5246     		mov	r2, r10
 428 019a 4946     		mov	r1, r9
 429 019c 3846     		mov	r0, r7
 430 019e FFF7FEFF 		bl	NOS_WS2812B_Strip_Effect_Breathe_Init
 431              	.LVL55:
 122:Core/Src/NOS_LIB_Driver/Src/NOS_Strip_UART.c ****                 NOS_WS2812B_Strip_Effects_UpdateEffect(strip,tempEffect,pos);
 432              		.loc 1 122 17 view .LVU140
 433 01a2 CDF81480 		str	r8, [sp, #20]
 434 01a6 6C46     		mov	r4, sp
 435 01a8 09AE     		add	r6, sp, #36
 436              	.LVL56:
 437              		.loc 1 122 17 is_stmt 0 view .LVU141
ARM GAS  C:\Users\igorn\AppData\Local\Temp\cc5sfNDr.s 			page 11


 438 01aa 0FCE     		ldmia	r6!, {r0, r1, r2, r3}
 439 01ac 0FC4     		stmia	r4!, {r0, r1, r2, r3}
 440 01ae 3368     		ldr	r3, [r6]
 441 01b0 2360     		str	r3, [r4]
 442 01b2 97E80E00 		ldm	r7, {r1, r2, r3}
 443 01b6 2846     		mov	r0, r5
 444 01b8 FFF7FEFF 		bl	NOS_WS2812B_Strip_Effects_UpdateEffect
 445              	.LVL57:
 123:Core/Src/NOS_LIB_Driver/Src/NOS_Strip_UART.c **** 
 124:Core/Src/NOS_LIB_Driver/Src/NOS_Strip_UART.c ****                 break;
 446              		.loc 1 124 17 is_stmt 1 view .LVU142
 447 01bc 4CE0     		b	.L1
 448              	.LVL58:
 449              	.L19:
 450              	.LBB5:
  91:Core/Src/NOS_LIB_Driver/Src/NOS_Strip_UART.c ****                         g = command[currPos++];
 451              		.loc 1 91 25 discriminator 3 view .LVU143
  91:Core/Src/NOS_LIB_Driver/Src/NOS_Strip_UART.c ****                         g = command[currPos++];
 452              		.loc 1 91 44 is_stmt 0 discriminator 3 view .LVU144
 453 01be 7B1C     		adds	r3, r7, #1
 454              	.LVL59:
  91:Core/Src/NOS_LIB_Driver/Src/NOS_Strip_UART.c ****                         g = command[currPos++];
 455              		.loc 1 91 27 discriminator 3 view .LVU145
 456 01c0 E25D     		ldrb	r2, [r4, r7]	@ zero_extendqisi2
 457              	.LVL60:
  92:Core/Src/NOS_LIB_Driver/Src/NOS_Strip_UART.c ****                         b = command[currPos++];
 458              		.loc 1 92 25 is_stmt 1 discriminator 3 view .LVU146
  92:Core/Src/NOS_LIB_Driver/Src/NOS_Strip_UART.c ****                         b = command[currPos++];
 459              		.loc 1 92 44 is_stmt 0 discriminator 3 view .LVU147
 460 01c2 B91C     		adds	r1, r7, #2
 461              	.LVL61:
  93:Core/Src/NOS_LIB_Driver/Src/NOS_Strip_UART.c **** 
 462              		.loc 1 93 25 is_stmt 1 discriminator 3 view .LVU148
  93:Core/Src/NOS_LIB_Driver/Src/NOS_Strip_UART.c **** 
 463              		.loc 1 93 27 is_stmt 0 discriminator 3 view .LVU149
 464 01c4 615C     		ldrb	r1, [r4, r1]	@ zero_extendqisi2
 465              	.LVL62:
  95:Core/Src/NOS_LIB_Driver/Src/NOS_Strip_UART.c ****                     }
 466              		.loc 1 95 25 is_stmt 1 discriminator 3 view .LVU150
 467 01c6 0091     		str	r1, [sp]
 468              	.LVL63:
  95:Core/Src/NOS_LIB_Driver/Src/NOS_Strip_UART.c ****                     }
 469              		.loc 1 95 25 is_stmt 0 discriminator 3 view .LVU151
 470 01c8 E35C     		ldrb	r3, [r4, r3]	@ zero_extendqisi2
 471 01ca 0337     		adds	r7, r7, #3
 472              	.LVL64:
  95:Core/Src/NOS_LIB_Driver/Src/NOS_Strip_UART.c ****                     }
 473              		.loc 1 95 25 discriminator 3 view .LVU152
 474 01cc 4146     		mov	r1, r8
 475              	.LVL65:
  95:Core/Src/NOS_LIB_Driver/Src/NOS_Strip_UART.c ****                     }
 476              		.loc 1 95 25 discriminator 3 view .LVU153
 477 01ce 2846     		mov	r0, r5
 478 01d0 FFF7FEFF 		bl	NOS_WS2812B_Strip_SetPixel
 479              	.LVL66:
  89:Core/Src/NOS_LIB_Driver/Src/NOS_Strip_UART.c ****                     {
 480              		.loc 1 89 51 is_stmt 1 discriminator 3 view .LVU154
ARM GAS  C:\Users\igorn\AppData\Local\Temp\cc5sfNDr.s 			page 12


 481 01d4 08F10108 		add	r8, r8, #1
 482              	.LVL67:
 483              	.L18:
  89:Core/Src/NOS_LIB_Driver/Src/NOS_Strip_UART.c ****                     {
 484              		.loc 1 89 38 discriminator 1 view .LVU155
 485 01d8 C845     		cmp	r8, r9
 486 01da F0DB     		blt	.L19
 487 01dc A8E7     		b	.L6
 488              	.LVL68:
 489              	.L22:
  89:Core/Src/NOS_LIB_Driver/Src/NOS_Strip_UART.c ****                     {
 490              		.loc 1 89 29 is_stmt 0 view .LVU156
 491 01de 4FF00008 		mov	r8, #0
 492              	.LBE5:
  84:Core/Src/NOS_LIB_Driver/Src/NOS_Strip_UART.c ****                 tempInt1 = tempShort.data;
 493              		.loc 1 84 53 view .LVU157
 494 01e2 0627     		movs	r7, #6
 495 01e4 F8E7     		b	.L18
 496              	.LVL69:
 497              	.L21:
  84:Core/Src/NOS_LIB_Driver/Src/NOS_Strip_UART.c ****                 tempInt1 = tempShort.data;
 498              		.loc 1 84 53 view .LVU158
 499              	.LBE2:
  14:Core/Src/NOS_LIB_Driver/Src/NOS_Strip_UART.c ****             {
 500              		.loc 1 14 13 view .LVU159
 501 01e6 0427     		movs	r7, #4
 502 01e8 A2E7     		b	.L6
 503              	.L4:
 504              	.LBB6:
 125:Core/Src/NOS_LIB_Driver/Src/NOS_Strip_UART.c **** 
 126:Core/Src/NOS_LIB_Driver/Src/NOS_Strip_UART.c ****                 case SET_RAINBOW_EFFECT_COMMAND:
 127:Core/Src/NOS_LIB_Driver/Src/NOS_Strip_UART.c **** 
 128:Core/Src/NOS_LIB_Driver/Src/NOS_Strip_UART.c ****                 pos = command[currPos++];
 505              		.loc 1 128 17 is_stmt 1 view .LVU160
 506              	.LVL70:
 507              		.loc 1 128 21 is_stmt 0 view .LVU161
 508 01ea 91F80480 		ldrb	r8, [r1, #4]	@ zero_extendqisi2
 509              	.LVL71:
 129:Core/Src/NOS_LIB_Driver/Src/NOS_Strip_UART.c **** 
 130:Core/Src/NOS_LIB_Driver/Src/NOS_Strip_UART.c ****                 tempShort.bytes[1] = command[currPos++];
 510              		.loc 1 130 17 is_stmt 1 view .LVU162
 511              		.loc 1 130 45 is_stmt 0 view .LVU163
 512 01ee 4B79     		ldrb	r3, [r1, #5]	@ zero_extendqisi2
 513              		.loc 1 130 36 view .LVU164
 514 01f0 4FF00006 		mov	r6, #0	@ movhi
 515              		.loc 1 130 36 view .LVU165
 516 01f4 63F30F26 		bfi	r6, r3, #8, #8
 517              	.LVL72:
 131:Core/Src/NOS_LIB_Driver/Src/NOS_Strip_UART.c ****                 tempShort.bytes[0] = command[currPos++];
 518              		.loc 1 131 17 is_stmt 1 view .LVU166
 519              		.loc 1 131 45 is_stmt 0 view .LVU167
 520 01f8 8B79     		ldrb	r3, [r1, #6]	@ zero_extendqisi2
 521              		.loc 1 131 36 view .LVU168
 522 01fa 63F30706 		bfi	r6, r3, #0, #8
 132:Core/Src/NOS_LIB_Driver/Src/NOS_Strip_UART.c ****                 speed = tempShort.data;
 523              		.loc 1 132 17 is_stmt 1 view .LVU169
 524              		.loc 1 132 23 is_stmt 0 view .LVU170
ARM GAS  C:\Users\igorn\AppData\Local\Temp\cc5sfNDr.s 			page 13


 525 01fe B1B2     		uxth	r1, r6
 526              	.LVL73:
 133:Core/Src/NOS_LIB_Driver/Src/NOS_Strip_UART.c **** 
 134:Core/Src/NOS_LIB_Driver/Src/NOS_Strip_UART.c ****                 tempShort.bytes[1] = command[currPos++];
 527              		.loc 1 134 17 is_stmt 1 view .LVU171
 528              		.loc 1 134 45 is_stmt 0 view .LVU172
 529 0200 E379     		ldrb	r3, [r4, #7]	@ zero_extendqisi2
 530              		.loc 1 134 36 view .LVU173
 531 0202 63F30F26 		bfi	r6, r3, #8, #8
 532              	.LVL74:
 135:Core/Src/NOS_LIB_Driver/Src/NOS_Strip_UART.c ****                 tempShort.bytes[0] = command[currPos++];
 533              		.loc 1 135 17 is_stmt 1 view .LVU174
 534              		.loc 1 135 45 is_stmt 0 view .LVU175
 535 0206 237A     		ldrb	r3, [r4, #8]	@ zero_extendqisi2
 536              		.loc 1 135 36 view .LVU176
 537 0208 63F30706 		bfi	r6, r3, #0, #8
 136:Core/Src/NOS_LIB_Driver/Src/NOS_Strip_UART.c ****                 step = tempShort.data;
 538              		.loc 1 136 17 is_stmt 1 view .LVU177
 539              		.loc 1 136 22 is_stmt 0 view .LVU178
 540 020c B2B2     		uxth	r2, r6
 541              	.LVL75:
 137:Core/Src/NOS_LIB_Driver/Src/NOS_Strip_UART.c **** 
 138:Core/Src/NOS_LIB_Driver/Src/NOS_Strip_UART.c ****                 tempShort.bytes[1] = command[currPos++];
 542              		.loc 1 138 17 is_stmt 1 view .LVU179
 543              		.loc 1 138 45 is_stmt 0 view .LVU180
 544 020e 637A     		ldrb	r3, [r4, #9]	@ zero_extendqisi2
 545              		.loc 1 138 36 view .LVU181
 546 0210 63F30F26 		bfi	r6, r3, #8, #8
 547              	.LVL76:
 139:Core/Src/NOS_LIB_Driver/Src/NOS_Strip_UART.c ****                 tempShort.bytes[0] = command[currPos++];
 548              		.loc 1 139 17 is_stmt 1 view .LVU182
 549              		.loc 1 139 45 is_stmt 0 view .LVU183
 550 0214 A37A     		ldrb	r3, [r4, #10]	@ zero_extendqisi2
 551              		.loc 1 139 36 view .LVU184
 552 0216 63F30706 		bfi	r6, r3, #0, #8
 140:Core/Src/NOS_LIB_Driver/Src/NOS_Strip_UART.c ****                 min = tempShort.data;
 553              		.loc 1 140 17 is_stmt 1 view .LVU185
 554              		.loc 1 140 21 is_stmt 0 view .LVU186
 555 021a B3B2     		uxth	r3, r6
 556              	.LVL77:
 141:Core/Src/NOS_LIB_Driver/Src/NOS_Strip_UART.c **** 
 142:Core/Src/NOS_LIB_Driver/Src/NOS_Strip_UART.c ****                 tempShort.bytes[1] = command[currPos++];
 557              		.loc 1 142 17 is_stmt 1 view .LVU187
 558              		.loc 1 142 45 is_stmt 0 view .LVU188
 559 021c E07A     		ldrb	r0, [r4, #11]	@ zero_extendqisi2
 560              	.LVL78:
 561              		.loc 1 142 36 view .LVU189
 562 021e 60F30F26 		bfi	r6, r0, #8, #8
 563              	.LVL79:
 143:Core/Src/NOS_LIB_Driver/Src/NOS_Strip_UART.c ****                 tempShort.bytes[0] = command[currPos++];
 564              		.loc 1 143 17 is_stmt 1 view .LVU190
 565              		.loc 1 143 45 is_stmt 0 view .LVU191
 566 0222 207B     		ldrb	r0, [r4, #12]	@ zero_extendqisi2
 567              		.loc 1 143 36 view .LVU192
 568 0224 60F30706 		bfi	r6, r0, #0, #8
 144:Core/Src/NOS_LIB_Driver/Src/NOS_Strip_UART.c ****                 max = tempShort.data;
 569              		.loc 1 144 17 is_stmt 1 view .LVU193
ARM GAS  C:\Users\igorn\AppData\Local\Temp\cc5sfNDr.s 			page 14


 570              		.loc 1 144 21 is_stmt 0 view .LVU194
 571 0228 B6B2     		uxth	r6, r6
 572              	.LVL80:
 145:Core/Src/NOS_LIB_Driver/Src/NOS_Strip_UART.c **** 
 146:Core/Src/NOS_LIB_Driver/Src/NOS_Strip_UART.c ****                 tempEffect.effectId = EFFECT_RAINBOW_ID;
 573              		.loc 1 146 17 is_stmt 1 view .LVU195
 574              		.loc 1 146 37 is_stmt 0 view .LVU196
 575 022a 2120     		movs	r0, #33
 576 022c 8DF83700 		strb	r0, [sp, #55]
 577              	.LVL81:
 147:Core/Src/NOS_LIB_Driver/Src/NOS_Strip_UART.c ****                 NOS_WS2812B_Strip_Effect_Rainbow_Init(&tempEffect,speed,step,min,max);
 578              		.loc 1 147 17 is_stmt 1 view .LVU197
 579 0230 06AF     		add	r7, sp, #24
 580 0232 0096     		str	r6, [sp]
 581 0234 3846     		mov	r0, r7
 582 0236 FFF7FEFF 		bl	NOS_WS2812B_Strip_Effect_Rainbow_Init
 583              	.LVL82:
 148:Core/Src/NOS_LIB_Driver/Src/NOS_Strip_UART.c ****                 NOS_WS2812B_Strip_Effects_UpdateEffect(strip,tempEffect,pos);
 584              		.loc 1 148 17 view .LVU198
 585 023a CDF81480 		str	r8, [sp, #20]
 586 023e 6C46     		mov	r4, sp
 587              	.LVL83:
 588              		.loc 1 148 17 is_stmt 0 view .LVU199
 589 0240 09AE     		add	r6, sp, #36
 590              	.LVL84:
 591              		.loc 1 148 17 view .LVU200
 592 0242 0FCE     		ldmia	r6!, {r0, r1, r2, r3}
 593 0244 0FC4     		stmia	r4!, {r0, r1, r2, r3}
 594 0246 3368     		ldr	r3, [r6]
 595 0248 2360     		str	r3, [r4]
 596 024a 97E80E00 		ldm	r7, {r1, r2, r3}
 597 024e 2846     		mov	r0, r5
 598 0250 FFF7FEFF 		bl	NOS_WS2812B_Strip_Effects_UpdateEffect
 599              	.LVL85:
 149:Core/Src/NOS_LIB_Driver/Src/NOS_Strip_UART.c **** 
 150:Core/Src/NOS_LIB_Driver/Src/NOS_Strip_UART.c ****                 break;
 600              		.loc 1 150 17 is_stmt 1 view .LVU201
 601              	.LBE6:
 151:Core/Src/NOS_LIB_Driver/Src/NOS_Strip_UART.c **** 
 152:Core/Src/NOS_LIB_Driver/Src/NOS_Strip_UART.c ****                       
 153:Core/Src/NOS_LIB_Driver/Src/NOS_Strip_UART.c ****             default:
 154:Core/Src/NOS_LIB_Driver/Src/NOS_Strip_UART.c ****                 return false;
 155:Core/Src/NOS_LIB_Driver/Src/NOS_Strip_UART.c ****                 break;
 156:Core/Src/NOS_LIB_Driver/Src/NOS_Strip_UART.c ****             }
 157:Core/Src/NOS_LIB_Driver/Src/NOS_Strip_UART.c **** 
 158:Core/Src/NOS_LIB_Driver/Src/NOS_Strip_UART.c **** 
 159:Core/Src/NOS_LIB_Driver/Src/NOS_Strip_UART.c ****         }
 160:Core/Src/NOS_LIB_Driver/Src/NOS_Strip_UART.c **** }
 602              		.loc 1 160 1 is_stmt 0 view .LVU202
 603 0254 00E0     		b	.L1
 604              	.LVL86:
 605              	.L20:
 606              	.LBB7:
 154:Core/Src/NOS_LIB_Driver/Src/NOS_Strip_UART.c ****                 break;
 607              		.loc 1 154 24 view .LVU203
 608 0256 0020     		movs	r0, #0
 609              	.LVL87:
ARM GAS  C:\Users\igorn\AppData\Local\Temp\cc5sfNDr.s 			page 15


 155:Core/Src/NOS_LIB_Driver/Src/NOS_Strip_UART.c ****             }
 610              		.loc 1 155 17 is_stmt 1 view .LVU204
 611              	.L1:
 155:Core/Src/NOS_LIB_Driver/Src/NOS_Strip_UART.c ****             }
 612              		.loc 1 155 17 is_stmt 0 view .LVU205
 613              	.LBE7:
 614              		.loc 1 160 1 view .LVU206
 615 0258 0FB0     		add	sp, sp, #60
 616              		.cfi_def_cfa_offset 36
 617              		@ sp needed
 618 025a BDE8F08F 		pop	{r4, r5, r6, r7, r8, r9, r10, fp, pc}
 619              	.LVL88:
 620              	.L24:
 621              		.cfi_def_cfa_offset 0
 622              		.cfi_restore 4
 623              		.cfi_restore 5
 624              		.cfi_restore 6
 625              		.cfi_restore 7
 626              		.cfi_restore 8
 627              		.cfi_restore 9
 628              		.cfi_restore 10
 629              		.cfi_restore 11
 630              		.cfi_restore 14
 631              	.LVL89:
 632              		.loc 1 160 1 view .LVU207
 633 025e 7047     		bx	lr
 634              	.L29:
 635              		.align	2
 636              	.L28:
 637 0260 00000000 		.word	.LC0
 638              		.cfi_endproc
 639              	.LFE130:
 641              		.text
 642              	.Letext0:
 643              		.file 2 "c:\\users\\igorn\\appdata\\roaming\\code\\user\\globalstorage\\bmd.stm32-for-vscode\\@xpa
 644              		.file 3 "c:\\users\\igorn\\appdata\\roaming\\code\\user\\globalstorage\\bmd.stm32-for-vscode\\@xpa
 645              		.file 4 "Core/Src/NOS_LIB_Driver/Inc/NOS_Typedefs.h"
 646              		.file 5 "Core/Src/NOS_LIB_Driver/Inc/NOS_WS2812B_Strip.h"
 647              		.file 6 "<built-in>"
ARM GAS  C:\Users\igorn\AppData\Local\Temp\cc5sfNDr.s 			page 16


DEFINED SYMBOLS
                            *ABS*:00000000 NOS_Strip_UART.c
C:\Users\igorn\AppData\Local\Temp\cc5sfNDr.s:21     .rodata.NOS_Strip_Uart_ParseCommand.str1.4:00000000 $d
C:\Users\igorn\AppData\Local\Temp\cc5sfNDr.s:25     .text.NOS_Strip_Uart_ParseCommand:00000000 $t
C:\Users\igorn\AppData\Local\Temp\cc5sfNDr.s:31     .text.NOS_Strip_Uart_ParseCommand:00000000 NOS_Strip_Uart_ParseCommand
C:\Users\igorn\AppData\Local\Temp\cc5sfNDr.s:71     .text.NOS_Strip_Uart_ParseCommand:0000001e $d
C:\Users\igorn\AppData\Local\Temp\cc5sfNDr.s:121    .text.NOS_Strip_Uart_ParseCommand:00000082 $t
C:\Users\igorn\AppData\Local\Temp\cc5sfNDr.s:637    .text.NOS_Strip_Uart_ParseCommand:00000260 $d

UNDEFINED SYMBOLS
NOS_WS2812B_Strip_SetPixel
NOS_WS2812B_Strip_SetBright
memset
NOS_WS2812B_Strip_Effect_Breathe_Init
NOS_WS2812B_Strip_Effects_UpdateEffect
NOS_WS2812B_Strip_Effect_Rainbow_Init
