ARM GAS  C:\Users\igorn\AppData\Local\Temp\cc4kFqJo.s 			page 1


   1              		.cpu cortex-m4
   2              		.arch armv7e-m
   3              		.fpu fpv4-sp-d16
   4              		.eabi_attribute 27, 1
   5              		.eabi_attribute 28, 1
   6              		.eabi_attribute 20, 1
   7              		.eabi_attribute 21, 1
   8              		.eabi_attribute 23, 3
   9              		.eabi_attribute 24, 1
  10              		.eabi_attribute 25, 1
  11              		.eabi_attribute 26, 1
  12              		.eabi_attribute 30, 1
  13              		.eabi_attribute 34, 1
  14              		.eabi_attribute 18, 4
  15              		.file	"WS2812B_Effects.c"
  16              		.text
  17              	.Ltext0:
  18              		.cfi_sections	.debug_frame
  19              		.file 1 "Core/Src/NOS_LIB_Driver/Src/WS2812B_Effects.c"
  20              		.section	.text.visInit,"ax",%progbits
  21              		.align	1
  22              		.global	visInit
  23              		.syntax unified
  24              		.thumb
  25              		.thumb_func
  27              	visInit:
  28              	.LFB130:
   1:Core/Src/NOS_LIB_Driver/Src/WS2812B_Effects.c **** #include <stdint.h>
   2:Core/Src/NOS_LIB_Driver/Src/WS2812B_Effects.c **** 
   3:Core/Src/NOS_LIB_Driver/Src/WS2812B_Effects.c **** #include "stm32f4xx_hal.h"
   4:Core/Src/NOS_LIB_Driver/Src/WS2812B_Effects.c **** #include "WS2812B_Core.h"
   5:Core/Src/NOS_LIB_Driver/Src/WS2812B_Effects.c **** #include <stdlib.h>
   6:Core/Src/NOS_LIB_Driver/Src/WS2812B_Effects.c **** extern WS2812_Struct ws2812b;
   7:Core/Src/NOS_LIB_Driver/Src/WS2812B_Effects.c **** // RGB Framebuffers
   8:Core/Src/NOS_LIB_Driver/Src/WS2812B_Effects.c **** uint8_t frameBuffer1[3*256];
   9:Core/Src/NOS_LIB_Driver/Src/WS2812B_Effects.c **** uint8_t frameBuffer2[3*256];
  10:Core/Src/NOS_LIB_Driver/Src/WS2812B_Effects.c **** uint8_t frameBuffer3[3*256];
  11:Core/Src/NOS_LIB_Driver/Src/WS2812B_Effects.c **** 
  12:Core/Src/NOS_LIB_Driver/Src/WS2812B_Effects.c **** // Helper defines
  13:Core/Src/NOS_LIB_Driver/Src/WS2812B_Effects.c **** #define newColor(r, g, b) (((uint32_t)(r) << 16) | ((uint32_t)(g) <<  8) | (b))
  14:Core/Src/NOS_LIB_Driver/Src/WS2812B_Effects.c **** #define Red(c) ((uint8_t)((c >> 16) & 0xFF))
  15:Core/Src/NOS_LIB_Driver/Src/WS2812B_Effects.c **** #define Green(c) ((uint8_t)((c >> 8) & 0xFF))
  16:Core/Src/NOS_LIB_Driver/Src/WS2812B_Effects.c **** #define Blue(c) ((uint8_t)(c & 0xFF))
  17:Core/Src/NOS_LIB_Driver/Src/WS2812B_Effects.c **** 
  18:Core/Src/NOS_LIB_Driver/Src/WS2812B_Effects.c **** void visInit()
  19:Core/Src/NOS_LIB_Driver/Src/WS2812B_Effects.c **** {
  29              		.loc 1 19 1 view -0
  30              		.cfi_startproc
  31              		@ args = 0, pretend = 0, frame = 0
  32              		@ frame_needed = 0, uses_anonymous_args = 0
  33 0000 08B5     		push	{r3, lr}
  34              		.cfi_def_cfa_offset 8
  35              		.cfi_offset 3, -8
  36              		.cfi_offset 14, -4
  20:Core/Src/NOS_LIB_Driver/Src/WS2812B_Effects.c **** 		// Set output channel/pin, GPIO_PIN_0 = 0, for GPIO_PIN_5 = 5 - this has to correspond to WS2812B
  21:Core/Src/NOS_LIB_Driver/Src/WS2812B_Effects.c **** 		ws2812b.item[0].channel = 0;
  37              		.loc 1 21 3 view .LVU1
ARM GAS  C:\Users\igorn\AppData\Local\Temp\cc4kFqJo.s 			page 2


  38              		.loc 1 21 27 is_stmt 0 view .LVU2
  39 0002 0B4B     		ldr	r3, .L3
  40 0004 0022     		movs	r2, #0
  41 0006 1A73     		strb	r2, [r3, #12]
  22:Core/Src/NOS_LIB_Driver/Src/WS2812B_Effects.c **** 		ws2812b.item[0].frameBufferPointer = frameBuffer1;
  42              		.loc 1 22 3 is_stmt 1 view .LVU3
  43              		.loc 1 22 38 is_stmt 0 view .LVU4
  44 0008 0A4A     		ldr	r2, .L3+4
  45 000a 1A60     		str	r2, [r3]
  23:Core/Src/NOS_LIB_Driver/Src/WS2812B_Effects.c **** 	    ws2812b.item[0].frameBufferSize = sizeof(frameBuffer1);
  46              		.loc 1 23 6 is_stmt 1 view .LVU5
  47              		.loc 1 23 38 is_stmt 0 view .LVU6
  48 000c 4FF44072 		mov	r2, #768
  49 0010 5A60     		str	r2, [r3, #4]
  24:Core/Src/NOS_LIB_Driver/Src/WS2812B_Effects.c **** 		ws2812b.item[1].channel = 1;
  50              		.loc 1 24 3 is_stmt 1 view .LVU7
  51              		.loc 1 24 27 is_stmt 0 view .LVU8
  52 0012 0121     		movs	r1, #1
  53 0014 1977     		strb	r1, [r3, #28]
  25:Core/Src/NOS_LIB_Driver/Src/WS2812B_Effects.c **** 		ws2812b.item[1].frameBufferPointer = frameBuffer2;
  54              		.loc 1 25 3 is_stmt 1 view .LVU9
  55              		.loc 1 25 38 is_stmt 0 view .LVU10
  56 0016 0849     		ldr	r1, .L3+8
  57 0018 1961     		str	r1, [r3, #16]
  26:Core/Src/NOS_LIB_Driver/Src/WS2812B_Effects.c **** 	    ws2812b.item[1].frameBufferSize = sizeof(frameBuffer2);
  58              		.loc 1 26 6 is_stmt 1 view .LVU11
  59              		.loc 1 26 38 is_stmt 0 view .LVU12
  60 001a 5A61     		str	r2, [r3, #20]
  27:Core/Src/NOS_LIB_Driver/Src/WS2812B_Effects.c **** 		ws2812b.item[2].channel = 2;
  61              		.loc 1 27 3 is_stmt 1 view .LVU13
  62              		.loc 1 27 27 is_stmt 0 view .LVU14
  63 001c 0221     		movs	r1, #2
  64 001e 83F82C10 		strb	r1, [r3, #44]
  28:Core/Src/NOS_LIB_Driver/Src/WS2812B_Effects.c **** 		ws2812b.item[2].frameBufferPointer = frameBuffer3;
  65              		.loc 1 28 3 is_stmt 1 view .LVU15
  66              		.loc 1 28 38 is_stmt 0 view .LVU16
  67 0022 0649     		ldr	r1, .L3+12
  68 0024 1962     		str	r1, [r3, #32]
  29:Core/Src/NOS_LIB_Driver/Src/WS2812B_Effects.c **** 	    ws2812b.item[2].frameBufferSize = sizeof(frameBuffer3);
  69              		.loc 1 29 6 is_stmt 1 view .LVU17
  70              		.loc 1 29 38 is_stmt 0 view .LVU18
  71 0026 5A62     		str	r2, [r3, #36]
  30:Core/Src/NOS_LIB_Driver/Src/WS2812B_Effects.c **** 	ws2812b_init();
  72              		.loc 1 30 2 is_stmt 1 view .LVU19
  73 0028 FFF7FEFF 		bl	ws2812b_init
  74              	.LVL0:
  31:Core/Src/NOS_LIB_Driver/Src/WS2812B_Effects.c **** }
  75              		.loc 1 31 1 is_stmt 0 view .LVU20
  76 002c 08BD     		pop	{r3, pc}
  77              	.L4:
  78 002e 00BF     		.align	2
  79              	.L3:
  80 0030 00000000 		.word	ws2812b
  81 0034 00000000 		.word	frameBuffer1
  82 0038 00000000 		.word	frameBuffer2
  83 003c 00000000 		.word	frameBuffer3
  84              		.cfi_endproc
ARM GAS  C:\Users\igorn\AppData\Local\Temp\cc4kFqJo.s 			page 3


  85              	.LFE130:
  87              		.section	.text.visHandle,"ax",%progbits
  88              		.align	1
  89              		.global	visHandle
  90              		.syntax unified
  91              		.thumb
  92              		.thumb_func
  94              	visHandle:
  95              	.LFB131:
  32:Core/Src/NOS_LIB_Driver/Src/WS2812B_Effects.c **** 
  33:Core/Src/NOS_LIB_Driver/Src/WS2812B_Effects.c **** 
  34:Core/Src/NOS_LIB_Driver/Src/WS2812B_Effects.c **** void visHandle()
  35:Core/Src/NOS_LIB_Driver/Src/WS2812B_Effects.c **** {
  96              		.loc 1 35 1 is_stmt 1 view -0
  97              		.cfi_startproc
  98              		@ args = 0, pretend = 0, frame = 0
  99              		@ frame_needed = 0, uses_anonymous_args = 0
 100 0000 08B5     		push	{r3, lr}
 101              		.cfi_def_cfa_offset 8
 102              		.cfi_offset 3, -8
 103              		.cfi_offset 14, -4
  36:Core/Src/NOS_LIB_Driver/Src/WS2812B_Effects.c **** 
  37:Core/Src/NOS_LIB_Driver/Src/WS2812B_Effects.c **** 	if(ws2812b.transferComplete)
 104              		.loc 1 37 2 view .LVU22
 105              		.loc 1 37 12 is_stmt 0 view .LVU23
 106 0002 064B     		ldr	r3, .L9
 107 0004 93F83030 		ldrb	r3, [r3, #48]	@ zero_extendqisi2
 108              		.loc 1 37 4 view .LVU24
 109 0008 03B9     		cbnz	r3, .L8
 110              	.L5:
  38:Core/Src/NOS_LIB_Driver/Src/WS2812B_Effects.c **** 	{
  39:Core/Src/NOS_LIB_Driver/Src/WS2812B_Effects.c **** 		// Update your framebuffer here or swap buffers
  40:Core/Src/NOS_LIB_Driver/Src/WS2812B_Effects.c **** 
  41:Core/Src/NOS_LIB_Driver/Src/WS2812B_Effects.c **** 		// Signal that buffer is changed and transfer new data
  42:Core/Src/NOS_LIB_Driver/Src/WS2812B_Effects.c **** 		ws2812b.startTransfer = 1;
  43:Core/Src/NOS_LIB_Driver/Src/WS2812B_Effects.c **** 		ws2812b_handle();
  44:Core/Src/NOS_LIB_Driver/Src/WS2812B_Effects.c **** 	}
  45:Core/Src/NOS_LIB_Driver/Src/WS2812B_Effects.c **** 	
  46:Core/Src/NOS_LIB_Driver/Src/WS2812B_Effects.c **** }...
 111              		.loc 1 46 1 view .LVU25
 112 000a 08BD     		pop	{r3, pc}
 113              	.L8:
  42:Core/Src/NOS_LIB_Driver/Src/WS2812B_Effects.c **** 		ws2812b.startTransfer = 1;
 114              		.loc 1 42 3 is_stmt 1 view .LVU26
  42:Core/Src/NOS_LIB_Driver/Src/WS2812B_Effects.c **** 		ws2812b.startTransfer = 1;
 115              		.loc 1 42 25 is_stmt 0 view .LVU27
 116 000c 034B     		ldr	r3, .L9
 117 000e 0122     		movs	r2, #1
 118 0010 83F83120 		strb	r2, [r3, #49]
  43:Core/Src/NOS_LIB_Driver/Src/WS2812B_Effects.c **** 		ws2812b_handle();
 119              		.loc 1 43 3 is_stmt 1 view .LVU28
 120 0014 FFF7FEFF 		bl	ws2812b_handle
 121              	.LVL1:
 122              		.loc 1 46 1 is_stmt 0 view .LVU29
 123 0018 F7E7     		b	.L5
 124              	.L10:
 125 001a 00BF     		.align	2
ARM GAS  C:\Users\igorn\AppData\Local\Temp\cc4kFqJo.s 			page 4


 126              	.L9:
 127 001c 00000000 		.word	ws2812b
 128              		.cfi_endproc
 129              	.LFE131:
 131              		.global	frameBuffer3
 132              		.section	.bss.frameBuffer3,"aw",%nobits
 133              		.align	2
 136              	frameBuffer3:
 137 0000 00000000 		.space	768
 137      00000000 
 137      00000000 
 137      00000000 
 137      00000000 
 138              		.global	frameBuffer2
 139              		.section	.bss.frameBuffer2,"aw",%nobits
 140              		.align	2
 143              	frameBuffer2:
 144 0000 00000000 		.space	768
 144      00000000 
 144      00000000 
 144      00000000 
 144      00000000 
 145              		.global	frameBuffer1
 146              		.section	.bss.frameBuffer1,"aw",%nobits
 147              		.align	2
 150              	frameBuffer1:
 151 0000 00000000 		.space	768
 151      00000000 
 151      00000000 
 151      00000000 
 151      00000000 
 152              		.text
 153              	.Letext0:
 154              		.file 2 "c:\\users\\igorn\\appdata\\roaming\\code\\user\\globalstorage\\bmd.stm32-for-vscode\\@xpa
 155              		.file 3 "c:\\users\\igorn\\appdata\\roaming\\code\\user\\globalstorage\\bmd.stm32-for-vscode\\@xpa
 156              		.file 4 "Core/Src/NOS_LIB_Driver/Inc/WS2812B_Core.h"
ARM GAS  C:\Users\igorn\AppData\Local\Temp\cc4kFqJo.s 			page 5


DEFINED SYMBOLS
                            *ABS*:00000000 WS2812B_Effects.c
C:\Users\igorn\AppData\Local\Temp\cc4kFqJo.s:21     .text.visInit:00000000 $t
C:\Users\igorn\AppData\Local\Temp\cc4kFqJo.s:27     .text.visInit:00000000 visInit
C:\Users\igorn\AppData\Local\Temp\cc4kFqJo.s:80     .text.visInit:00000030 $d
C:\Users\igorn\AppData\Local\Temp\cc4kFqJo.s:150    .bss.frameBuffer1:00000000 frameBuffer1
C:\Users\igorn\AppData\Local\Temp\cc4kFqJo.s:143    .bss.frameBuffer2:00000000 frameBuffer2
C:\Users\igorn\AppData\Local\Temp\cc4kFqJo.s:136    .bss.frameBuffer3:00000000 frameBuffer3
C:\Users\igorn\AppData\Local\Temp\cc4kFqJo.s:88     .text.visHandle:00000000 $t
C:\Users\igorn\AppData\Local\Temp\cc4kFqJo.s:94     .text.visHandle:00000000 visHandle
C:\Users\igorn\AppData\Local\Temp\cc4kFqJo.s:127    .text.visHandle:0000001c $d
C:\Users\igorn\AppData\Local\Temp\cc4kFqJo.s:133    .bss.frameBuffer3:00000000 $d
C:\Users\igorn\AppData\Local\Temp\cc4kFqJo.s:140    .bss.frameBuffer2:00000000 $d
C:\Users\igorn\AppData\Local\Temp\cc4kFqJo.s:147    .bss.frameBuffer1:00000000 $d

UNDEFINED SYMBOLS
ws2812b_init
ws2812b
ws2812b_handle
