ARM GAS  C:\Users\igorn\AppData\Local\Temp\ccxsBk6d.s 			page 1


   1              		.cpu cortex-m4
   2              		.arch armv7e-m
   3              		.fpu fpv4-sp-d16
   4              		.eabi_attribute 27, 1
   5              		.eabi_attribute 28, 1
   6              		.eabi_attribute 20, 1
   7              		.eabi_attribute 21, 1
   8              		.eabi_attribute 23, 3
   9              		.eabi_attribute 24, 1
  10              		.eabi_attribute 25, 1
  11              		.eabi_attribute 26, 1
  12              		.eabi_attribute 30, 1
  13              		.eabi_attribute 34, 1
  14              		.eabi_attribute 18, 4
  15              		.file	"NOS_WS2812B_Strip.c"
  16              		.text
  17              	.Ltext0:
  18              		.cfi_sections	.debug_frame
  19              		.file 1 "Core/Src/NOS_LIB_Driver/Src/NOS_WS2812B_Strip.c"
  20              		.section	.text.NOS_WS2812B_Strip_FullInit,"ax",%progbits
  21              		.align	1
  22              		.global	NOS_WS2812B_Strip_FullInit
  23              		.syntax unified
  24              		.thumb
  25              		.thumb_func
  27              	NOS_WS2812B_Strip_FullInit:
  28              	.LVL0:
  29              	.LFB130:
   1:Core/Src/NOS_LIB_Driver/Src/NOS_WS2812B_Strip.c **** #include "NOS_WS2812B_Strip.h"
   2:Core/Src/NOS_LIB_Driver/Src/NOS_WS2812B_Strip.c **** #include "NOS_BaseColors.h"
   3:Core/Src/NOS_LIB_Driver/Src/NOS_WS2812B_Strip.c **** #include "WS2812B_Effects.h"
   4:Core/Src/NOS_LIB_Driver/Src/NOS_WS2812B_Strip.c **** 
   5:Core/Src/NOS_LIB_Driver/Src/NOS_WS2812B_Strip.c **** void NOS_WS2812B_Strip_FullInit(WS2812B_Strip* strip,uint8_t* buff,PixelColor* pixels,int lenght)
   6:Core/Src/NOS_LIB_Driver/Src/NOS_WS2812B_Strip.c **** {
  30              		.loc 1 6 1 view -0
  31              		.cfi_startproc
  32              		@ args = 0, pretend = 0, frame = 0
  33              		@ frame_needed = 0, uses_anonymous_args = 0
  34              		@ link register save eliminated.
   7:Core/Src/NOS_LIB_Driver/Src/NOS_WS2812B_Strip.c ****     strip->pixels = pixels;
  35              		.loc 1 7 5 view .LVU1
  36              		.loc 1 7 19 is_stmt 0 view .LVU2
  37 0000 4260     		str	r2, [r0, #4]
   8:Core/Src/NOS_LIB_Driver/Src/NOS_WS2812B_Strip.c ****     strip->frameBuffer = buff;
  38              		.loc 1 8 5 is_stmt 1 view .LVU3
  39              		.loc 1 8 24 is_stmt 0 view .LVU4
  40 0002 0160     		str	r1, [r0]
   9:Core/Src/NOS_LIB_Driver/Src/NOS_WS2812B_Strip.c ****     strip->pixelCount = lenght;
  41              		.loc 1 9 5 is_stmt 1 view .LVU5
  42              		.loc 1 9 23 is_stmt 0 view .LVU6
  43 0004 8360     		str	r3, [r0, #8]
  10:Core/Src/NOS_LIB_Driver/Src/NOS_WS2812B_Strip.c ****     strip->bright = 100;
  44              		.loc 1 10 5 is_stmt 1 view .LVU7
  45              		.loc 1 10 19 is_stmt 0 view .LVU8
  46 0006 6423     		movs	r3, #100
  47              	.LVL1:
  48              		.loc 1 10 19 view .LVU9
ARM GAS  C:\Users\igorn\AppData\Local\Temp\ccxsBk6d.s 			page 2


  49 0008 C360     		str	r3, [r0, #12]
  11:Core/Src/NOS_LIB_Driver/Src/NOS_WS2812B_Strip.c ****     strip->effectsCounter = 0;
  50              		.loc 1 11 5 is_stmt 1 view .LVU10
  51              		.loc 1 11 27 is_stmt 0 view .LVU11
  52 000a 0023     		movs	r3, #0
  53 000c 80F85031 		strb	r3, [r0, #336]
  12:Core/Src/NOS_LIB_Driver/Src/NOS_WS2812B_Strip.c **** }
  54              		.loc 1 12 1 view .LVU12
  55 0010 7047     		bx	lr
  56              		.cfi_endproc
  57              	.LFE130:
  59              		.section	.text.NOS_WS2812B_Strip_CoreSetPixel,"ax",%progbits
  60              		.align	1
  61              		.global	NOS_WS2812B_Strip_CoreSetPixel
  62              		.syntax unified
  63              		.thumb
  64              		.thumb_func
  66              	NOS_WS2812B_Strip_CoreSetPixel:
  67              	.LVL2:
  68              	.LFB131:
  13:Core/Src/NOS_LIB_Driver/Src/NOS_WS2812B_Strip.c **** 
  14:Core/Src/NOS_LIB_Driver/Src/NOS_WS2812B_Strip.c **** void NOS_WS2812B_Strip_CoreSetPixel(WS2812B_Strip* strip,int pixelPos,uint8_t r, uint8_t g, uint8_t
  15:Core/Src/NOS_LIB_Driver/Src/NOS_WS2812B_Strip.c **** {
  69              		.loc 1 15 1 is_stmt 1 view -0
  70              		.cfi_startproc
  71              		@ args = 4, pretend = 0, frame = 0
  72              		@ frame_needed = 0, uses_anonymous_args = 0
  73              		@ link register save eliminated.
  74              		.loc 1 15 1 is_stmt 0 view .LVU14
  75 0000 30B4     		push	{r4, r5}
  76              		.cfi_def_cfa_offset 8
  77              		.cfi_offset 4, -8
  78              		.cfi_offset 5, -4
  16:Core/Src/NOS_LIB_Driver/Src/NOS_WS2812B_Strip.c ****     if(strip->frameBuffer != NULL && pixelPos <= strip->pixelCount)
  79              		.loc 1 16 5 is_stmt 1 view .LVU15
  80              		.loc 1 16 13 is_stmt 0 view .LVU16
  81 0002 0468     		ldr	r4, [r0]
  82              		.loc 1 16 7 view .LVU17
  83 0004 6CB1     		cbz	r4, .L2
  84              		.loc 1 16 35 discriminator 1 view .LVU18
  85 0006 8568     		ldr	r5, [r0, #8]
  86 0008 8D42     		cmp	r5, r1
  87 000a 0ADB     		blt	.L2
  17:Core/Src/NOS_LIB_Driver/Src/NOS_WS2812B_Strip.c ****     {
  18:Core/Src/NOS_LIB_Driver/Src/NOS_WS2812B_Strip.c ****         strip->frameBuffer[pixelPos * 3] = r;
  88              		.loc 1 18 9 is_stmt 1 view .LVU19
  89              		.loc 1 18 37 is_stmt 0 view .LVU20
  90 000c 01EB4101 		add	r1, r1, r1, lsl #1
  91              	.LVL3:
  92              		.loc 1 18 42 view .LVU21
  93 0010 6254     		strb	r2, [r4, r1]
  19:Core/Src/NOS_LIB_Driver/Src/NOS_WS2812B_Strip.c ****         strip->frameBuffer[pixelPos * 3 + 1] = g;
  94              		.loc 1 19 9 is_stmt 1 view .LVU22
  95              		.loc 1 19 14 is_stmt 0 view .LVU23
  96 0012 0468     		ldr	r4, [r0]
  97              		.loc 1 19 27 view .LVU24
  98 0014 4A1C     		adds	r2, r1, #1
ARM GAS  C:\Users\igorn\AppData\Local\Temp\ccxsBk6d.s 			page 3


  99              	.LVL4:
 100              		.loc 1 19 46 view .LVU25
 101 0016 A354     		strb	r3, [r4, r2]
  20:Core/Src/NOS_LIB_Driver/Src/NOS_WS2812B_Strip.c ****         strip->frameBuffer[pixelPos * 3 + 2] = b;
 102              		.loc 1 20 9 is_stmt 1 view .LVU26
 103              		.loc 1 20 14 is_stmt 0 view .LVU27
 104 0018 0368     		ldr	r3, [r0]
 105              	.LVL5:
 106              		.loc 1 20 27 view .LVU28
 107 001a 0231     		adds	r1, r1, #2
 108              		.loc 1 20 46 view .LVU29
 109 001c 9DF80820 		ldrb	r2, [sp, #8]	@ zero_extendqisi2
 110              	.LVL6:
 111              		.loc 1 20 46 view .LVU30
 112 0020 5A54     		strb	r2, [r3, r1]
 113              	.LVL7:
 114              	.L2:
  21:Core/Src/NOS_LIB_Driver/Src/NOS_WS2812B_Strip.c ****     }
  22:Core/Src/NOS_LIB_Driver/Src/NOS_WS2812B_Strip.c **** }
 115              		.loc 1 22 1 view .LVU31
 116 0022 30BC     		pop	{r4, r5}
 117              		.cfi_restore 5
 118              		.cfi_restore 4
 119              		.cfi_def_cfa_offset 0
 120              	.LVL8:
 121              		.loc 1 22 1 view .LVU32
 122 0024 7047     		bx	lr
 123              		.cfi_endproc
 124              	.LFE131:
 126              		.section	.text.NOS_WS2812B_Strip_SetPixel,"ax",%progbits
 127              		.align	1
 128              		.global	NOS_WS2812B_Strip_SetPixel
 129              		.syntax unified
 130              		.thumb
 131              		.thumb_func
 133              	NOS_WS2812B_Strip_SetPixel:
 134              	.LVL9:
 135              	.LFB132:
  23:Core/Src/NOS_LIB_Driver/Src/NOS_WS2812B_Strip.c **** 
  24:Core/Src/NOS_LIB_Driver/Src/NOS_WS2812B_Strip.c **** void NOS_WS2812B_Strip_SetPixel(WS2812B_Strip* strip,int pixelPos,uint8_t r, uint8_t g, uint8_t b)
  25:Core/Src/NOS_LIB_Driver/Src/NOS_WS2812B_Strip.c **** {
 136              		.loc 1 25 1 is_stmt 1 view -0
 137              		.cfi_startproc
 138              		@ args = 4, pretend = 0, frame = 0
 139              		@ frame_needed = 0, uses_anonymous_args = 0
 140              		@ link register save eliminated.
 141              		.loc 1 25 1 is_stmt 0 view .LVU34
 142 0000 30B4     		push	{r4, r5}
 143              		.cfi_def_cfa_offset 8
 144              		.cfi_offset 4, -8
 145              		.cfi_offset 5, -4
  26:Core/Src/NOS_LIB_Driver/Src/NOS_WS2812B_Strip.c ****     if(strip->pixels != NULL && pixelPos <= strip->pixelCount)
 146              		.loc 1 26 5 is_stmt 1 view .LVU35
 147              		.loc 1 26 13 is_stmt 0 view .LVU36
 148 0002 4468     		ldr	r4, [r0, #4]
 149              		.loc 1 26 7 view .LVU37
 150 0004 6CB1     		cbz	r4, .L5
ARM GAS  C:\Users\igorn\AppData\Local\Temp\ccxsBk6d.s 			page 4


 151              		.loc 1 26 30 discriminator 1 view .LVU38
 152 0006 8568     		ldr	r5, [r0, #8]
 153 0008 8D42     		cmp	r5, r1
 154 000a 0ADB     		blt	.L5
  27:Core/Src/NOS_LIB_Driver/Src/NOS_WS2812B_Strip.c ****     {
  28:Core/Src/NOS_LIB_Driver/Src/NOS_WS2812B_Strip.c ****         strip->pixels[pixelPos].R = r;
 155              		.loc 1 28 9 is_stmt 1 view .LVU39
 156              		.loc 1 28 22 is_stmt 0 view .LVU40
 157 000c 01EB4101 		add	r1, r1, r1, lsl #1
 158              	.LVL10:
 159              		.loc 1 28 35 view .LVU41
 160 0010 6254     		strb	r2, [r4, r1]
  29:Core/Src/NOS_LIB_Driver/Src/NOS_WS2812B_Strip.c ****         strip->pixels[pixelPos].G = g;
 161              		.loc 1 29 9 is_stmt 1 view .LVU42
 162              		.loc 1 29 14 is_stmt 0 view .LVU43
 163 0012 4268     		ldr	r2, [r0, #4]
 164              	.LVL11:
 165              		.loc 1 29 22 view .LVU44
 166 0014 0A44     		add	r2, r2, r1
 167              		.loc 1 29 35 view .LVU45
 168 0016 5370     		strb	r3, [r2, #1]
 169              	.LVL12:
  30:Core/Src/NOS_LIB_Driver/Src/NOS_WS2812B_Strip.c ****         strip->pixels[pixelPos].B = b;
 170              		.loc 1 30 9 is_stmt 1 view .LVU46
 171              		.loc 1 30 14 is_stmt 0 view .LVU47
 172 0018 4368     		ldr	r3, [r0, #4]
 173              	.LVL13:
 174              		.loc 1 30 22 view .LVU48
 175 001a 0B44     		add	r3, r3, r1
 176              		.loc 1 30 35 view .LVU49
 177 001c 9DF80820 		ldrb	r2, [sp, #8]	@ zero_extendqisi2
 178              	.LVL14:
 179              		.loc 1 30 35 view .LVU50
 180 0020 9A70     		strb	r2, [r3, #2]
 181              	.L5:
  31:Core/Src/NOS_LIB_Driver/Src/NOS_WS2812B_Strip.c ****     }         
  32:Core/Src/NOS_LIB_Driver/Src/NOS_WS2812B_Strip.c **** }
 182              		.loc 1 32 1 view .LVU51
 183 0022 30BC     		pop	{r4, r5}
 184              		.cfi_restore 5
 185              		.cfi_restore 4
 186              		.cfi_def_cfa_offset 0
 187              	.LVL15:
 188              		.loc 1 32 1 view .LVU52
 189 0024 7047     		bx	lr
 190              		.cfi_endproc
 191              	.LFE132:
 193              		.section	.text.NOS_WS2812B_Strip_Clear,"ax",%progbits
 194              		.align	1
 195              		.global	NOS_WS2812B_Strip_Clear
 196              		.syntax unified
 197              		.thumb
 198              		.thumb_func
 200              	NOS_WS2812B_Strip_Clear:
 201              	.LVL16:
 202              	.LFB133:
  33:Core/Src/NOS_LIB_Driver/Src/NOS_WS2812B_Strip.c **** 
ARM GAS  C:\Users\igorn\AppData\Local\Temp\ccxsBk6d.s 			page 5


  34:Core/Src/NOS_LIB_Driver/Src/NOS_WS2812B_Strip.c **** void NOS_WS2812B_Strip_Clear(WS2812B_Strip* strip)
  35:Core/Src/NOS_LIB_Driver/Src/NOS_WS2812B_Strip.c **** {
 203              		.loc 1 35 1 is_stmt 1 view -0
 204              		.cfi_startproc
 205              		@ args = 0, pretend = 0, frame = 0
 206              		@ frame_needed = 0, uses_anonymous_args = 0
 207              		.loc 1 35 1 is_stmt 0 view .LVU54
 208 0000 30B5     		push	{r4, r5, lr}
 209              		.cfi_def_cfa_offset 12
 210              		.cfi_offset 4, -12
 211              		.cfi_offset 5, -8
 212              		.cfi_offset 14, -4
 213 0002 83B0     		sub	sp, sp, #12
 214              		.cfi_def_cfa_offset 24
 215 0004 0546     		mov	r5, r0
  36:Core/Src/NOS_LIB_Driver/Src/NOS_WS2812B_Strip.c ****     for(int i = 0; i < strip->pixelCount; i++)
 216              		.loc 1 36 5 is_stmt 1 view .LVU55
 217              	.LBB2:
 218              		.loc 1 36 9 view .LVU56
 219              	.LVL17:
 220              		.loc 1 36 13 is_stmt 0 view .LVU57
 221 0006 0024     		movs	r4, #0
 222              		.loc 1 36 5 view .LVU58
 223 0008 07E0     		b	.L9
 224              	.LVL18:
 225              	.L10:
  37:Core/Src/NOS_LIB_Driver/Src/NOS_WS2812B_Strip.c ****     {
  38:Core/Src/NOS_LIB_Driver/Src/NOS_WS2812B_Strip.c ****         NOS_WS2812B_Strip_SetPixel(strip,i,0,0,0);
 226              		.loc 1 38 9 is_stmt 1 discriminator 3 view .LVU59
 227 000a 0022     		movs	r2, #0
 228 000c 0092     		str	r2, [sp]
 229 000e 1346     		mov	r3, r2
 230 0010 2146     		mov	r1, r4
 231 0012 2846     		mov	r0, r5
 232 0014 FFF7FEFF 		bl	NOS_WS2812B_Strip_SetPixel
 233              	.LVL19:
  36:Core/Src/NOS_LIB_Driver/Src/NOS_WS2812B_Strip.c ****     for(int i = 0; i < strip->pixelCount; i++)
 234              		.loc 1 36 44 discriminator 3 view .LVU60
 235 0018 0134     		adds	r4, r4, #1
 236              	.LVL20:
 237              	.L9:
  36:Core/Src/NOS_LIB_Driver/Src/NOS_WS2812B_Strip.c ****     for(int i = 0; i < strip->pixelCount; i++)
 238              		.loc 1 36 22 discriminator 1 view .LVU61
  36:Core/Src/NOS_LIB_Driver/Src/NOS_WS2812B_Strip.c ****     for(int i = 0; i < strip->pixelCount; i++)
 239              		.loc 1 36 29 is_stmt 0 discriminator 1 view .LVU62
 240 001a AB68     		ldr	r3, [r5, #8]
  36:Core/Src/NOS_LIB_Driver/Src/NOS_WS2812B_Strip.c ****     for(int i = 0; i < strip->pixelCount; i++)
 241              		.loc 1 36 22 discriminator 1 view .LVU63
 242 001c A342     		cmp	r3, r4
 243 001e F4DC     		bgt	.L10
 244              	.LBE2:
  39:Core/Src/NOS_LIB_Driver/Src/NOS_WS2812B_Strip.c ****     }
  40:Core/Src/NOS_LIB_Driver/Src/NOS_WS2812B_Strip.c **** }
 245              		.loc 1 40 1 view .LVU64
 246 0020 03B0     		add	sp, sp, #12
 247              		.cfi_def_cfa_offset 12
 248              		@ sp needed
ARM GAS  C:\Users\igorn\AppData\Local\Temp\ccxsBk6d.s 			page 6


 249 0022 30BD     		pop	{r4, r5, pc}
 250              		.loc 1 40 1 view .LVU65
 251              		.cfi_endproc
 252              	.LFE133:
 254              		.section	.text.NOS_WS2812B_Strip_Update,"ax",%progbits
 255              		.align	1
 256              		.global	NOS_WS2812B_Strip_Update
 257              		.syntax unified
 258              		.thumb
 259              		.thumb_func
 261              	NOS_WS2812B_Strip_Update:
 262              	.LVL21:
 263              	.LFB134:
  41:Core/Src/NOS_LIB_Driver/Src/NOS_WS2812B_Strip.c **** 
  42:Core/Src/NOS_LIB_Driver/Src/NOS_WS2812B_Strip.c **** void NOS_WS2812B_Strip_Update(WS2812B_Strip* strip)
  43:Core/Src/NOS_LIB_Driver/Src/NOS_WS2812B_Strip.c **** {
 264              		.loc 1 43 1 is_stmt 1 view -0
 265              		.cfi_startproc
 266              		@ args = 0, pretend = 0, frame = 16
 267              		@ frame_needed = 0, uses_anonymous_args = 0
 268              		.loc 1 43 1 is_stmt 0 view .LVU67
 269 0000 30B5     		push	{r4, r5, lr}
 270              		.cfi_def_cfa_offset 12
 271              		.cfi_offset 4, -12
 272              		.cfi_offset 5, -8
 273              		.cfi_offset 14, -4
 274 0002 2DED028B 		vpush.64	{d8}
 275              		.cfi_def_cfa_offset 20
 276              		.cfi_offset 80, -20
 277              		.cfi_offset 81, -16
 278 0006 87B0     		sub	sp, sp, #28
 279              		.cfi_def_cfa_offset 48
 280 0008 0546     		mov	r5, r0
  44:Core/Src/NOS_LIB_Driver/Src/NOS_WS2812B_Strip.c ****     float coef = (float)strip->bright / 100;
 281              		.loc 1 44 5 is_stmt 1 view .LVU68
 282              		.loc 1 44 18 is_stmt 0 view .LVU69
 283 000a D0ED037A 		vldr.32	s15, [r0, #12]	@ int
 284 000e F8EEE77A 		vcvt.f32.s32	s15, s15
 285              		.loc 1 44 11 view .LVU70
 286 0012 9FED1F7A 		vldr.32	s14, .L16
 287 0016 87EE878A 		vdiv.f32	s16, s15, s14
 288              	.LVL22:
  45:Core/Src/NOS_LIB_Driver/Src/NOS_WS2812B_Strip.c ****     for(int i = 0; i < strip->pixelCount; i++)
 289              		.loc 1 45 5 is_stmt 1 view .LVU71
 290              	.LBB3:
 291              		.loc 1 45 9 view .LVU72
 292              		.loc 1 45 13 is_stmt 0 view .LVU73
 293 001a 0024     		movs	r4, #0
 294              		.loc 1 45 5 view .LVU74
 295 001c 30E0     		b	.L13
 296              	.LVL23:
 297              	.L14:
 298              	.LBB4:
  46:Core/Src/NOS_LIB_Driver/Src/NOS_WS2812B_Strip.c ****     {
  47:Core/Src/NOS_LIB_Driver/Src/NOS_WS2812B_Strip.c ****         uint8_t currR = (float)strip->pixels[i].R * coef;
 299              		.loc 1 47 9 is_stmt 1 discriminator 3 view .LVU75
 300              		.loc 1 47 37 is_stmt 0 discriminator 3 view .LVU76
ARM GAS  C:\Users\igorn\AppData\Local\Temp\ccxsBk6d.s 			page 7


 301 001e 6968     		ldr	r1, [r5, #4]
 302              		.loc 1 47 45 discriminator 3 view .LVU77
 303 0020 04EB4402 		add	r2, r4, r4, lsl #1
 304 0024 8B18     		adds	r3, r1, r2
 305              		.loc 1 47 48 discriminator 3 view .LVU78
 306 0026 8A5C     		ldrb	r2, [r1, r2]	@ zero_extendqisi2
 307 0028 07EE902A 		vmov	s15, r2	@ int
 308              		.loc 1 47 25 discriminator 3 view .LVU79
 309 002c F8EE677A 		vcvt.f32.u32	s15, s15
 310              		.loc 1 47 51 discriminator 3 view .LVU80
 311 0030 67EE887A 		vmul.f32	s15, s15, s16
 312              		.loc 1 47 17 discriminator 3 view .LVU81
 313 0034 FCEEE77A 		vcvt.u32.f32	s15, s15
 314 0038 CDED037A 		vstr.32	s15, [sp, #12]	@ int
 315              	.LVL24:
  48:Core/Src/NOS_LIB_Driver/Src/NOS_WS2812B_Strip.c ****         uint8_t currG = (float)strip->pixels[i].G * coef;
 316              		.loc 1 48 9 is_stmt 1 discriminator 3 view .LVU82
 317              		.loc 1 48 48 is_stmt 0 discriminator 3 view .LVU83
 318 003c 5A78     		ldrb	r2, [r3, #1]	@ zero_extendqisi2
 319 003e 07EE902A 		vmov	s15, r2	@ int
 320              		.loc 1 48 25 discriminator 3 view .LVU84
 321 0042 F8EE677A 		vcvt.f32.u32	s15, s15
 322              		.loc 1 48 51 discriminator 3 view .LVU85
 323 0046 67EE887A 		vmul.f32	s15, s15, s16
 324              		.loc 1 48 17 discriminator 3 view .LVU86
 325 004a FCEEE77A 		vcvt.u32.f32	s15, s15
 326 004e CDED047A 		vstr.32	s15, [sp, #16]	@ int
 327              	.LVL25:
  49:Core/Src/NOS_LIB_Driver/Src/NOS_WS2812B_Strip.c ****         uint8_t currB = (float)strip->pixels[i].B * coef;
 328              		.loc 1 49 9 is_stmt 1 discriminator 3 view .LVU87
 329              		.loc 1 49 48 is_stmt 0 discriminator 3 view .LVU88
 330 0052 9B78     		ldrb	r3, [r3, #2]	@ zero_extendqisi2
 331 0054 07EE903A 		vmov	s15, r3	@ int
 332              		.loc 1 49 25 discriminator 3 view .LVU89
 333 0058 F8EE677A 		vcvt.f32.u32	s15, s15
 334              		.loc 1 49 51 discriminator 3 view .LVU90
 335 005c 67EE887A 		vmul.f32	s15, s15, s16
 336              		.loc 1 49 17 discriminator 3 view .LVU91
 337 0060 FCEEE77A 		vcvt.u32.f32	s15, s15
 338 0064 CDED057A 		vstr.32	s15, [sp, #20]	@ int
 339 0068 9DF81430 		ldrb	r3, [sp, #20]	@ zero_extendqisi2
 340              	.LVL26:
  50:Core/Src/NOS_LIB_Driver/Src/NOS_WS2812B_Strip.c ****         NOS_WS2812B_Strip_CoreSetPixel(strip,i,currR,currG,currB);
 341              		.loc 1 50 9 is_stmt 1 discriminator 3 view .LVU92
 342 006c 0093     		str	r3, [sp]
 343 006e 9DF81030 		ldrb	r3, [sp, #16]	@ zero_extendqisi2
 344              	.LVL27:
 345              		.loc 1 50 9 is_stmt 0 discriminator 3 view .LVU93
 346 0072 9DF80C20 		ldrb	r2, [sp, #12]	@ zero_extendqisi2
 347 0076 2146     		mov	r1, r4
 348 0078 2846     		mov	r0, r5
 349 007a FFF7FEFF 		bl	NOS_WS2812B_Strip_CoreSetPixel
 350              	.LVL28:
 351              		.loc 1 50 9 discriminator 3 view .LVU94
 352              	.LBE4:
  45:Core/Src/NOS_LIB_Driver/Src/NOS_WS2812B_Strip.c ****     {
 353              		.loc 1 45 44 is_stmt 1 discriminator 3 view .LVU95
ARM GAS  C:\Users\igorn\AppData\Local\Temp\ccxsBk6d.s 			page 8


 354 007e 0134     		adds	r4, r4, #1
 355              	.LVL29:
 356              	.L13:
  45:Core/Src/NOS_LIB_Driver/Src/NOS_WS2812B_Strip.c ****     {
 357              		.loc 1 45 22 discriminator 1 view .LVU96
  45:Core/Src/NOS_LIB_Driver/Src/NOS_WS2812B_Strip.c ****     {
 358              		.loc 1 45 29 is_stmt 0 discriminator 1 view .LVU97
 359 0080 AB68     		ldr	r3, [r5, #8]
  45:Core/Src/NOS_LIB_Driver/Src/NOS_WS2812B_Strip.c ****     {
 360              		.loc 1 45 22 discriminator 1 view .LVU98
 361 0082 A342     		cmp	r3, r4
 362 0084 CBDC     		bgt	.L14
 363              	.LBE3:
  51:Core/Src/NOS_LIB_Driver/Src/NOS_WS2812B_Strip.c ****     }
  52:Core/Src/NOS_LIB_Driver/Src/NOS_WS2812B_Strip.c **** 
  53:Core/Src/NOS_LIB_Driver/Src/NOS_WS2812B_Strip.c **** }
 364              		.loc 1 53 1 view .LVU99
 365 0086 07B0     		add	sp, sp, #28
 366              		.cfi_def_cfa_offset 20
 367              		@ sp needed
 368 0088 BDEC028B 		vldm	sp!, {d8}
 369              		.cfi_restore 80
 370              		.cfi_restore 81
 371              		.cfi_def_cfa_offset 12
 372              	.LVL30:
 373              		.loc 1 53 1 view .LVU100
 374 008c 30BD     		pop	{r4, r5, pc}
 375              	.LVL31:
 376              	.L17:
 377              		.loc 1 53 1 view .LVU101
 378 008e 00BF     		.align	2
 379              	.L16:
 380 0090 0000C842 		.word	1120403456
 381              		.cfi_endproc
 382              	.LFE134:
 384              		.section	.text.NOS_WS2812B_Strip_ColorFill,"ax",%progbits
 385              		.align	1
 386              		.global	NOS_WS2812B_Strip_ColorFill
 387              		.syntax unified
 388              		.thumb
 389              		.thumb_func
 391              	NOS_WS2812B_Strip_ColorFill:
 392              	.LVL32:
 393              	.LFB136:
  54:Core/Src/NOS_LIB_Driver/Src/NOS_WS2812B_Strip.c **** 
  55:Core/Src/NOS_LIB_Driver/Src/NOS_WS2812B_Strip.c **** void NOS_WS2812B_Strip_TestFill(WS2812B_Strip* strip)
  56:Core/Src/NOS_LIB_Driver/Src/NOS_WS2812B_Strip.c **** {
  57:Core/Src/NOS_LIB_Driver/Src/NOS_WS2812B_Strip.c ****     int currPixel = 0;
  58:Core/Src/NOS_LIB_Driver/Src/NOS_WS2812B_Strip.c ****     int currColor = 0;
  59:Core/Src/NOS_LIB_Driver/Src/NOS_WS2812B_Strip.c ****     
  60:Core/Src/NOS_LIB_Driver/Src/NOS_WS2812B_Strip.c ****     while(currPixel < strip->pixelCount)
  61:Core/Src/NOS_LIB_Driver/Src/NOS_WS2812B_Strip.c ****     {
  62:Core/Src/NOS_LIB_Driver/Src/NOS_WS2812B_Strip.c ****         NOS_WS2812B_Strip_SetPixelByPixelColor(strip,currPixel,NOS_GetBaseColor(currColor));
  63:Core/Src/NOS_LIB_Driver/Src/NOS_WS2812B_Strip.c ****         
  64:Core/Src/NOS_LIB_Driver/Src/NOS_WS2812B_Strip.c ****         currColor++;
  65:Core/Src/NOS_LIB_Driver/Src/NOS_WS2812B_Strip.c ****         if(currColor > 11)
  66:Core/Src/NOS_LIB_Driver/Src/NOS_WS2812B_Strip.c ****         {
ARM GAS  C:\Users\igorn\AppData\Local\Temp\ccxsBk6d.s 			page 9


  67:Core/Src/NOS_LIB_Driver/Src/NOS_WS2812B_Strip.c ****             currColor = 0;
  68:Core/Src/NOS_LIB_Driver/Src/NOS_WS2812B_Strip.c ****         }
  69:Core/Src/NOS_LIB_Driver/Src/NOS_WS2812B_Strip.c **** 
  70:Core/Src/NOS_LIB_Driver/Src/NOS_WS2812B_Strip.c ****         currPixel++;
  71:Core/Src/NOS_LIB_Driver/Src/NOS_WS2812B_Strip.c ****     }
  72:Core/Src/NOS_LIB_Driver/Src/NOS_WS2812B_Strip.c **** }
  73:Core/Src/NOS_LIB_Driver/Src/NOS_WS2812B_Strip.c **** 
  74:Core/Src/NOS_LIB_Driver/Src/NOS_WS2812B_Strip.c **** void NOS_WS2812B_Strip_ColorFill(WS2812B_Strip* strip,PixelColor color)
  75:Core/Src/NOS_LIB_Driver/Src/NOS_WS2812B_Strip.c **** {
 394              		.loc 1 75 1 is_stmt 1 view -0
 395              		.cfi_startproc
 396              		@ args = 0, pretend = 0, frame = 8
 397              		@ frame_needed = 0, uses_anonymous_args = 0
 398              		.loc 1 75 1 is_stmt 0 view .LVU103
 399 0000 30B5     		push	{r4, r5, lr}
 400              		.cfi_def_cfa_offset 12
 401              		.cfi_offset 4, -12
 402              		.cfi_offset 5, -8
 403              		.cfi_offset 14, -4
 404 0002 85B0     		sub	sp, sp, #20
 405              		.cfi_def_cfa_offset 32
 406 0004 0546     		mov	r5, r0
 407 0006 0391     		str	r1, [sp, #12]
  76:Core/Src/NOS_LIB_Driver/Src/NOS_WS2812B_Strip.c ****     for(int i = 0; i < strip->pixelCount; i++)
 408              		.loc 1 76 5 is_stmt 1 view .LVU104
 409              	.LBB5:
 410              		.loc 1 76 9 view .LVU105
 411              	.LVL33:
 412              		.loc 1 76 13 is_stmt 0 view .LVU106
 413 0008 0024     		movs	r4, #0
 414              		.loc 1 76 5 view .LVU107
 415 000a 0BE0     		b	.L19
 416              	.LVL34:
 417              	.L20:
  77:Core/Src/NOS_LIB_Driver/Src/NOS_WS2812B_Strip.c ****     {
  78:Core/Src/NOS_LIB_Driver/Src/NOS_WS2812B_Strip.c ****         NOS_WS2812B_Strip_SetPixel(strip,i,color.R,color.G,color.B);
 418              		.loc 1 78 9 is_stmt 1 discriminator 3 view .LVU108
 419 000c 9DF80E30 		ldrb	r3, [sp, #14]	@ zero_extendqisi2
 420 0010 0093     		str	r3, [sp]
 421 0012 9DF80D30 		ldrb	r3, [sp, #13]	@ zero_extendqisi2
 422 0016 9DF80C20 		ldrb	r2, [sp, #12]	@ zero_extendqisi2
 423 001a 2146     		mov	r1, r4
 424 001c 2846     		mov	r0, r5
 425 001e FFF7FEFF 		bl	NOS_WS2812B_Strip_SetPixel
 426              	.LVL35:
  76:Core/Src/NOS_LIB_Driver/Src/NOS_WS2812B_Strip.c ****     for(int i = 0; i < strip->pixelCount; i++)
 427              		.loc 1 76 44 discriminator 3 view .LVU109
 428 0022 0134     		adds	r4, r4, #1
 429              	.LVL36:
 430              	.L19:
  76:Core/Src/NOS_LIB_Driver/Src/NOS_WS2812B_Strip.c ****     for(int i = 0; i < strip->pixelCount; i++)
 431              		.loc 1 76 22 discriminator 1 view .LVU110
  76:Core/Src/NOS_LIB_Driver/Src/NOS_WS2812B_Strip.c ****     for(int i = 0; i < strip->pixelCount; i++)
 432              		.loc 1 76 29 is_stmt 0 discriminator 1 view .LVU111
 433 0024 AB68     		ldr	r3, [r5, #8]
  76:Core/Src/NOS_LIB_Driver/Src/NOS_WS2812B_Strip.c ****     for(int i = 0; i < strip->pixelCount; i++)
 434              		.loc 1 76 22 discriminator 1 view .LVU112
ARM GAS  C:\Users\igorn\AppData\Local\Temp\ccxsBk6d.s 			page 10


 435 0026 A342     		cmp	r3, r4
 436 0028 F0DC     		bgt	.L20
 437              	.LBE5:
  79:Core/Src/NOS_LIB_Driver/Src/NOS_WS2812B_Strip.c ****     }
  80:Core/Src/NOS_LIB_Driver/Src/NOS_WS2812B_Strip.c **** }
 438              		.loc 1 80 1 view .LVU113
 439 002a 05B0     		add	sp, sp, #20
 440              		.cfi_def_cfa_offset 12
 441              		@ sp needed
 442 002c 30BD     		pop	{r4, r5, pc}
 443              		.loc 1 80 1 view .LVU114
 444              		.cfi_endproc
 445              	.LFE136:
 447              		.section	.text.NOS_WS2812B_Strip_SetPixelByRGB,"ax",%progbits
 448              		.align	1
 449              		.global	NOS_WS2812B_Strip_SetPixelByRGB
 450              		.syntax unified
 451              		.thumb
 452              		.thumb_func
 454              	NOS_WS2812B_Strip_SetPixelByRGB:
 455              	.LVL37:
 456              	.LFB137:
  81:Core/Src/NOS_LIB_Driver/Src/NOS_WS2812B_Strip.c **** 
  82:Core/Src/NOS_LIB_Driver/Src/NOS_WS2812B_Strip.c **** void NOS_WS2812B_Strip_SetPixelByRGB(WS2812B_Strip* strip,int pixelPos,uint32_t rgb)
  83:Core/Src/NOS_LIB_Driver/Src/NOS_WS2812B_Strip.c **** {
 457              		.loc 1 83 1 is_stmt 1 view -0
 458              		.cfi_startproc
 459              		@ args = 0, pretend = 0, frame = 0
 460              		@ frame_needed = 0, uses_anonymous_args = 0
 461              		.loc 1 83 1 is_stmt 0 view .LVU116
 462 0000 00B5     		push	{lr}
 463              		.cfi_def_cfa_offset 4
 464              		.cfi_offset 14, -4
 465 0002 83B0     		sub	sp, sp, #12
 466              		.cfi_def_cfa_offset 16
  84:Core/Src/NOS_LIB_Driver/Src/NOS_WS2812B_Strip.c ****     uint8_t R = (rgb & 0x00FF0000) >> 16;
 467              		.loc 1 84 5 is_stmt 1 view .LVU117
 468              	.LVL38:
  85:Core/Src/NOS_LIB_Driver/Src/NOS_WS2812B_Strip.c ****     uint8_t G = (rgb & 0x0000FF00) >> 8;
 469              		.loc 1 85 5 view .LVU118
  86:Core/Src/NOS_LIB_Driver/Src/NOS_WS2812B_Strip.c ****     uint8_t B = rgb & 0x000000FF;
 470              		.loc 1 86 5 view .LVU119
 471              		.loc 1 86 13 is_stmt 0 view .LVU120
 472 0004 D3B2     		uxtb	r3, r2
 473              	.LVL39:
  87:Core/Src/NOS_LIB_Driver/Src/NOS_WS2812B_Strip.c **** 
  88:Core/Src/NOS_LIB_Driver/Src/NOS_WS2812B_Strip.c ****     NOS_WS2812B_Strip_SetPixel(strip,pixelPos,R,G,B);
 474              		.loc 1 88 5 is_stmt 1 view .LVU121
 475 0006 0093     		str	r3, [sp]
 476 0008 C2F30723 		ubfx	r3, r2, #8, #8
 477              	.LVL40:
 478              		.loc 1 88 5 is_stmt 0 view .LVU122
 479 000c C2F30742 		ubfx	r2, r2, #16, #8
 480              	.LVL41:
 481              		.loc 1 88 5 view .LVU123
 482 0010 FFF7FEFF 		bl	NOS_WS2812B_Strip_SetPixel
 483              	.LVL42:
ARM GAS  C:\Users\igorn\AppData\Local\Temp\ccxsBk6d.s 			page 11


  89:Core/Src/NOS_LIB_Driver/Src/NOS_WS2812B_Strip.c **** }
 484              		.loc 1 89 1 view .LVU124
 485 0014 03B0     		add	sp, sp, #12
 486              		.cfi_def_cfa_offset 4
 487              		@ sp needed
 488 0016 5DF804FB 		ldr	pc, [sp], #4
 489              		.cfi_endproc
 490              	.LFE137:
 492              		.section	.text.NOS_WS2812B_Strip_SetPixelByPixelColor,"ax",%progbits
 493              		.align	1
 494              		.global	NOS_WS2812B_Strip_SetPixelByPixelColor
 495              		.syntax unified
 496              		.thumb
 497              		.thumb_func
 499              	NOS_WS2812B_Strip_SetPixelByPixelColor:
 500              	.LVL43:
 501              	.LFB138:
  90:Core/Src/NOS_LIB_Driver/Src/NOS_WS2812B_Strip.c **** 
  91:Core/Src/NOS_LIB_Driver/Src/NOS_WS2812B_Strip.c **** void NOS_WS2812B_Strip_SetPixelByPixelColor(WS2812B_Strip* strip,int pixelPos, PixelColor color)
  92:Core/Src/NOS_LIB_Driver/Src/NOS_WS2812B_Strip.c **** {
 502              		.loc 1 92 1 is_stmt 1 view -0
 503              		.cfi_startproc
 504              		@ args = 0, pretend = 0, frame = 8
 505              		@ frame_needed = 0, uses_anonymous_args = 0
 506              		.loc 1 92 1 is_stmt 0 view .LVU126
 507 0000 00B5     		push	{lr}
 508              		.cfi_def_cfa_offset 4
 509              		.cfi_offset 14, -4
 510 0002 85B0     		sub	sp, sp, #20
 511              		.cfi_def_cfa_offset 24
 512 0004 0392     		str	r2, [sp, #12]
  93:Core/Src/NOS_LIB_Driver/Src/NOS_WS2812B_Strip.c ****     NOS_WS2812B_Strip_SetPixel(strip,pixelPos,color.R,color.G,color.B);
 513              		.loc 1 93 5 is_stmt 1 view .LVU127
 514 0006 9DF80E30 		ldrb	r3, [sp, #14]	@ zero_extendqisi2
 515 000a 0093     		str	r3, [sp]
 516 000c 9DF80D30 		ldrb	r3, [sp, #13]	@ zero_extendqisi2
 517 0010 9DF80C20 		ldrb	r2, [sp, #12]	@ zero_extendqisi2
 518 0014 FFF7FEFF 		bl	NOS_WS2812B_Strip_SetPixel
 519              	.LVL44:
  94:Core/Src/NOS_LIB_Driver/Src/NOS_WS2812B_Strip.c **** }
 520              		.loc 1 94 1 is_stmt 0 view .LVU128
 521 0018 05B0     		add	sp, sp, #20
 522              		.cfi_def_cfa_offset 4
 523              		@ sp needed
 524 001a 5DF804FB 		ldr	pc, [sp], #4
 525              		.cfi_endproc
 526              	.LFE138:
 528              		.section	.text.NOS_WS2812B_Strip_TestFill,"ax",%progbits
 529              		.align	1
 530              		.global	NOS_WS2812B_Strip_TestFill
 531              		.syntax unified
 532              		.thumb
 533              		.thumb_func
 535              	NOS_WS2812B_Strip_TestFill:
 536              	.LVL45:
 537              	.LFB135:
  56:Core/Src/NOS_LIB_Driver/Src/NOS_WS2812B_Strip.c ****     int currPixel = 0;
ARM GAS  C:\Users\igorn\AppData\Local\Temp\ccxsBk6d.s 			page 12


 538              		.loc 1 56 1 is_stmt 1 view -0
 539              		.cfi_startproc
 540              		@ args = 0, pretend = 0, frame = 8
 541              		@ frame_needed = 0, uses_anonymous_args = 0
  56:Core/Src/NOS_LIB_Driver/Src/NOS_WS2812B_Strip.c ****     int currPixel = 0;
 542              		.loc 1 56 1 is_stmt 0 view .LVU130
 543 0000 70B5     		push	{r4, r5, r6, lr}
 544              		.cfi_def_cfa_offset 16
 545              		.cfi_offset 4, -16
 546              		.cfi_offset 5, -12
 547              		.cfi_offset 6, -8
 548              		.cfi_offset 14, -4
 549 0002 82B0     		sub	sp, sp, #8
 550              		.cfi_def_cfa_offset 24
 551 0004 0646     		mov	r6, r0
  57:Core/Src/NOS_LIB_Driver/Src/NOS_WS2812B_Strip.c ****     int currColor = 0;
 552              		.loc 1 57 5 is_stmt 1 view .LVU131
 553              	.LVL46:
  58:Core/Src/NOS_LIB_Driver/Src/NOS_WS2812B_Strip.c ****     
 554              		.loc 1 58 5 view .LVU132
  60:Core/Src/NOS_LIB_Driver/Src/NOS_WS2812B_Strip.c ****     {
 555              		.loc 1 60 5 view .LVU133
  58:Core/Src/NOS_LIB_Driver/Src/NOS_WS2812B_Strip.c ****     
 556              		.loc 1 58 9 is_stmt 0 view .LVU134
 557 0006 0024     		movs	r4, #0
  57:Core/Src/NOS_LIB_Driver/Src/NOS_WS2812B_Strip.c ****     int currColor = 0;
 558              		.loc 1 57 9 view .LVU135
 559 0008 2546     		mov	r5, r4
  60:Core/Src/NOS_LIB_Driver/Src/NOS_WS2812B_Strip.c ****     {
 560              		.loc 1 60 10 view .LVU136
 561 000a 00E0     		b	.L27
 562              	.LVL47:
 563              	.L28:
  70:Core/Src/NOS_LIB_Driver/Src/NOS_WS2812B_Strip.c ****     }
 564              		.loc 1 70 9 is_stmt 1 view .LVU137
  70:Core/Src/NOS_LIB_Driver/Src/NOS_WS2812B_Strip.c ****     }
 565              		.loc 1 70 18 is_stmt 0 view .LVU138
 566 000c 0135     		adds	r5, r5, #1
 567              	.LVL48:
 568              	.L27:
  60:Core/Src/NOS_LIB_Driver/Src/NOS_WS2812B_Strip.c ****     {
 569              		.loc 1 60 21 is_stmt 1 view .LVU139
  60:Core/Src/NOS_LIB_Driver/Src/NOS_WS2812B_Strip.c ****     {
 570              		.loc 1 60 28 is_stmt 0 view .LVU140
 571 000e B368     		ldr	r3, [r6, #8]
  60:Core/Src/NOS_LIB_Driver/Src/NOS_WS2812B_Strip.c ****     {
 572              		.loc 1 60 21 view .LVU141
 573 0010 AB42     		cmp	r3, r5
 574 0012 16DD     		ble	.L32
  62:Core/Src/NOS_LIB_Driver/Src/NOS_WS2812B_Strip.c ****         
 575              		.loc 1 62 9 is_stmt 1 view .LVU142
 576 0014 E0B2     		uxtb	r0, r4
 577 0016 FFF7FEFF 		bl	NOS_GetBaseColor
 578              	.LVL49:
 579 001a 8DF80400 		strb	r0, [sp, #4]
 580 001e C0F30723 		ubfx	r3, r0, #8, #8
 581 0022 8DF80530 		strb	r3, [sp, #5]
ARM GAS  C:\Users\igorn\AppData\Local\Temp\ccxsBk6d.s 			page 13


 582 0026 C0F30740 		ubfx	r0, r0, #16, #8
 583 002a 8DF80600 		strb	r0, [sp, #6]
 584 002e 019A     		ldr	r2, [sp, #4]
 585 0030 2946     		mov	r1, r5
 586 0032 3046     		mov	r0, r6
 587 0034 FFF7FEFF 		bl	NOS_WS2812B_Strip_SetPixelByPixelColor
 588              	.LVL50:
  64:Core/Src/NOS_LIB_Driver/Src/NOS_WS2812B_Strip.c ****         if(currColor > 11)
 589              		.loc 1 64 9 view .LVU143
  64:Core/Src/NOS_LIB_Driver/Src/NOS_WS2812B_Strip.c ****         if(currColor > 11)
 590              		.loc 1 64 18 is_stmt 0 view .LVU144
 591 0038 0134     		adds	r4, r4, #1
 592              	.LVL51:
  65:Core/Src/NOS_LIB_Driver/Src/NOS_WS2812B_Strip.c ****         {
 593              		.loc 1 65 9 is_stmt 1 view .LVU145
  65:Core/Src/NOS_LIB_Driver/Src/NOS_WS2812B_Strip.c ****         {
 594              		.loc 1 65 11 is_stmt 0 view .LVU146
 595 003a 0B2C     		cmp	r4, #11
 596 003c E6DD     		ble	.L28
  67:Core/Src/NOS_LIB_Driver/Src/NOS_WS2812B_Strip.c ****         }
 597              		.loc 1 67 23 view .LVU147
 598 003e 0024     		movs	r4, #0
 599              	.LVL52:
  67:Core/Src/NOS_LIB_Driver/Src/NOS_WS2812B_Strip.c ****         }
 600              		.loc 1 67 23 view .LVU148
 601 0040 E4E7     		b	.L28
 602              	.LVL53:
 603              	.L32:
  72:Core/Src/NOS_LIB_Driver/Src/NOS_WS2812B_Strip.c **** 
 604              		.loc 1 72 1 view .LVU149
 605 0042 02B0     		add	sp, sp, #8
 606              		.cfi_def_cfa_offset 16
 607              		@ sp needed
 608 0044 70BD     		pop	{r4, r5, r6, pc}
  72:Core/Src/NOS_LIB_Driver/Src/NOS_WS2812B_Strip.c **** 
 609              		.loc 1 72 1 view .LVU150
 610              		.cfi_endproc
 611              	.LFE135:
 613              		.section	.text.NOS_WS2812B_Strip_SetBright,"ax",%progbits
 614              		.align	1
 615              		.global	NOS_WS2812B_Strip_SetBright
 616              		.syntax unified
 617              		.thumb
 618              		.thumb_func
 620              	NOS_WS2812B_Strip_SetBright:
 621              	.LVL54:
 622              	.LFB139:
  95:Core/Src/NOS_LIB_Driver/Src/NOS_WS2812B_Strip.c **** 
  96:Core/Src/NOS_LIB_Driver/Src/NOS_WS2812B_Strip.c **** void NOS_WS2812B_Strip_SetBright(WS2812B_Strip* strip,uint8_t bright)
  97:Core/Src/NOS_LIB_Driver/Src/NOS_WS2812B_Strip.c **** {
 623              		.loc 1 97 1 is_stmt 1 view -0
 624              		.cfi_startproc
 625              		@ args = 0, pretend = 0, frame = 0
 626              		@ frame_needed = 0, uses_anonymous_args = 0
 627              		@ link register save eliminated.
  98:Core/Src/NOS_LIB_Driver/Src/NOS_WS2812B_Strip.c ****     strip->bright = bright;
 628              		.loc 1 98 5 view .LVU152
ARM GAS  C:\Users\igorn\AppData\Local\Temp\ccxsBk6d.s 			page 14


 629              		.loc 1 98 19 is_stmt 0 view .LVU153
 630 0000 C160     		str	r1, [r0, #12]
  99:Core/Src/NOS_LIB_Driver/Src/NOS_WS2812B_Strip.c **** }
 631              		.loc 1 99 1 view .LVU154
 632 0002 7047     		bx	lr
 633              		.cfi_endproc
 634              	.LFE139:
 636              		.section	.text.NOS_WS2812B_Strip_Effect_Breathe_Init,"ax",%progbits
 637              		.align	1
 638              		.global	NOS_WS2812B_Strip_Effect_Breathe_Init
 639              		.syntax unified
 640              		.thumb
 641              		.thumb_func
 643              	NOS_WS2812B_Strip_Effect_Breathe_Init:
 644              	.LVL55:
 645              	.LFB140:
 100:Core/Src/NOS_LIB_Driver/Src/NOS_WS2812B_Strip.c **** 
 101:Core/Src/NOS_LIB_Driver/Src/NOS_WS2812B_Strip.c **** void NOS_WS2812B_Strip_Effect_Breathe_Init(Effect_Struct* effect,uint16_t speed,uint16_t step,uint8
 102:Core/Src/NOS_LIB_Driver/Src/NOS_WS2812B_Strip.c **** {
 646              		.loc 1 102 1 is_stmt 1 view -0
 647              		.cfi_startproc
 648              		@ args = 4, pretend = 0, frame = 0
 649              		@ frame_needed = 0, uses_anonymous_args = 0
 650              		.loc 1 102 1 is_stmt 0 view .LVU156
 651 0000 2DE9F041 		push	{r4, r5, r6, r7, r8, lr}
 652              		.cfi_def_cfa_offset 24
 653              		.cfi_offset 4, -24
 654              		.cfi_offset 5, -20
 655              		.cfi_offset 6, -16
 656              		.cfi_offset 7, -12
 657              		.cfi_offset 8, -8
 658              		.cfi_offset 14, -4
 659 0004 0446     		mov	r4, r0
 660 0006 0F46     		mov	r7, r1
 661 0008 1546     		mov	r5, r2
 662 000a 1E46     		mov	r6, r3
 663 000c 9DF81880 		ldrb	r8, [sp, #24]	@ zero_extendqisi2
 103:Core/Src/NOS_LIB_Driver/Src/NOS_WS2812B_Strip.c ****         NOS_Math_SinValue_Init(&effect->value,minValue,maxValue,step);
 664              		.loc 1 103 9 is_stmt 1 view .LVU157
 665 0010 1346     		mov	r3, r2
 666              	.LVL56:
 667              		.loc 1 103 9 is_stmt 0 view .LVU158
 668 0012 4246     		mov	r2, r8
 669              	.LVL57:
 670              		.loc 1 103 9 view .LVU159
 671 0014 3146     		mov	r1, r6
 672              	.LVL58:
 673              		.loc 1 103 9 view .LVU160
 674 0016 FFF7FEFF 		bl	NOS_Math_SinValue_Init
 675              	.LVL59:
 104:Core/Src/NOS_LIB_Driver/Src/NOS_WS2812B_Strip.c ****         effect->minValue = minValue;
 676              		.loc 1 104 9 is_stmt 1 view .LVU161
 677              		.loc 1 104 26 is_stmt 0 view .LVU162
 678 001a A676     		strb	r6, [r4, #26]
 105:Core/Src/NOS_LIB_Driver/Src/NOS_WS2812B_Strip.c ****         effect->maxValue = maxValue;
 679              		.loc 1 105 9 is_stmt 1 view .LVU163
 680              		.loc 1 105 26 is_stmt 0 view .LVU164
ARM GAS  C:\Users\igorn\AppData\Local\Temp\ccxsBk6d.s 			page 15


 681 001c 84F81B80 		strb	r8, [r4, #27]
 106:Core/Src/NOS_LIB_Driver/Src/NOS_WS2812B_Strip.c ****         effect->speed.data = speed;
 682              		.loc 1 106 9 is_stmt 1 view .LVU165
 683              		.loc 1 106 28 is_stmt 0 view .LVU166
 684 0020 A782     		strh	r7, [r4, #20]	@ movhi
 107:Core/Src/NOS_LIB_Driver/Src/NOS_WS2812B_Strip.c ****         effect->step.data = step;
 685              		.loc 1 107 9 is_stmt 1 view .LVU167
 686              		.loc 1 107 27 is_stmt 0 view .LVU168
 687 0022 E582     		strh	r5, [r4, #22]	@ movhi
 108:Core/Src/NOS_LIB_Driver/Src/NOS_WS2812B_Strip.c ****         effect->enabled = true;
 688              		.loc 1 108 9 is_stmt 1 view .LVU169
 689              		.loc 1 108 25 is_stmt 0 view .LVU170
 690 0024 0123     		movs	r3, #1
 691 0026 2377     		strb	r3, [r4, #28]
 109:Core/Src/NOS_LIB_Driver/Src/NOS_WS2812B_Strip.c ****         effect->effectId = EFFECT_BREATHE_ID;   
 692              		.loc 1 109 9 is_stmt 1 view .LVU171
 693              		.loc 1 109 26 is_stmt 0 view .LVU172
 694 0028 2023     		movs	r3, #32
 695 002a 6377     		strb	r3, [r4, #29]
 110:Core/Src/NOS_LIB_Driver/Src/NOS_WS2812B_Strip.c **** }
 696              		.loc 1 110 1 view .LVU173
 697 002c BDE8F081 		pop	{r4, r5, r6, r7, r8, pc}
 698              		.loc 1 110 1 view .LVU174
 699              		.cfi_endproc
 700              	.LFE140:
 702              		.section	.text.NOS_WS2812B_Strip_Effects_AddEffect,"ax",%progbits
 703              		.align	1
 704              		.global	NOS_WS2812B_Strip_Effects_AddEffect
 705              		.syntax unified
 706              		.thumb
 707              		.thumb_func
 709              	NOS_WS2812B_Strip_Effects_AddEffect:
 710              	.LVL60:
 711              	.LFB141:
 111:Core/Src/NOS_LIB_Driver/Src/NOS_WS2812B_Strip.c **** 
 112:Core/Src/NOS_LIB_Driver/Src/NOS_WS2812B_Strip.c **** void NOS_WS2812B_Strip_Effects_AddEffect(WS2812B_Strip* strip,Effect_Struct effect)
 113:Core/Src/NOS_LIB_Driver/Src/NOS_WS2812B_Strip.c **** {
 712              		.loc 1 113 1 is_stmt 1 view -0
 713              		.cfi_startproc
 714              		@ args = 36, pretend = 16, frame = 0
 715              		@ frame_needed = 0, uses_anonymous_args = 0
 716              		.loc 1 113 1 is_stmt 0 view .LVU176
 717 0000 84B0     		sub	sp, sp, #16
 718              		.cfi_def_cfa_offset 16
 719 0002 10B5     		push	{r4, lr}
 720              		.cfi_def_cfa_offset 24
 721              		.cfi_offset 4, -24
 722              		.cfi_offset 14, -20
 723 0004 82B0     		sub	sp, sp, #8
 724              		.cfi_def_cfa_offset 32
 725 0006 0446     		mov	r4, r0
 726 0008 05A8     		add	r0, sp, #20
 727              	.LVL61:
 728              		.loc 1 113 1 view .LVU177
 729 000a 80E80E00 		stm	r0, {r1, r2, r3}
 114:Core/Src/NOS_LIB_Driver/Src/NOS_WS2812B_Strip.c ****     if(strip->effectsCounter < EFFECTS_MAX_COUNT)
 730              		.loc 1 114 5 is_stmt 1 view .LVU178
ARM GAS  C:\Users\igorn\AppData\Local\Temp\ccxsBk6d.s 			page 16


 731              		.loc 1 114 13 is_stmt 0 view .LVU179
 732 000e 94F85001 		ldrb	r0, [r4, #336]	@ zero_extendqisi2
 733              		.loc 1 114 7 view .LVU180
 734 0012 0928     		cmp	r0, #9
 735 0014 08D8     		bhi	.L36
 115:Core/Src/NOS_LIB_Driver/Src/NOS_WS2812B_Strip.c ****     {
 116:Core/Src/NOS_LIB_Driver/Src/NOS_WS2812B_Strip.c ****         switch(effect.effectId)
 736              		.loc 1 116 9 is_stmt 1 view .LVU181
 737              		.loc 1 116 22 is_stmt 0 view .LVU182
 738 0016 9DF83130 		ldrb	r3, [sp, #49]	@ zero_extendqisi2
 739              		.loc 1 116 9 view .LVU183
 740 001a 202B     		cmp	r3, #32
 741 001c 09D0     		beq	.L40
 742              	.L38:
 117:Core/Src/NOS_LIB_Driver/Src/NOS_WS2812B_Strip.c ****         {
 118:Core/Src/NOS_LIB_Driver/Src/NOS_WS2812B_Strip.c ****             case EFFECT_BREATHE_ID:
 119:Core/Src/NOS_LIB_Driver/Src/NOS_WS2812B_Strip.c ****                 NOS_WS2812B_Strip_Effect_Breathe_Init(&strip->effects[strip->effectsCounter],effect
 120:Core/Src/NOS_LIB_Driver/Src/NOS_WS2812B_Strip.c ****                 break;
 121:Core/Src/NOS_LIB_Driver/Src/NOS_WS2812B_Strip.c ****         }
 122:Core/Src/NOS_LIB_Driver/Src/NOS_WS2812B_Strip.c **** 
 123:Core/Src/NOS_LIB_Driver/Src/NOS_WS2812B_Strip.c ****         strip->effectsCounter++;
 743              		.loc 1 123 9 is_stmt 1 view .LVU184
 744              		.loc 1 123 14 is_stmt 0 view .LVU185
 745 001e 94F85031 		ldrb	r3, [r4, #336]	@ zero_extendqisi2
 746              		.loc 1 123 30 view .LVU186
 747 0022 0133     		adds	r3, r3, #1
 748 0024 84F85031 		strb	r3, [r4, #336]
 749              	.L36:
 124:Core/Src/NOS_LIB_Driver/Src/NOS_WS2812B_Strip.c ****     }
 125:Core/Src/NOS_LIB_Driver/Src/NOS_WS2812B_Strip.c **** }
 750              		.loc 1 125 1 view .LVU187
 751 0028 02B0     		add	sp, sp, #8
 752              		.cfi_remember_state
 753              		.cfi_def_cfa_offset 24
 754              		@ sp needed
 755 002a BDE81040 		pop	{r4, lr}
 756              		.cfi_restore 14
 757              		.cfi_restore 4
 758              		.cfi_def_cfa_offset 16
 759              	.LVL62:
 760              		.loc 1 125 1 view .LVU188
 761 002e 04B0     		add	sp, sp, #16
 762              		.cfi_def_cfa_offset 0
 763 0030 7047     		bx	lr
 764              	.LVL63:
 765              	.L40:
 766              		.cfi_restore_state
 119:Core/Src/NOS_LIB_Driver/Src/NOS_WS2812B_Strip.c ****                 break;
 767              		.loc 1 119 17 is_stmt 1 view .LVU189
 768 0032 4001     		lsls	r0, r0, #5
 769 0034 1030     		adds	r0, r0, #16
 770 0036 9DF82F30 		ldrb	r3, [sp, #47]	@ zero_extendqisi2
 771 003a 0093     		str	r3, [sp]
 772 003c 9DF82E30 		ldrb	r3, [sp, #46]	@ zero_extendqisi2
 773 0040 BDF82A20 		ldrh	r2, [sp, #42]
 774 0044 BDF82810 		ldrh	r1, [sp, #40]
 775 0048 2044     		add	r0, r0, r4
ARM GAS  C:\Users\igorn\AppData\Local\Temp\ccxsBk6d.s 			page 17


 776 004a FFF7FEFF 		bl	NOS_WS2812B_Strip_Effect_Breathe_Init
 777              	.LVL64:
 120:Core/Src/NOS_LIB_Driver/Src/NOS_WS2812B_Strip.c ****         }
 778              		.loc 1 120 17 view .LVU190
 779 004e E6E7     		b	.L38
 780              		.cfi_endproc
 781              	.LFE141:
 783              		.section	.text.NOS_WS2812B_Strip_Effect_Breathe_Handler,"ax",%progbits
 784              		.align	1
 785              		.global	NOS_WS2812B_Strip_Effect_Breathe_Handler
 786              		.syntax unified
 787              		.thumb
 788              		.thumb_func
 790              	NOS_WS2812B_Strip_Effect_Breathe_Handler:
 791              	.LVL65:
 792              	.LFB143:
 126:Core/Src/NOS_LIB_Driver/Src/NOS_WS2812B_Strip.c **** 
 127:Core/Src/NOS_LIB_Driver/Src/NOS_WS2812B_Strip.c **** void NOS_WS2812B_Strip_Effects_Handler(WS2812B_Strip* strip)
 128:Core/Src/NOS_LIB_Driver/Src/NOS_WS2812B_Strip.c **** {
 129:Core/Src/NOS_LIB_Driver/Src/NOS_WS2812B_Strip.c ****     for(int i = 0; i < strip->effectsCounter; i++)
 130:Core/Src/NOS_LIB_Driver/Src/NOS_WS2812B_Strip.c ****     {
 131:Core/Src/NOS_LIB_Driver/Src/NOS_WS2812B_Strip.c ****         switch(strip->effects[i].effectId)
 132:Core/Src/NOS_LIB_Driver/Src/NOS_WS2812B_Strip.c ****         {
 133:Core/Src/NOS_LIB_Driver/Src/NOS_WS2812B_Strip.c ****             case EFFECT_BREATHE_ID:
 134:Core/Src/NOS_LIB_Driver/Src/NOS_WS2812B_Strip.c ****                 NOS_WS2812B_Strip_Effect_Breathe_Handler(strip,&strip->effects[i]);
 135:Core/Src/NOS_LIB_Driver/Src/NOS_WS2812B_Strip.c ****                 break;
 136:Core/Src/NOS_LIB_Driver/Src/NOS_WS2812B_Strip.c ****         }
 137:Core/Src/NOS_LIB_Driver/Src/NOS_WS2812B_Strip.c ****     }
 138:Core/Src/NOS_LIB_Driver/Src/NOS_WS2812B_Strip.c **** }
 139:Core/Src/NOS_LIB_Driver/Src/NOS_WS2812B_Strip.c **** 
 140:Core/Src/NOS_LIB_Driver/Src/NOS_WS2812B_Strip.c **** void NOS_WS2812B_Strip_Effect_Breathe_Handler(WS2812B_Strip* strip,Effect_Struct* effect)
 141:Core/Src/NOS_LIB_Driver/Src/NOS_WS2812B_Strip.c **** {
 793              		.loc 1 141 1 view -0
 794              		.cfi_startproc
 795              		@ args = 0, pretend = 0, frame = 0
 796              		@ frame_needed = 0, uses_anonymous_args = 0
 142:Core/Src/NOS_LIB_Driver/Src/NOS_WS2812B_Strip.c ****     if(strip != NULL)
 797              		.loc 1 142 5 view .LVU192
 798              		.loc 1 142 7 is_stmt 0 view .LVU193
 799 0000 D0B1     		cbz	r0, .L45
 141:Core/Src/NOS_LIB_Driver/Src/NOS_WS2812B_Strip.c ****     if(strip != NULL)
 800              		.loc 1 141 1 view .LVU194
 801 0002 38B5     		push	{r3, r4, r5, lr}
 802              		.cfi_def_cfa_offset 16
 803              		.cfi_offset 3, -16
 804              		.cfi_offset 4, -12
 805              		.cfi_offset 5, -8
 806              		.cfi_offset 14, -4
 807 0004 0C46     		mov	r4, r1
 808 0006 0546     		mov	r5, r0
 143:Core/Src/NOS_LIB_Driver/Src/NOS_WS2812B_Strip.c ****     {
 144:Core/Src/NOS_LIB_Driver/Src/NOS_WS2812B_Strip.c ****         if(effect != NULL)
 809              		.loc 1 144 9 is_stmt 1 view .LVU195
 810              		.loc 1 144 11 is_stmt 0 view .LVU196
 811 0008 41B1     		cbz	r1, .L41
 145:Core/Src/NOS_LIB_Driver/Src/NOS_WS2812B_Strip.c ****         {
 146:Core/Src/NOS_LIB_Driver/Src/NOS_WS2812B_Strip.c ****             if(effect->enabled)
ARM GAS  C:\Users\igorn\AppData\Local\Temp\ccxsBk6d.s 			page 18


 812              		.loc 1 146 13 is_stmt 1 view .LVU197
 813              		.loc 1 146 22 is_stmt 0 view .LVU198
 814 000a 0B7F     		ldrb	r3, [r1, #28]	@ zero_extendqisi2
 815              		.loc 1 146 15 view .LVU199
 816 000c 33B1     		cbz	r3, .L41
 147:Core/Src/NOS_LIB_Driver/Src/NOS_WS2812B_Strip.c ****             {
 148:Core/Src/NOS_LIB_Driver/Src/NOS_WS2812B_Strip.c ****                 if(effect->timer > effect->speed.data)
 817              		.loc 1 148 17 is_stmt 1 view .LVU200
 818              		.loc 1 148 26 is_stmt 0 view .LVU201
 819 000e 0A8B     		ldrh	r2, [r1, #24]
 820              		.loc 1 148 49 view .LVU202
 821 0010 8B8A     		ldrh	r3, [r1, #20]
 822              		.loc 1 148 19 view .LVU203
 823 0012 9A42     		cmp	r2, r3
 824 0014 03D8     		bhi	.L48
 825              	.LVL66:
 826              	.L43:
 149:Core/Src/NOS_LIB_Driver/Src/NOS_WS2812B_Strip.c ****                 {
 150:Core/Src/NOS_LIB_Driver/Src/NOS_WS2812B_Strip.c ****                     NOS_Math_SinValue_Handler(&effect->value);
 151:Core/Src/NOS_LIB_Driver/Src/NOS_WS2812B_Strip.c ****                     NOS_WS2812B_Strip_SetBright(strip,effect->value.value);
 152:Core/Src/NOS_LIB_Driver/Src/NOS_WS2812B_Strip.c ****                     NOS_WS2812B_Strip_Update(strip);
 153:Core/Src/NOS_LIB_Driver/Src/NOS_WS2812B_Strip.c ****                     effect->timer = 0;
 154:Core/Src/NOS_LIB_Driver/Src/NOS_WS2812B_Strip.c ****                 }
 155:Core/Src/NOS_LIB_Driver/Src/NOS_WS2812B_Strip.c ****                 effect->timer++;
 827              		.loc 1 155 17 is_stmt 1 view .LVU204
 828              		.loc 1 155 23 is_stmt 0 view .LVU205
 829 0016 238B     		ldrh	r3, [r4, #24]
 830              		.loc 1 155 30 view .LVU206
 831 0018 0133     		adds	r3, r3, #1
 832 001a 2383     		strh	r3, [r4, #24]	@ movhi
 833              	.L41:
 156:Core/Src/NOS_LIB_Driver/Src/NOS_WS2812B_Strip.c ****             }
 157:Core/Src/NOS_LIB_Driver/Src/NOS_WS2812B_Strip.c ****         }
 158:Core/Src/NOS_LIB_Driver/Src/NOS_WS2812B_Strip.c ****     }
 159:Core/Src/NOS_LIB_Driver/Src/NOS_WS2812B_Strip.c **** }
 834              		.loc 1 159 1 view .LVU207
 835 001c 38BD     		pop	{r3, r4, r5, pc}
 836              	.LVL67:
 837              	.L48:
 150:Core/Src/NOS_LIB_Driver/Src/NOS_WS2812B_Strip.c ****                     NOS_WS2812B_Strip_SetBright(strip,effect->value.value);
 838              		.loc 1 150 21 is_stmt 1 view .LVU208
 839 001e 0846     		mov	r0, r1
 840              	.LVL68:
 150:Core/Src/NOS_LIB_Driver/Src/NOS_WS2812B_Strip.c ****                     NOS_WS2812B_Strip_SetBright(strip,effect->value.value);
 841              		.loc 1 150 21 is_stmt 0 view .LVU209
 842 0020 FFF7FEFF 		bl	NOS_Math_SinValue_Handler
 843              	.LVL69:
 151:Core/Src/NOS_LIB_Driver/Src/NOS_WS2812B_Strip.c ****                     NOS_WS2812B_Strip_Update(strip);
 844              		.loc 1 151 21 is_stmt 1 view .LVU210
 845 0024 2178     		ldrb	r1, [r4]	@ zero_extendqisi2
 846 0026 2846     		mov	r0, r5
 847 0028 FFF7FEFF 		bl	NOS_WS2812B_Strip_SetBright
 848              	.LVL70:
 152:Core/Src/NOS_LIB_Driver/Src/NOS_WS2812B_Strip.c ****                     effect->timer = 0;
 849              		.loc 1 152 21 view .LVU211
 850 002c 2846     		mov	r0, r5
 851 002e FFF7FEFF 		bl	NOS_WS2812B_Strip_Update
ARM GAS  C:\Users\igorn\AppData\Local\Temp\ccxsBk6d.s 			page 19


 852              	.LVL71:
 153:Core/Src/NOS_LIB_Driver/Src/NOS_WS2812B_Strip.c ****                 }
 853              		.loc 1 153 21 view .LVU212
 153:Core/Src/NOS_LIB_Driver/Src/NOS_WS2812B_Strip.c ****                 }
 854              		.loc 1 153 35 is_stmt 0 view .LVU213
 855 0032 0023     		movs	r3, #0
 856 0034 2383     		strh	r3, [r4, #24]	@ movhi
 857 0036 EEE7     		b	.L43
 858              	.LVL72:
 859              	.L45:
 860              		.cfi_def_cfa_offset 0
 861              		.cfi_restore 3
 862              		.cfi_restore 4
 863              		.cfi_restore 5
 864              		.cfi_restore 14
 153:Core/Src/NOS_LIB_Driver/Src/NOS_WS2812B_Strip.c ****                 }
 865              		.loc 1 153 35 view .LVU214
 866 0038 7047     		bx	lr
 867              		.cfi_endproc
 868              	.LFE143:
 870              		.section	.text.NOS_WS2812B_Strip_Effects_Handler,"ax",%progbits
 871              		.align	1
 872              		.global	NOS_WS2812B_Strip_Effects_Handler
 873              		.syntax unified
 874              		.thumb
 875              		.thumb_func
 877              	NOS_WS2812B_Strip_Effects_Handler:
 878              	.LVL73:
 879              	.LFB142:
 128:Core/Src/NOS_LIB_Driver/Src/NOS_WS2812B_Strip.c ****     for(int i = 0; i < strip->effectsCounter; i++)
 880              		.loc 1 128 1 is_stmt 1 view -0
 881              		.cfi_startproc
 882              		@ args = 0, pretend = 0, frame = 0
 883              		@ frame_needed = 0, uses_anonymous_args = 0
 128:Core/Src/NOS_LIB_Driver/Src/NOS_WS2812B_Strip.c ****     for(int i = 0; i < strip->effectsCounter; i++)
 884              		.loc 1 128 1 is_stmt 0 view .LVU216
 885 0000 38B5     		push	{r3, r4, r5, lr}
 886              		.cfi_def_cfa_offset 16
 887              		.cfi_offset 3, -16
 888              		.cfi_offset 4, -12
 889              		.cfi_offset 5, -8
 890              		.cfi_offset 14, -4
 891 0002 0546     		mov	r5, r0
 129:Core/Src/NOS_LIB_Driver/Src/NOS_WS2812B_Strip.c ****     {
 892              		.loc 1 129 5 is_stmt 1 view .LVU217
 893              	.LBB6:
 129:Core/Src/NOS_LIB_Driver/Src/NOS_WS2812B_Strip.c ****     {
 894              		.loc 1 129 9 view .LVU218
 895              	.LVL74:
 129:Core/Src/NOS_LIB_Driver/Src/NOS_WS2812B_Strip.c ****     {
 896              		.loc 1 129 13 is_stmt 0 view .LVU219
 897 0004 0024     		movs	r4, #0
 129:Core/Src/NOS_LIB_Driver/Src/NOS_WS2812B_Strip.c ****     {
 898              		.loc 1 129 5 view .LVU220
 899 0006 00E0     		b	.L50
 900              	.LVL75:
 901              	.L51:
ARM GAS  C:\Users\igorn\AppData\Local\Temp\ccxsBk6d.s 			page 20


 129:Core/Src/NOS_LIB_Driver/Src/NOS_WS2812B_Strip.c ****     {
 902              		.loc 1 129 48 is_stmt 1 discriminator 2 view .LVU221
 903 0008 0134     		adds	r4, r4, #1
 904              	.LVL76:
 905              	.L50:
 129:Core/Src/NOS_LIB_Driver/Src/NOS_WS2812B_Strip.c ****     {
 906              		.loc 1 129 22 discriminator 1 view .LVU222
 129:Core/Src/NOS_LIB_Driver/Src/NOS_WS2812B_Strip.c ****     {
 907              		.loc 1 129 29 is_stmt 0 discriminator 1 view .LVU223
 908 000a 95F85031 		ldrb	r3, [r5, #336]	@ zero_extendqisi2
 129:Core/Src/NOS_LIB_Driver/Src/NOS_WS2812B_Strip.c ****     {
 909              		.loc 1 129 22 discriminator 1 view .LVU224
 910 000e A342     		cmp	r3, r4
 911 0010 0CDD     		ble	.L54
 131:Core/Src/NOS_LIB_Driver/Src/NOS_WS2812B_Strip.c ****         {
 912              		.loc 1 131 9 is_stmt 1 view .LVU225
 131:Core/Src/NOS_LIB_Driver/Src/NOS_WS2812B_Strip.c ****         {
 913              		.loc 1 131 33 is_stmt 0 view .LVU226
 914 0012 05EB4413 		add	r3, r5, r4, lsl #5
 915 0016 93F82D30 		ldrb	r3, [r3, #45]	@ zero_extendqisi2
 131:Core/Src/NOS_LIB_Driver/Src/NOS_WS2812B_Strip.c ****         {
 916              		.loc 1 131 9 view .LVU227
 917 001a 202B     		cmp	r3, #32
 918 001c F4D1     		bne	.L51
 134:Core/Src/NOS_LIB_Driver/Src/NOS_WS2812B_Strip.c ****                 break;
 919              		.loc 1 134 17 is_stmt 1 view .LVU228
 920 001e 6101     		lsls	r1, r4, #5
 921 0020 1031     		adds	r1, r1, #16
 922 0022 2944     		add	r1, r1, r5
 923 0024 2846     		mov	r0, r5
 924 0026 FFF7FEFF 		bl	NOS_WS2812B_Strip_Effect_Breathe_Handler
 925              	.LVL77:
 135:Core/Src/NOS_LIB_Driver/Src/NOS_WS2812B_Strip.c ****         }
 926              		.loc 1 135 17 view .LVU229
 927 002a EDE7     		b	.L51
 928              	.L54:
 929              	.LBE6:
 138:Core/Src/NOS_LIB_Driver/Src/NOS_WS2812B_Strip.c **** 
 930              		.loc 1 138 1 is_stmt 0 view .LVU230
 931 002c 38BD     		pop	{r3, r4, r5, pc}
 138:Core/Src/NOS_LIB_Driver/Src/NOS_WS2812B_Strip.c **** 
 932              		.loc 1 138 1 view .LVU231
 933              		.cfi_endproc
 934              	.LFE142:
 936              		.section	.text.NOS_WS2812B_Strip_Effects_UpdateEffect,"ax",%progbits
 937              		.align	1
 938              		.global	NOS_WS2812B_Strip_Effects_UpdateEffect
 939              		.syntax unified
 940              		.thumb
 941              		.thumb_func
 943              	NOS_WS2812B_Strip_Effects_UpdateEffect:
 944              	.LVL78:
 945              	.LFB144:
 160:Core/Src/NOS_LIB_Driver/Src/NOS_WS2812B_Strip.c **** 
 161:Core/Src/NOS_LIB_Driver/Src/NOS_WS2812B_Strip.c **** void NOS_WS2812B_Strip_Effects_UpdateEffect(WS2812B_Strip* strip,Effect_Struct effect,uint8_t pos)
 162:Core/Src/NOS_LIB_Driver/Src/NOS_WS2812B_Strip.c **** {
 946              		.loc 1 162 1 is_stmt 1 view -0
ARM GAS  C:\Users\igorn\AppData\Local\Temp\ccxsBk6d.s 			page 21


 947              		.cfi_startproc
 948              		@ args = 40, pretend = 16, frame = 0
 949              		@ frame_needed = 0, uses_anonymous_args = 0
 950              		.loc 1 162 1 is_stmt 0 view .LVU233
 951 0000 84B0     		sub	sp, sp, #16
 952              		.cfi_def_cfa_offset 16
 953 0002 00B5     		push	{lr}
 954              		.cfi_def_cfa_offset 20
 955              		.cfi_offset 14, -20
 956 0004 83B0     		sub	sp, sp, #12
 957              		.cfi_def_cfa_offset 32
 958 0006 0DF1140C 		add	ip, sp, #20
 959 000a 8CE80E00 		stm	ip, {r1, r2, r3}
 960 000e 9DF83430 		ldrb	r3, [sp, #52]	@ zero_extendqisi2
 163:Core/Src/NOS_LIB_Driver/Src/NOS_WS2812B_Strip.c ****     if(pos < EFFECTS_MAX_COUNT)
 961              		.loc 1 163 5 is_stmt 1 view .LVU234
 962              		.loc 1 163 7 is_stmt 0 view .LVU235
 963 0012 092B     		cmp	r3, #9
 964 0014 03D8     		bhi	.L55
 164:Core/Src/NOS_LIB_Driver/Src/NOS_WS2812B_Strip.c ****     {
 165:Core/Src/NOS_LIB_Driver/Src/NOS_WS2812B_Strip.c ****         switch(effect.effectId)
 965              		.loc 1 165 9 is_stmt 1 view .LVU236
 966              		.loc 1 165 22 is_stmt 0 view .LVU237
 967 0016 9DF83120 		ldrb	r2, [sp, #49]	@ zero_extendqisi2
 968              		.loc 1 165 9 view .LVU238
 969 001a 202A     		cmp	r2, #32
 970 001c 04D0     		beq	.L58
 971              	.LVL79:
 972              	.L55:
 166:Core/Src/NOS_LIB_Driver/Src/NOS_WS2812B_Strip.c ****         {
 167:Core/Src/NOS_LIB_Driver/Src/NOS_WS2812B_Strip.c ****             case EFFECT_BREATHE_ID:
 168:Core/Src/NOS_LIB_Driver/Src/NOS_WS2812B_Strip.c ****                 NOS_WS2812B_Strip_Effect_Breathe_Init(&strip->effects[pos],effect.speed.data,effect
 169:Core/Src/NOS_LIB_Driver/Src/NOS_WS2812B_Strip.c ****                 break;
 170:Core/Src/NOS_LIB_Driver/Src/NOS_WS2812B_Strip.c ****         }
 171:Core/Src/NOS_LIB_Driver/Src/NOS_WS2812B_Strip.c ****     }
 172:Core/Src/NOS_LIB_Driver/Src/NOS_WS2812B_Strip.c **** }
 973              		.loc 1 172 1 view .LVU239
 974 001e 03B0     		add	sp, sp, #12
 975              		.cfi_remember_state
 976              		.cfi_def_cfa_offset 20
 977              		@ sp needed
 978 0020 5DF804EB 		ldr	lr, [sp], #4
 979              		.cfi_restore 14
 980              		.cfi_def_cfa_offset 16
 981 0024 04B0     		add	sp, sp, #16
 982              		.cfi_def_cfa_offset 0
 983 0026 7047     		bx	lr
 984              	.LVL80:
 985              	.L58:
 986              		.cfi_restore_state
 168:Core/Src/NOS_LIB_Driver/Src/NOS_WS2812B_Strip.c ****                 break;
 987              		.loc 1 168 17 is_stmt 1 view .LVU240
 988 0028 5B01     		lsls	r3, r3, #5
 989 002a 03F1100C 		add	ip, r3, #16
 990 002e 9DF82F30 		ldrb	r3, [sp, #47]	@ zero_extendqisi2
 991 0032 0093     		str	r3, [sp]
 992 0034 9DF82E30 		ldrb	r3, [sp, #46]	@ zero_extendqisi2
ARM GAS  C:\Users\igorn\AppData\Local\Temp\ccxsBk6d.s 			page 22


 993 0038 BDF82A20 		ldrh	r2, [sp, #42]
 994 003c BDF82810 		ldrh	r1, [sp, #40]
 995 0040 6044     		add	r0, r0, ip
 996              	.LVL81:
 168:Core/Src/NOS_LIB_Driver/Src/NOS_WS2812B_Strip.c ****                 break;
 997              		.loc 1 168 17 is_stmt 0 view .LVU241
 998 0042 FFF7FEFF 		bl	NOS_WS2812B_Strip_Effect_Breathe_Init
 999              	.LVL82:
 169:Core/Src/NOS_LIB_Driver/Src/NOS_WS2812B_Strip.c ****         }
 1000              		.loc 1 169 17 is_stmt 1 view .LVU242
 1001              		.loc 1 172 1 is_stmt 0 view .LVU243
 1002 0046 EAE7     		b	.L55
 1003              		.cfi_endproc
 1004              	.LFE144:
 1006              		.text
 1007              	.Letext0:
 1008              		.file 2 "c:\\users\\igorn\\appdata\\roaming\\code\\user\\globalstorage\\bmd.stm32-for-vscode\\@xpa
 1009              		.file 3 "c:\\users\\igorn\\appdata\\roaming\\code\\user\\globalstorage\\bmd.stm32-for-vscode\\@xpa
 1010              		.file 4 "Core/Src/NOS_LIB_Driver/Inc/NOS_Typedefs.h"
 1011              		.file 5 "Core/Src/NOS_LIB_Driver/Inc/NOS_BaseColors.h"
 1012              		.file 6 "Core/Src/NOS_LIB_Driver/Inc/NOS_Math.h"
ARM GAS  C:\Users\igorn\AppData\Local\Temp\ccxsBk6d.s 			page 23


DEFINED SYMBOLS
                            *ABS*:00000000 NOS_WS2812B_Strip.c
C:\Users\igorn\AppData\Local\Temp\ccxsBk6d.s:21     .text.NOS_WS2812B_Strip_FullInit:00000000 $t
C:\Users\igorn\AppData\Local\Temp\ccxsBk6d.s:27     .text.NOS_WS2812B_Strip_FullInit:00000000 NOS_WS2812B_Strip_FullInit
C:\Users\igorn\AppData\Local\Temp\ccxsBk6d.s:60     .text.NOS_WS2812B_Strip_CoreSetPixel:00000000 $t
C:\Users\igorn\AppData\Local\Temp\ccxsBk6d.s:66     .text.NOS_WS2812B_Strip_CoreSetPixel:00000000 NOS_WS2812B_Strip_CoreSetPixel
C:\Users\igorn\AppData\Local\Temp\ccxsBk6d.s:127    .text.NOS_WS2812B_Strip_SetPixel:00000000 $t
C:\Users\igorn\AppData\Local\Temp\ccxsBk6d.s:133    .text.NOS_WS2812B_Strip_SetPixel:00000000 NOS_WS2812B_Strip_SetPixel
C:\Users\igorn\AppData\Local\Temp\ccxsBk6d.s:194    .text.NOS_WS2812B_Strip_Clear:00000000 $t
C:\Users\igorn\AppData\Local\Temp\ccxsBk6d.s:200    .text.NOS_WS2812B_Strip_Clear:00000000 NOS_WS2812B_Strip_Clear
C:\Users\igorn\AppData\Local\Temp\ccxsBk6d.s:255    .text.NOS_WS2812B_Strip_Update:00000000 $t
C:\Users\igorn\AppData\Local\Temp\ccxsBk6d.s:261    .text.NOS_WS2812B_Strip_Update:00000000 NOS_WS2812B_Strip_Update
C:\Users\igorn\AppData\Local\Temp\ccxsBk6d.s:380    .text.NOS_WS2812B_Strip_Update:00000090 $d
C:\Users\igorn\AppData\Local\Temp\ccxsBk6d.s:385    .text.NOS_WS2812B_Strip_ColorFill:00000000 $t
C:\Users\igorn\AppData\Local\Temp\ccxsBk6d.s:391    .text.NOS_WS2812B_Strip_ColorFill:00000000 NOS_WS2812B_Strip_ColorFill
C:\Users\igorn\AppData\Local\Temp\ccxsBk6d.s:448    .text.NOS_WS2812B_Strip_SetPixelByRGB:00000000 $t
C:\Users\igorn\AppData\Local\Temp\ccxsBk6d.s:454    .text.NOS_WS2812B_Strip_SetPixelByRGB:00000000 NOS_WS2812B_Strip_SetPixelByRGB
C:\Users\igorn\AppData\Local\Temp\ccxsBk6d.s:493    .text.NOS_WS2812B_Strip_SetPixelByPixelColor:00000000 $t
C:\Users\igorn\AppData\Local\Temp\ccxsBk6d.s:499    .text.NOS_WS2812B_Strip_SetPixelByPixelColor:00000000 NOS_WS2812B_Strip_SetPixelByPixelColor
C:\Users\igorn\AppData\Local\Temp\ccxsBk6d.s:529    .text.NOS_WS2812B_Strip_TestFill:00000000 $t
C:\Users\igorn\AppData\Local\Temp\ccxsBk6d.s:535    .text.NOS_WS2812B_Strip_TestFill:00000000 NOS_WS2812B_Strip_TestFill
C:\Users\igorn\AppData\Local\Temp\ccxsBk6d.s:614    .text.NOS_WS2812B_Strip_SetBright:00000000 $t
C:\Users\igorn\AppData\Local\Temp\ccxsBk6d.s:620    .text.NOS_WS2812B_Strip_SetBright:00000000 NOS_WS2812B_Strip_SetBright
C:\Users\igorn\AppData\Local\Temp\ccxsBk6d.s:637    .text.NOS_WS2812B_Strip_Effect_Breathe_Init:00000000 $t
C:\Users\igorn\AppData\Local\Temp\ccxsBk6d.s:643    .text.NOS_WS2812B_Strip_Effect_Breathe_Init:00000000 NOS_WS2812B_Strip_Effect_Breathe_Init
C:\Users\igorn\AppData\Local\Temp\ccxsBk6d.s:703    .text.NOS_WS2812B_Strip_Effects_AddEffect:00000000 $t
C:\Users\igorn\AppData\Local\Temp\ccxsBk6d.s:709    .text.NOS_WS2812B_Strip_Effects_AddEffect:00000000 NOS_WS2812B_Strip_Effects_AddEffect
C:\Users\igorn\AppData\Local\Temp\ccxsBk6d.s:784    .text.NOS_WS2812B_Strip_Effect_Breathe_Handler:00000000 $t
C:\Users\igorn\AppData\Local\Temp\ccxsBk6d.s:790    .text.NOS_WS2812B_Strip_Effect_Breathe_Handler:00000000 NOS_WS2812B_Strip_Effect_Breathe_Handler
C:\Users\igorn\AppData\Local\Temp\ccxsBk6d.s:871    .text.NOS_WS2812B_Strip_Effects_Handler:00000000 $t
C:\Users\igorn\AppData\Local\Temp\ccxsBk6d.s:877    .text.NOS_WS2812B_Strip_Effects_Handler:00000000 NOS_WS2812B_Strip_Effects_Handler
C:\Users\igorn\AppData\Local\Temp\ccxsBk6d.s:937    .text.NOS_WS2812B_Strip_Effects_UpdateEffect:00000000 $t
C:\Users\igorn\AppData\Local\Temp\ccxsBk6d.s:943    .text.NOS_WS2812B_Strip_Effects_UpdateEffect:00000000 NOS_WS2812B_Strip_Effects_UpdateEffect

UNDEFINED SYMBOLS
NOS_GetBaseColor
NOS_Math_SinValue_Init
NOS_Math_SinValue_Handler
